{"numFailedTestSuites":1,"numFailedTests":3,"numPassedTestSuites":10,"numPassedTests":128,"numPendingTestSuites":0,"numPendingTests":0,"numRuntimeErrorTestSuites":0,"numTodoTests":0,"numTotalTestSuites":11,"numTotalTests":131,"openHandles":[],"snapshot":{"added":0,"didUpdate":false,"failure":false,"filesAdded":0,"filesRemoved":0,"filesRemovedList":[],"filesUnmatched":0,"filesUpdated":0,"matched":0,"total":0,"unchecked":0,"uncheckedKeysByFile":[],"unmatched":0,"updated":0},"startTime":1773217925563,"success":false,"testResults":[{"assertionResults":[{"ancestorTitles":["AuthController Basic Tests"],"duration":17,"failureDetails":[],"failureMessages":[],"fullName":"AuthController Basic Tests should export controller functions","invocations":1,"location":null,"numPassingAsserts":1,"retryReasons":[],"status":"passed","title":"should export controller functions"},{"ancestorTitles":["AuthController Basic Tests"],"duration":2,"failureDetails":[],"failureMessages":[],"fullName":"AuthController Basic Tests should handle auth middleware","invocations":1,"location":null,"numPassingAsserts":1,"retryReasons":[],"status":"passed","title":"should handle auth middleware"}],"endTime":1773217929323,"message":"","name":"D:\\myfolder\\myproject\\testingndri\\backend\\src\\controllers\\__tests__\\authController.test.js","startTime":1773217926448,"status":"passed","summary":""},{"assertionResults":[{"ancestorTitles":["ScenarioController","createScenarioHandler"],"duration":38,"failureDetails":[],"failureMessages":[],"fullName":"ScenarioController createScenarioHandler should create a scenario","invocations":1,"location":null,"numPassingAsserts":4,"retryReasons":[],"status":"passed","title":"should create a scenario"},{"ancestorTitles":["ScenarioController","createScenarioHandler"],"duration":3,"failureDetails":[],"failureMessages":[],"fullName":"ScenarioController createScenarioHandler should call service with userId from request","invocations":1,"location":null,"numPassingAsserts":1,"retryReasons":[],"status":"passed","title":"should call service with userId from request"},{"ancestorTitles":["ScenarioController","createScenarioHandler"],"duration":2,"failureDetails":[],"failureMessages":[],"fullName":"ScenarioController createScenarioHandler should handle service errors","invocations":1,"location":null,"numPassingAsserts":1,"retryReasons":[],"status":"passed","title":"should handle service errors"},{"ancestorTitles":["ScenarioController","getScenarioListHandler"],"duration":2,"failureDetails":[],"failureMessages":[],"fullName":"ScenarioController getScenarioListHandler should list scenarios with default pagination","invocations":1,"location":null,"numPassingAsserts":4,"retryReasons":[],"status":"passed","title":"should list scenarios with default pagination"},{"ancestorTitles":["ScenarioController","getScenarioListHandler"],"duration":2,"failureDetails":[],"failureMessages":[],"fullName":"ScenarioController getScenarioListHandler should validate pagination parameters","invocations":1,"location":null,"numPassingAsserts":2,"retryReasons":[],"status":"passed","title":"should validate pagination parameters"},{"ancestorTitles":["ScenarioController","getScenarioListHandler"],"duration":1,"failureDetails":[],"failureMessages":[],"fullName":"ScenarioController getScenarioListHandler should reject take greater than 100","invocations":1,"location":null,"numPassingAsserts":1,"retryReasons":[],"status":"passed","title":"should reject take greater than 100"},{"ancestorTitles":["ScenarioController","getScenarioListHandler"],"duration":3,"failureDetails":[],"failureMessages":[],"fullName":"ScenarioController getScenarioListHandler should pass custom pagination to service","invocations":1,"location":null,"numPassingAsserts":1,"retryReasons":[],"status":"passed","title":"should pass custom pagination to service"},{"ancestorTitles":["ScenarioController","getScenarioListHandler"],"duration":2,"failureDetails":[],"failureMessages":[],"fullName":"ScenarioController getScenarioListHandler should include hasMore in pagination","invocations":1,"location":null,"numPassingAsserts":1,"retryReasons":[],"status":"passed","title":"should include hasMore in pagination"},{"ancestorTitles":["ScenarioController","getScenarioHandler"],"duration":2,"failureDetails":[],"failureMessages":[],"fullName":"ScenarioController getScenarioHandler should get scenario by id","invocations":1,"location":null,"numPassingAsserts":3,"retryReasons":[],"status":"passed","title":"should get scenario by id"},{"ancestorTitles":["ScenarioController","getScenarioHandler"],"duration":1,"failureDetails":[],"failureMessages":[],"fullName":"ScenarioController getScenarioHandler should pass userId to service","invocations":1,"location":null,"numPassingAsserts":1,"retryReasons":[],"status":"passed","title":"should pass userId to service"},{"ancestorTitles":["ScenarioController","getScenarioHandler"],"duration":1,"failureDetails":[],"failureMessages":[],"fullName":"ScenarioController getScenarioHandler should handle not found errors","invocations":1,"location":null,"numPassingAsserts":1,"retryReasons":[],"status":"passed","title":"should handle not found errors"},{"ancestorTitles":["ScenarioController","updateScenarioHandler"],"duration":1,"failureDetails":[],"failureMessages":[],"fullName":"ScenarioController updateScenarioHandler should update scenario","invocations":1,"location":null,"numPassingAsserts":2,"retryReasons":[],"status":"passed","title":"should update scenario"},{"ancestorTitles":["ScenarioController","updateScenarioHandler"],"duration":0,"failureDetails":[],"failureMessages":[],"fullName":"ScenarioController updateScenarioHandler should pass data to service correctly","invocations":1,"location":null,"numPassingAsserts":1,"retryReasons":[],"status":"passed","title":"should pass data to service correctly"},{"ancestorTitles":["ScenarioController","deleteScenarioHandler"],"duration":1,"failureDetails":[],"failureMessages":[],"fullName":"ScenarioController deleteScenarioHandler should delete scenario","invocations":1,"location":null,"numPassingAsserts":2,"retryReasons":[],"status":"passed","title":"should delete scenario"},{"ancestorTitles":["ScenarioController","deleteScenarioHandler"],"duration":1,"failureDetails":[],"failureMessages":[],"fullName":"ScenarioController deleteScenarioHandler should pass userId to service","invocations":1,"location":null,"numPassingAsserts":1,"retryReasons":[],"status":"passed","title":"should pass userId to service"},{"ancestorTitles":["ScenarioController","deleteScenarioHandler"],"duration":0,"failureDetails":[],"failureMessages":[],"fullName":"ScenarioController deleteScenarioHandler should handle service errors","invocations":1,"location":null,"numPassingAsserts":1,"retryReasons":[],"status":"passed","title":"should handle service errors"}],"endTime":1773217929340,"message":"","name":"D:\\myfolder\\myproject\\testingndri\\backend\\src\\controllers\\__tests__\\scenarioController.test.js","startTime":1773217926389,"status":"passed","summary":""},{"assertionResults":[{"ancestorTitles":["Password Utils","hashPassword"],"duration":30,"failureDetails":[],"failureMessages":[],"fullName":"Password Utils hashPassword should hash a password","invocations":1,"location":null,"numPassingAsserts":2,"retryReasons":[],"status":"passed","title":"should hash a password"},{"ancestorTitles":["Password Utils","hashPassword"],"duration":8,"failureDetails":[],"failureMessages":[],"fullName":"Password Utils hashPassword should use correct bcrypt rounds","invocations":1,"location":null,"numPassingAsserts":1,"retryReasons":[],"status":"passed","title":"should use correct bcrypt rounds"},{"ancestorTitles":["Password Utils","hashPassword"],"duration":10,"failureDetails":[],"failureMessages":[],"fullName":"Password Utils hashPassword should handle hashing errors","invocations":1,"location":null,"numPassingAsserts":1,"retryReasons":[],"status":"passed","title":"should handle hashing errors"},{"ancestorTitles":["Password Utils","comparePassword"],"duration":25,"failureDetails":[],"failureMessages":[],"fullName":"Password Utils comparePassword should compare matching passwords","invocations":1,"location":null,"numPassingAsserts":2,"retryReasons":[],"status":"passed","title":"should compare matching passwords"},{"ancestorTitles":["Password Utils","comparePassword"],"duration":1,"failureDetails":[],"failureMessages":[],"fullName":"Password Utils comparePassword should return false for non-matching passwords","invocations":1,"location":null,"numPassingAsserts":1,"retryReasons":[],"status":"passed","title":"should return false for non-matching passwords"},{"ancestorTitles":["Password Utils","comparePassword"],"duration":1,"failureDetails":[],"failureMessages":[],"fullName":"Password Utils comparePassword should handle comparison errors","invocations":1,"location":null,"numPassingAsserts":1,"retryReasons":[],"status":"passed","title":"should handle comparison errors"}],"endTime":1773217929499,"message":"","name":"D:\\myfolder\\myproject\\testingndri\\backend\\src\\utils\\__tests__\\password.test.js","startTime":1773217926482,"status":"passed","summary":""},{"assertionResults":[{"ancestorTitles":["Auth Middleware","authenticateToken"],"duration":22,"failureDetails":[],"failureMessages":[],"fullName":"Auth Middleware authenticateToken should authenticate with valid token","invocations":1,"location":null,"numPassingAsserts":3,"retryReasons":[],"status":"passed","title":"should authenticate with valid token"},{"ancestorTitles":["Auth Middleware","authenticateToken"],"duration":2,"failureDetails":[],"failureMessages":[],"fullName":"Auth Middleware authenticateToken should reject missing token","invocations":1,"location":null,"numPassingAsserts":3,"retryReasons":[],"status":"passed","title":"should reject missing token"},{"ancestorTitles":["Auth Middleware","authenticateToken"],"duration":2,"failureDetails":[],"failureMessages":[],"fullName":"Auth Middleware authenticateToken should reject invalid token","invocations":1,"location":null,"numPassingAsserts":2,"retryReasons":[],"status":"passed","title":"should reject invalid token"},{"ancestorTitles":["Auth Middleware","authenticateToken"],"duration":3,"failureDetails":[],"failureMessages":[],"fullName":"Auth Middleware authenticateToken should extract token from header","invocations":1,"location":null,"numPassingAsserts":1,"retryReasons":[],"status":"passed","title":"should extract token from header"},{"ancestorTitles":["Auth Middleware","optionalAuth"],"duration":1,"failureDetails":[],"failureMessages":[],"fullName":"Auth Middleware optionalAuth should set user if valid token provided","invocations":1,"location":null,"numPassingAsserts":2,"retryReasons":[],"status":"passed","title":"should set user if valid token provided"},{"ancestorTitles":["Auth Middleware","optionalAuth"],"duration":18,"failureDetails":[],"failureMessages":[],"fullName":"Auth Middleware optionalAuth should continue without token","invocations":1,"location":null,"numPassingAsserts":2,"retryReasons":[],"status":"passed","title":"should continue without token"},{"ancestorTitles":["Auth Middleware","optionalAuth"],"duration":1,"failureDetails":[],"failureMessages":[],"fullName":"Auth Middleware optionalAuth should not fail with invalid token","invocations":1,"location":null,"numPassingAsserts":2,"retryReasons":[],"status":"passed","title":"should not fail with invalid token"},{"ancestorTitles":["Auth Middleware","optionalAuth"],"duration":0,"failureDetails":[],"failureMessages":[],"fullName":"Auth Middleware optionalAuth should always call next","invocations":1,"location":null,"numPassingAsserts":1,"retryReasons":[],"status":"passed","title":"should always call next"},{"ancestorTitles":["Auth Middleware","errorHandler"],"duration":52,"failureDetails":[],"failureMessages":[],"fullName":"Auth Middleware errorHandler should handle JsonWebTokenError","invocations":1,"location":null,"numPassingAsserts":2,"retryReasons":[],"status":"passed","title":"should handle JsonWebTokenError"},{"ancestorTitles":["Auth Middleware","errorHandler"],"duration":11,"failureDetails":[],"failureMessages":[],"fullName":"Auth Middleware errorHandler should handle TokenExpiredError","invocations":1,"location":null,"numPassingAsserts":2,"retryReasons":[],"status":"passed","title":"should handle TokenExpiredError"},{"ancestorTitles":["Auth Middleware","errorHandler"],"duration":2,"failureDetails":[],"failureMessages":[],"fullName":"Auth Middleware errorHandler should handle generic errors with status","invocations":1,"location":null,"numPassingAsserts":1,"retryReasons":[],"status":"passed","title":"should handle generic errors with status"},{"ancestorTitles":["Auth Middleware","errorHandler"],"duration":38,"failureDetails":[],"failureMessages":[],"fullName":"Auth Middleware errorHandler should default to 500 status for unknown errors","invocations":1,"location":null,"numPassingAsserts":1,"retryReasons":[],"status":"passed","title":"should default to 500 status for unknown errors"},{"ancestorTitles":["Auth Middleware","errorHandler"],"duration":2,"failureDetails":[],"failureMessages":[],"fullName":"Auth Middleware errorHandler should always return success: false","invocations":1,"location":null,"numPassingAsserts":1,"retryReasons":[],"status":"passed","title":"should always return success: false"}],"endTime":1773217929528,"message":"","name":"D:\\myfolder\\myproject\\testingndri\\backend\\src\\middleware\\__tests__\\auth.test.js","startTime":1773217926279,"status":"passed","summary":""},{"assertionResults":[{"ancestorTitles":["JWT Utils","signToken"],"duration":26,"failureDetails":[],"failureMessages":[],"fullName":"JWT Utils signToken should sign a token with payload","invocations":1,"location":null,"numPassingAsserts":2,"retryReasons":[],"status":"passed","title":"should sign a token with payload"},{"ancestorTitles":["JWT Utils","signToken"],"duration":3,"failureDetails":[],"failureMessages":[],"fullName":"JWT Utils signToken should use correct payload","invocations":1,"location":null,"numPassingAsserts":1,"retryReasons":[],"status":"passed","title":"should use correct payload"},{"ancestorTitles":["JWT Utils","signToken"],"duration":2,"failureDetails":[],"failureMessages":[],"fullName":"JWT Utils signToken should use expiration time from env","invocations":1,"location":null,"numPassingAsserts":1,"retryReasons":[],"status":"passed","title":"should use expiration time from env"},{"ancestorTitles":["JWT Utils","verifyToken"],"duration":1,"failureDetails":[],"failureMessages":[],"fullName":"JWT Utils verifyToken should verify a valid token","invocations":1,"location":null,"numPassingAsserts":2,"retryReasons":[],"status":"passed","title":"should verify a valid token"},{"ancestorTitles":["JWT Utils","verifyToken"],"duration":1,"failureDetails":[{}],"failureMessages":["TypeError: _jsonwebtoken.default.verify.mockThrowValue is not a function\n    at Object.mockThrowValue (D:\\myfolder\\myproject\\testingndri\\backend\\src\\utils\\__tests__\\jwt.test.js:58:18)\n    at Promise.then.completed (D:\\myfolder\\myproject\\testingndri\\node_modules\\jest-circus\\build\\utils.js:298:28)\n    at new Promise (<anonymous>)\n    at callAsyncCircusFn (D:\\myfolder\\myproject\\testingndri\\node_modules\\jest-circus\\build\\utils.js:231:10)\n    at _callCircusTest (D:\\myfolder\\myproject\\testingndri\\node_modules\\jest-circus\\build\\run.js:316:40)\n    at processTicksAndRejections (node:internal/process/task_queues:105:5)\n    at _runTest (D:\\myfolder\\myproject\\testingndri\\node_modules\\jest-circus\\build\\run.js:252:3)\n    at _runTestsForDescribeBlock (D:\\myfolder\\myproject\\testingndri\\node_modules\\jest-circus\\build\\run.js:126:9)\n    at _runTestsForDescribeBlock (D:\\myfolder\\myproject\\testingndri\\node_modules\\jest-circus\\build\\run.js:121:9)\n    at _runTestsForDescribeBlock (D:\\myfolder\\myproject\\testingndri\\node_modules\\jest-circus\\build\\run.js:121:9)\n    at run (D:\\myfolder\\myproject\\testingndri\\node_modules\\jest-circus\\build\\run.js:71:3)\n    at runAndTransformResultsToJestFormat (D:\\myfolder\\myproject\\testingndri\\node_modules\\jest-circus\\build\\legacy-code-todo-rewrite\\jestAdapterInit.js:122:21)\n    at jestAdapter (D:\\myfolder\\myproject\\testingndri\\node_modules\\jest-circus\\build\\legacy-code-todo-rewrite\\jestAdapter.js:79:19)\n    at runTestInternal (D:\\myfolder\\myproject\\testingndri\\node_modules\\jest-runner\\build\\runTest.js:367:16)\n    at runTest (D:\\myfolder\\myproject\\testingndri\\node_modules\\jest-runner\\build\\runTest.js:444:34)\n    at Object.worker (D:\\myfolder\\myproject\\testingndri\\node_modules\\jest-runner\\build\\testWorker.js:106:12)"],"fullName":"JWT Utils verifyToken should return null for invalid token","invocations":1,"location":null,"numPassingAsserts":0,"retryReasons":[],"status":"failed","title":"should return null for invalid token"},{"ancestorTitles":["JWT Utils","verifyToken"],"duration":0,"failureDetails":[{}],"failureMessages":["TypeError: _jsonwebtoken.default.verify.mockThrowValue is not a function\n    at Object.mockThrowValue (D:\\myfolder\\myproject\\testingndri\\backend\\src\\utils\\__tests__\\jwt.test.js:66:18)\n    at Promise.then.completed (D:\\myfolder\\myproject\\testingndri\\node_modules\\jest-circus\\build\\utils.js:298:28)\n    at new Promise (<anonymous>)\n    at callAsyncCircusFn (D:\\myfolder\\myproject\\testingndri\\node_modules\\jest-circus\\build\\utils.js:231:10)\n    at _callCircusTest (D:\\myfolder\\myproject\\testingndri\\node_modules\\jest-circus\\build\\run.js:316:40)\n    at processTicksAndRejections (node:internal/process/task_queues:105:5)\n    at _runTest (D:\\myfolder\\myproject\\testingndri\\node_modules\\jest-circus\\build\\run.js:252:3)\n    at _runTestsForDescribeBlock (D:\\myfolder\\myproject\\testingndri\\node_modules\\jest-circus\\build\\run.js:126:9)\n    at _runTestsForDescribeBlock (D:\\myfolder\\myproject\\testingndri\\node_modules\\jest-circus\\build\\run.js:121:9)\n    at _runTestsForDescribeBlock (D:\\myfolder\\myproject\\testingndri\\node_modules\\jest-circus\\build\\run.js:121:9)\n    at run (D:\\myfolder\\myproject\\testingndri\\node_modules\\jest-circus\\build\\run.js:71:3)\n    at runAndTransformResultsToJestFormat (D:\\myfolder\\myproject\\testingndri\\node_modules\\jest-circus\\build\\legacy-code-todo-rewrite\\jestAdapterInit.js:122:21)\n    at jestAdapter (D:\\myfolder\\myproject\\testingndri\\node_modules\\jest-circus\\build\\legacy-code-todo-rewrite\\jestAdapter.js:79:19)\n    at runTestInternal (D:\\myfolder\\myproject\\testingndri\\node_modules\\jest-runner\\build\\runTest.js:367:16)\n    at runTest (D:\\myfolder\\myproject\\testingndri\\node_modules\\jest-runner\\build\\runTest.js:444:34)\n    at Object.worker (D:\\myfolder\\myproject\\testingndri\\node_modules\\jest-runner\\build\\testWorker.js:106:12)"],"fullName":"JWT Utils verifyToken should return null for expired token","invocations":1,"location":null,"numPassingAsserts":0,"retryReasons":[],"status":"failed","title":"should return null for expired token"},{"ancestorTitles":["JWT Utils","verifyToken"],"duration":1,"failureDetails":[],"failureMessages":[],"fullName":"JWT Utils verifyToken should use correct secret","invocations":1,"location":null,"numPassingAsserts":1,"retryReasons":[],"status":"passed","title":"should use correct secret"},{"ancestorTitles":["JWT Utils","decodeToken"],"duration":2,"failureDetails":[],"failureMessages":[],"fullName":"JWT Utils decodeToken should decode a token without verification","invocations":1,"location":null,"numPassingAsserts":2,"retryReasons":[],"status":"passed","title":"should decode a token without verification"},{"ancestorTitles":["JWT Utils","decodeToken"],"duration":0,"failureDetails":[{}],"failureMessages":["TypeError: _jsonwebtoken.default.decode.mockThrowValue is not a function\n    at Object.mockThrowValue (D:\\myfolder\\myproject\\testingndri\\backend\\src\\utils\\__tests__\\jwt.test.js:96:18)\n    at Promise.then.completed (D:\\myfolder\\myproject\\testingndri\\node_modules\\jest-circus\\build\\utils.js:298:28)\n    at new Promise (<anonymous>)\n    at callAsyncCircusFn (D:\\myfolder\\myproject\\testingndri\\node_modules\\jest-circus\\build\\utils.js:231:10)\n    at _callCircusTest (D:\\myfolder\\myproject\\testingndri\\node_modules\\jest-circus\\build\\run.js:316:40)\n    at processTicksAndRejections (node:internal/process/task_queues:105:5)\n    at _runTest (D:\\myfolder\\myproject\\testingndri\\node_modules\\jest-circus\\build\\run.js:252:3)\n    at _runTestsForDescribeBlock (D:\\myfolder\\myproject\\testingndri\\node_modules\\jest-circus\\build\\run.js:126:9)\n    at _runTestsForDescribeBlock (D:\\myfolder\\myproject\\testingndri\\node_modules\\jest-circus\\build\\run.js:121:9)\n    at _runTestsForDescribeBlock (D:\\myfolder\\myproject\\testingndri\\node_modules\\jest-circus\\build\\run.js:121:9)\n    at run (D:\\myfolder\\myproject\\testingndri\\node_modules\\jest-circus\\build\\run.js:71:3)\n    at runAndTransformResultsToJestFormat (D:\\myfolder\\myproject\\testingndri\\node_modules\\jest-circus\\build\\legacy-code-todo-rewrite\\jestAdapterInit.js:122:21)\n    at jestAdapter (D:\\myfolder\\myproject\\testingndri\\node_modules\\jest-circus\\build\\legacy-code-todo-rewrite\\jestAdapter.js:79:19)\n    at runTestInternal (D:\\myfolder\\myproject\\testingndri\\node_modules\\jest-runner\\build\\runTest.js:367:16)\n    at runTest (D:\\myfolder\\myproject\\testingndri\\node_modules\\jest-runner\\build\\runTest.js:444:34)\n    at Object.worker (D:\\myfolder\\myproject\\testingndri\\node_modules\\jest-runner\\build\\testWorker.js:106:12)"],"fullName":"JWT Utils decodeToken should return null for invalid token","invocations":1,"location":null,"numPassingAsserts":0,"retryReasons":[],"status":"failed","title":"should return null for invalid token"},{"ancestorTitles":["JWT Utils","decodeToken"],"duration":2,"failureDetails":[],"failureMessages":[],"fullName":"JWT Utils decodeToken should not verify signature","invocations":1,"location":null,"numPassingAsserts":2,"retryReasons":[],"status":"passed","title":"should not verify signature"},{"ancestorTitles":["JWT Utils","extractToken"],"duration":1,"failureDetails":[],"failureMessages":[],"fullName":"JWT Utils extractToken should extract token from Bearer header","invocations":1,"location":null,"numPassingAsserts":1,"retryReasons":[],"status":"passed","title":"should extract token from Bearer header"},{"ancestorTitles":["JWT Utils","extractToken"],"duration":1,"failureDetails":[],"failureMessages":[],"fullName":"JWT Utils extractToken should return null for missing Bearer prefix","invocations":1,"location":null,"numPassingAsserts":1,"retryReasons":[],"status":"passed","title":"should return null for missing Bearer prefix"},{"ancestorTitles":["JWT Utils","extractToken"],"duration":0,"failureDetails":[],"failureMessages":[],"fullName":"JWT Utils extractToken should return null for missing auth header","invocations":1,"location":null,"numPassingAsserts":1,"retryReasons":[],"status":"passed","title":"should return null for missing auth header"},{"ancestorTitles":["JWT Utils","extractToken"],"duration":1,"failureDetails":[],"failureMessages":[],"fullName":"JWT Utils extractToken should return null for empty string","invocations":1,"location":null,"numPassingAsserts":1,"retryReasons":[],"status":"passed","title":"should return null for empty string"},{"ancestorTitles":["JWT Utils","extractToken"],"duration":0,"failureDetails":[],"failureMessages":[],"fullName":"JWT Utils extractToken should handle whitespace in bearer","invocations":1,"location":null,"numPassingAsserts":1,"retryReasons":[],"status":"passed","title":"should handle whitespace in bearer"}],"endTime":1773217929560,"message":"  ● JWT Utils › verifyToken › should return null for invalid token\n\n    TypeError: _jsonwebtoken.default.verify.mockThrowValue is not a function\n\n    \u001b[0m \u001b[90m 56 |\u001b[39m\n     \u001b[90m 57 |\u001b[39m     it(\u001b[32m'should return null for invalid token'\u001b[39m\u001b[33m,\u001b[39m () \u001b[33m=>\u001b[39m {\n    \u001b[31m\u001b[1m>\u001b[22m\u001b[39m\u001b[90m 58 |\u001b[39m       jwt\u001b[33m.\u001b[39mverify\u001b[33m.\u001b[39mmockThrowValue(\u001b[36mnew\u001b[39m \u001b[33mError\u001b[39m(\u001b[32m'Invalid token'\u001b[39m))\n     \u001b[90m    |\u001b[39m                  \u001b[31m\u001b[1m^\u001b[22m\u001b[39m\n     \u001b[90m 59 |\u001b[39m\n     \u001b[90m 60 |\u001b[39m       \u001b[36mconst\u001b[39m result \u001b[33m=\u001b[39m verifyToken(\u001b[32m'bad-token'\u001b[39m)\n     \u001b[90m 61 |\u001b[39m\u001b[0m\n\n      at Object.mockThrowValue (src/utils/__tests__/jwt.test.js:58:18)\n\n  ● JWT Utils › verifyToken › should return null for expired token\n\n    TypeError: _jsonwebtoken.default.verify.mockThrowValue is not a function\n\n    \u001b[0m \u001b[90m 64 |\u001b[39m\n     \u001b[90m 65 |\u001b[39m     it(\u001b[32m'should return null for expired token'\u001b[39m\u001b[33m,\u001b[39m () \u001b[33m=>\u001b[39m {\n    \u001b[31m\u001b[1m>\u001b[22m\u001b[39m\u001b[90m 66 |\u001b[39m       jwt\u001b[33m.\u001b[39mverify\u001b[33m.\u001b[39mmockThrowValue(\u001b[36mnew\u001b[39m \u001b[33mError\u001b[39m(\u001b[32m'Token expired'\u001b[39m))\n     \u001b[90m    |\u001b[39m                  \u001b[31m\u001b[1m^\u001b[22m\u001b[39m\n     \u001b[90m 67 |\u001b[39m\n     \u001b[90m 68 |\u001b[39m       \u001b[36mconst\u001b[39m result \u001b[33m=\u001b[39m verifyToken(\u001b[32m'expired-token'\u001b[39m)\n     \u001b[90m 69 |\u001b[39m\u001b[0m\n\n      at Object.mockThrowValue (src/utils/__tests__/jwt.test.js:66:18)\n\n  ● JWT Utils › decodeToken › should return null for invalid token\n\n    TypeError: _jsonwebtoken.default.decode.mockThrowValue is not a function\n\n    \u001b[0m \u001b[90m 94 |\u001b[39m\n     \u001b[90m 95 |\u001b[39m     it(\u001b[32m'should return null for invalid token'\u001b[39m\u001b[33m,\u001b[39m () \u001b[33m=>\u001b[39m {\n    \u001b[31m\u001b[1m>\u001b[22m\u001b[39m\u001b[90m 96 |\u001b[39m       jwt\u001b[33m.\u001b[39mdecode\u001b[33m.\u001b[39mmockThrowValue(\u001b[36mnew\u001b[39m \u001b[33mError\u001b[39m(\u001b[32m'Decode error'\u001b[39m))\n     \u001b[90m    |\u001b[39m                  \u001b[31m\u001b[1m^\u001b[22m\u001b[39m\n     \u001b[90m 97 |\u001b[39m\n     \u001b[90m 98 |\u001b[39m       \u001b[36mconst\u001b[39m result \u001b[33m=\u001b[39m decodeToken(\u001b[32m'bad-token'\u001b[39m)\n     \u001b[90m 99 |\u001b[39m\u001b[0m\n\n      at Object.mockThrowValue (src/utils/__tests__/jwt.test.js:96:18)\n","name":"D:\\myfolder\\myproject\\testingndri\\backend\\src\\utils\\__tests__\\jwt.test.js","startTime":1773217926220,"status":"failed","summary":""},{"assertionResults":[{"ancestorTitles":["Debug Mock"],"duration":43,"failureDetails":[],"failureMessages":[],"fullName":"Debug Mock should show what prisma is","invocations":1,"location":null,"numPassingAsserts":1,"retryReasons":[],"status":"passed","title":"should show what prisma is"},{"ancestorTitles":["Debug Mock"],"duration":2,"failureDetails":[],"failureMessages":[],"fullName":"Debug Mock should allow mocking","invocations":1,"location":null,"numPassingAsserts":1,"retryReasons":[],"status":"passed","title":"should allow mocking"},{"ancestorTitles":["Debug Mock"],"duration":5,"failureDetails":[],"failureMessages":[],"fullName":"Debug Mock should call mocked function","invocations":1,"location":null,"numPassingAsserts":2,"retryReasons":[],"status":"passed","title":"should call mocked function"},{"ancestorTitles":["Debug Mock"],"duration":7,"failureDetails":[],"failureMessages":[],"fullName":"Debug Mock should work with actual service","invocations":1,"location":null,"numPassingAsserts":2,"retryReasons":[],"status":"passed","title":"should work with actual service"}],"endTime":1773217929736,"message":"","name":"D:\\myfolder\\myproject\\testingndri\\backend\\src\\services\\__tests__\\debug-mock.test.js","startTime":1773217929338,"status":"passed","summary":""},{"assertionResults":[{"ancestorTitles":["Basic Jest Setup"],"duration":1,"failureDetails":[],"failureMessages":[],"fullName":"Basic Jest Setup should allow jest.fn() to work","invocations":1,"location":null,"numPassingAsserts":1,"retryReasons":[],"status":"passed","title":"should allow jest.fn() to work"},{"ancestorTitles":["Basic Jest Setup"],"duration":2,"failureDetails":[],"failureMessages":[],"fullName":"Basic Jest Setup should allow jest.fn() with promises","invocations":1,"location":null,"numPassingAsserts":1,"retryReasons":[],"status":"passed","title":"should allow jest.fn() with promises"},{"ancestorTitles":["Basic Jest Setup"],"duration":1,"failureDetails":[],"failureMessages":[],"fullName":"Basic Jest Setup should allow jest.fn().toHaveBeenCalled","invocations":1,"location":null,"numPassingAsserts":1,"retryReasons":[],"status":"passed","title":"should allow jest.fn().toHaveBeenCalled"},{"ancestorTitles":["Basic Jest Setup"],"duration":1,"failureDetails":[],"failureMessages":[],"fullName":"Basic Jest Setup should verify mocks persist in beforeEach","invocations":1,"location":null,"numPassingAsserts":1,"retryReasons":[],"status":"passed","title":"should verify mocks persist in beforeEach"},{"ancestorTitles":["With beforeEach Reset"],"duration":1,"failureDetails":[],"failureMessages":[],"fullName":"With beforeEach Reset test 1 - mock should work","invocations":1,"location":null,"numPassingAsserts":2,"retryReasons":[],"status":"passed","title":"test 1 - mock should work"},{"ancestorTitles":["With beforeEach Reset"],"duration":1,"failureDetails":[],"failureMessages":[],"fullName":"With beforeEach Reset test 2 - mock should be reset","invocations":1,"location":null,"numPassingAsserts":2,"retryReasons":[],"status":"passed","title":"test 2 - mock should be reset"}],"endTime":1773217929798,"message":"","name":"D:\\myfolder\\myproject\\testingndri\\backend\\src\\services\\__tests__\\basic-setup.test.js","startTime":1773217929588,"status":"passed","summary":""},{"assertionResults":[{"ancestorTitles":["QaseService - Comprehensive Business Logic Testing","Function Exports"],"duration":2,"failureDetails":[],"failureMessages":[],"fullName":"QaseService - Comprehensive Business Logic Testing Function Exports should export saveQaseCredentials function","invocations":1,"location":null,"numPassingAsserts":1,"retryReasons":[],"status":"passed","title":"should export saveQaseCredentials function"},{"ancestorTitles":["QaseService - Comprehensive Business Logic Testing","Function Exports"],"duration":1,"failureDetails":[],"failureMessages":[],"fullName":"QaseService - Comprehensive Business Logic Testing Function Exports should export getQaseIntegration function","invocations":1,"location":null,"numPassingAsserts":1,"retryReasons":[],"status":"passed","title":"should export getQaseIntegration function"},{"ancestorTitles":["QaseService - Comprehensive Business Logic Testing","Function Exports"],"duration":0,"failureDetails":[],"failureMessages":[],"fullName":"QaseService - Comprehensive Business Logic Testing Function Exports should export syncTestCasesFromQase function","invocations":1,"location":null,"numPassingAsserts":1,"retryReasons":[],"status":"passed","title":"should export syncTestCasesFromQase function"},{"ancestorTitles":["QaseService - Comprehensive Business Logic Testing","Function Exports"],"duration":1,"failureDetails":[],"failureMessages":[],"fullName":"QaseService - Comprehensive Business Logic Testing Function Exports should export syncScenarioToQase function","invocations":1,"location":null,"numPassingAsserts":1,"retryReasons":[],"status":"passed","title":"should export syncScenarioToQase function"},{"ancestorTitles":["QaseService - Comprehensive Business Logic Testing","saveQaseCredentials - Credential Management"],"duration":165,"failureDetails":[],"failureMessages":[],"fullName":"QaseService - Comprehensive Business Logic Testing saveQaseCredentials - Credential Management should validate input parameters","invocations":1,"location":null,"numPassingAsserts":1,"retryReasons":[],"status":"passed","title":"should validate input parameters"},{"ancestorTitles":["QaseService - Comprehensive Business Logic Testing","saveQaseCredentials - Credential Management"],"duration":2,"failureDetails":[],"failureMessages":[],"fullName":"QaseService - Comprehensive Business Logic Testing saveQaseCredentials - Credential Management should reject empty project code","invocations":1,"location":null,"numPassingAsserts":1,"retryReasons":[],"status":"passed","title":"should reject empty project code"},{"ancestorTitles":["QaseService - Comprehensive Business Logic Testing","saveQaseCredentials - Credential Management"],"duration":1,"failureDetails":[],"failureMessages":[],"fullName":"QaseService - Comprehensive Business Logic Testing saveQaseCredentials - Credential Management should require user ID","invocations":1,"location":null,"numPassingAsserts":0,"retryReasons":[],"status":"passed","title":"should require user ID"},{"ancestorTitles":["QaseService - Comprehensive Business Logic Testing","getQaseIntegration - Retrieval"],"duration":2,"failureDetails":[],"failureMessages":[],"fullName":"QaseService - Comprehensive Business Logic Testing getQaseIntegration - Retrieval should retrieve integration settings","invocations":1,"location":null,"numPassingAsserts":2,"retryReasons":[],"status":"passed","title":"should retrieve integration settings"},{"ancestorTitles":["QaseService - Comprehensive Business Logic Testing","getQaseIntegration - Retrieval"],"duration":2,"failureDetails":[],"failureMessages":[],"fullName":"QaseService - Comprehensive Business Logic Testing getQaseIntegration - Retrieval should return null if not found","invocations":1,"location":null,"numPassingAsserts":1,"retryReasons":[],"status":"passed","title":"should return null if not found"},{"ancestorTitles":["QaseService - Comprehensive Business Logic Testing","getQaseIntegration - Retrieval"],"duration":1,"failureDetails":[],"failureMessages":[],"fullName":"QaseService - Comprehensive Business Logic Testing getQaseIntegration - Retrieval should handle database errors","invocations":1,"location":null,"numPassingAsserts":1,"retryReasons":[],"status":"passed","title":"should handle database errors"},{"ancestorTitles":["QaseService - Comprehensive Business Logic Testing","syncTestCasesFromQase - Synchronization"],"duration":2,"failureDetails":[],"failureMessages":[],"fullName":"QaseService - Comprehensive Business Logic Testing syncTestCasesFromQase - Synchronization should require integration to be configured","invocations":1,"location":null,"numPassingAsserts":1,"retryReasons":[],"status":"passed","title":"should require integration to be configured"},{"ancestorTitles":["QaseService - Comprehensive Business Logic Testing","syncTestCasesFromQase - Synchronization"],"duration":2,"failureDetails":[],"failureMessages":[],"fullName":"QaseService - Comprehensive Business Logic Testing syncTestCasesFromQase - Synchronization should handle invalid credentials gracefully","invocations":1,"location":null,"numPassingAsserts":0,"retryReasons":[],"status":"passed","title":"should handle invalid credentials gracefully"},{"ancestorTitles":["QaseService - Comprehensive Business Logic Testing","syncTestCasesFromQase - Synchronization"],"duration":1,"failureDetails":[],"failureMessages":[],"fullName":"QaseService - Comprehensive Business Logic Testing syncTestCasesFromQase - Synchronization should attempt to delete old test cases before sync","invocations":1,"location":null,"numPassingAsserts":0,"retryReasons":[],"status":"passed","title":"should attempt to delete old test cases before sync"},{"ancestorTitles":["QaseService - Comprehensive Business Logic Testing","Error Handling and Edge Cases"],"duration":1,"failureDetails":[],"failureMessages":[],"fullName":"QaseService - Comprehensive Business Logic Testing Error Handling and Edge Cases should handle sync errors gracefully","invocations":1,"location":null,"numPassingAsserts":0,"retryReasons":[],"status":"passed","title":"should handle sync errors gracefully"},{"ancestorTitles":["QaseService - Comprehensive Business Logic Testing","Error Handling and Edge Cases"],"duration":1,"failureDetails":[],"failureMessages":[],"fullName":"QaseService - Comprehensive Business Logic Testing Error Handling and Edge Cases should handle invalid credentials","invocations":1,"location":null,"numPassingAsserts":0,"retryReasons":[],"status":"passed","title":"should handle invalid credentials"}],"endTime":1773217929953,"message":"","name":"D:\\myfolder\\myproject\\testingndri\\backend\\src\\services\\__tests__\\qaseService.comprehensive.test.js","startTime":1773217929513,"status":"passed","summary":""},{"assertionResults":[{"ancestorTitles":["ScenarioService - Comprehensive Business Logic Testing","createScenario"],"duration":5,"failureDetails":[],"failureMessages":[],"fullName":"ScenarioService - Comprehensive Business Logic Testing createScenario should successfully create a scenario with valid data","invocations":1,"location":null,"numPassingAsserts":3,"retryReasons":[],"status":"passed","title":"should successfully create a scenario with valid data"},{"ancestorTitles":["ScenarioService - Comprehensive Business Logic Testing","createScenario"],"duration":180,"failureDetails":[],"failureMessages":[],"fullName":"ScenarioService - Comprehensive Business Logic Testing createScenario should reject empty name","invocations":1,"location":null,"numPassingAsserts":1,"retryReasons":[],"status":"passed","title":"should reject empty name"},{"ancestorTitles":["ScenarioService - Comprehensive Business Logic Testing","createScenario"],"duration":4,"failureDetails":[],"failureMessages":[],"fullName":"ScenarioService - Comprehensive Business Logic Testing createScenario should reject empty URL","invocations":1,"location":null,"numPassingAsserts":1,"retryReasons":[],"status":"passed","title":"should reject empty URL"},{"ancestorTitles":["ScenarioService - Comprehensive Business Logic Testing","createScenario"],"duration":5,"failureDetails":[],"failureMessages":[],"fullName":"ScenarioService - Comprehensive Business Logic Testing createScenario should reject invalid URL format","invocations":1,"location":null,"numPassingAsserts":1,"retryReasons":[],"status":"passed","title":"should reject invalid URL format"},{"ancestorTitles":["ScenarioService - Comprehensive Business Logic Testing","createScenario"],"duration":3,"failureDetails":[],"failureMessages":[],"fullName":"ScenarioService - Comprehensive Business Logic Testing createScenario should accept https URLs","invocations":1,"location":null,"numPassingAsserts":2,"retryReasons":[],"status":"passed","title":"should accept https URLs"},{"ancestorTitles":["ScenarioService - Comprehensive Business Logic Testing","createScenario"],"duration":2,"failureDetails":[],"failureMessages":[],"fullName":"ScenarioService - Comprehensive Business Logic Testing createScenario should accept http URLs","invocations":1,"location":null,"numPassingAsserts":1,"retryReasons":[],"status":"passed","title":"should accept http URLs"},{"ancestorTitles":["ScenarioService - Comprehensive Business Logic Testing","createScenario"],"duration":4,"failureDetails":[],"failureMessages":[],"fullName":"ScenarioService - Comprehensive Business Logic Testing createScenario should handle database errors gracefully","invocations":1,"location":null,"numPassingAsserts":1,"retryReasons":[],"status":"passed","title":"should handle database errors gracefully"},{"ancestorTitles":["ScenarioService - Comprehensive Business Logic Testing","getUserScenarios"],"duration":3,"failureDetails":[],"failureMessages":[],"fullName":"ScenarioService - Comprehensive Business Logic Testing getUserScenarios should retrieve scenarios with pagination","invocations":1,"location":null,"numPassingAsserts":3,"retryReasons":[],"status":"passed","title":"should retrieve scenarios with pagination"},{"ancestorTitles":["ScenarioService - Comprehensive Business Logic Testing","getUserScenarios"],"duration":3,"failureDetails":[],"failureMessages":[],"fullName":"ScenarioService - Comprehensive Business Logic Testing getUserScenarios should use default pagination values","invocations":1,"location":null,"numPassingAsserts":1,"retryReasons":[],"status":"passed","title":"should use default pagination values"},{"ancestorTitles":["ScenarioService - Comprehensive Business Logic Testing","getUserScenarios"],"duration":1,"failureDetails":[],"failureMessages":[],"fullName":"ScenarioService - Comprehensive Business Logic Testing getUserScenarios should support custom ordering","invocations":1,"location":null,"numPassingAsserts":1,"retryReasons":[],"status":"passed","title":"should support custom ordering"},{"ancestorTitles":["ScenarioService - Comprehensive Business Logic Testing","getUserScenarios"],"duration":1,"failureDetails":[],"failureMessages":[],"fullName":"ScenarioService - Comprehensive Business Logic Testing getUserScenarios should handle database errors","invocations":1,"location":null,"numPassingAsserts":1,"retryReasons":[],"status":"passed","title":"should handle database errors"},{"ancestorTitles":["ScenarioService - Comprehensive Business Logic Testing","getScenarioById"],"duration":1,"failureDetails":[],"failureMessages":[],"fullName":"ScenarioService - Comprehensive Business Logic Testing getScenarioById should retrieve scenario with steps","invocations":1,"location":null,"numPassingAsserts":2,"retryReasons":[],"status":"passed","title":"should retrieve scenario with steps"},{"ancestorTitles":["ScenarioService - Comprehensive Business Logic Testing","getScenarioById"],"duration":2,"failureDetails":[],"failureMessages":[],"fullName":"ScenarioService - Comprehensive Business Logic Testing getScenarioById should throw error if scenario not found","invocations":1,"location":null,"numPassingAsserts":1,"retryReasons":[],"status":"passed","title":"should throw error if scenario not found"},{"ancestorTitles":["ScenarioService - Comprehensive Business Logic Testing","getScenarioById"],"duration":1,"failureDetails":[],"failureMessages":[],"fullName":"ScenarioService - Comprehensive Business Logic Testing getScenarioById should throw error on unauthorized access","invocations":1,"location":null,"numPassingAsserts":1,"retryReasons":[],"status":"passed","title":"should throw error on unauthorized access"},{"ancestorTitles":["ScenarioService - Comprehensive Business Logic Testing","getScenarioById"],"duration":2,"failureDetails":[],"failureMessages":[],"fullName":"ScenarioService - Comprehensive Business Logic Testing getScenarioById should handle database errors","invocations":1,"location":null,"numPassingAsserts":1,"retryReasons":[],"status":"passed","title":"should handle database errors"},{"ancestorTitles":["ScenarioService - Comprehensive Business Logic Testing","updateScenario"],"duration":3,"failureDetails":[],"failureMessages":[],"fullName":"ScenarioService - Comprehensive Business Logic Testing updateScenario should update scenario with valid data","invocations":1,"location":null,"numPassingAsserts":2,"retryReasons":[],"status":"passed","title":"should update scenario with valid data"},{"ancestorTitles":["ScenarioService - Comprehensive Business Logic Testing","updateScenario"],"duration":6,"failureDetails":[],"failureMessages":[],"fullName":"ScenarioService - Comprehensive Business Logic Testing updateScenario should reject invalid URL format","invocations":1,"location":null,"numPassingAsserts":1,"retryReasons":[],"status":"passed","title":"should reject invalid URL format"},{"ancestorTitles":["ScenarioService - Comprehensive Business Logic Testing","updateScenario"],"duration":2,"failureDetails":[],"failureMessages":[],"fullName":"ScenarioService - Comprehensive Business Logic Testing updateScenario should throw error if scenario not found","invocations":1,"location":null,"numPassingAsserts":1,"retryReasons":[],"status":"passed","title":"should throw error if scenario not found"},{"ancestorTitles":["ScenarioService - Comprehensive Business Logic Testing","updateScenario"],"duration":2,"failureDetails":[],"failureMessages":[],"fullName":"ScenarioService - Comprehensive Business Logic Testing updateScenario should throw error on unauthorized access","invocations":1,"location":null,"numPassingAsserts":1,"retryReasons":[],"status":"passed","title":"should throw error on unauthorized access"},{"ancestorTitles":["ScenarioService - Comprehensive Business Logic Testing","updateScenario"],"duration":2,"failureDetails":[],"failureMessages":[],"fullName":"ScenarioService - Comprehensive Business Logic Testing updateScenario should handle partial updates","invocations":1,"location":null,"numPassingAsserts":1,"retryReasons":[],"status":"passed","title":"should handle partial updates"},{"ancestorTitles":["ScenarioService - Comprehensive Business Logic Testing","deleteScenario"],"duration":3,"failureDetails":[],"failureMessages":[],"fullName":"ScenarioService - Comprehensive Business Logic Testing deleteScenario should delete scenario if user is owner","invocations":1,"location":null,"numPassingAsserts":2,"retryReasons":[],"status":"passed","title":"should delete scenario if user is owner"},{"ancestorTitles":["ScenarioService - Comprehensive Business Logic Testing","deleteScenario"],"duration":1,"failureDetails":[],"failureMessages":[],"fullName":"ScenarioService - Comprehensive Business Logic Testing deleteScenario should throw error if scenario not found","invocations":1,"location":null,"numPassingAsserts":1,"retryReasons":[],"status":"passed","title":"should throw error if scenario not found"},{"ancestorTitles":["ScenarioService - Comprehensive Business Logic Testing","deleteScenario"],"duration":1,"failureDetails":[],"failureMessages":[],"fullName":"ScenarioService - Comprehensive Business Logic Testing deleteScenario should throw error on unauthorized access","invocations":1,"location":null,"numPassingAsserts":1,"retryReasons":[],"status":"passed","title":"should throw error on unauthorized access"},{"ancestorTitles":["ScenarioService - Comprehensive Business Logic Testing","deleteScenario"],"duration":8,"failureDetails":[],"failureMessages":[],"fullName":"ScenarioService - Comprehensive Business Logic Testing deleteScenario should handle database errors","invocations":1,"location":null,"numPassingAsserts":1,"retryReasons":[],"status":"passed","title":"should handle database errors"}],"endTime":1773217929901,"message":"","name":"D:\\myfolder\\myproject\\testingndri\\backend\\src\\services\\__tests__\\scenarioService.test.js","startTime":1773217929361,"status":"passed","summary":""},{"assertionResults":[{"ancestorTitles":["ExecutionService - Comprehensive Business Logic Testing","Function Exports"],"duration":19,"failureDetails":[],"failureMessages":[],"fullName":"ExecutionService - Comprehensive Business Logic Testing Function Exports should export executeScenario function","invocations":1,"location":null,"numPassingAsserts":1,"retryReasons":[],"status":"passed","title":"should export executeScenario function"},{"ancestorTitles":["ExecutionService - Comprehensive Business Logic Testing","Function Exports"],"duration":1,"failureDetails":[],"failureMessages":[],"fullName":"ExecutionService - Comprehensive Business Logic Testing Function Exports should export getExecution function","invocations":1,"location":null,"numPassingAsserts":1,"retryReasons":[],"status":"passed","title":"should export getExecution function"},{"ancestorTitles":["ExecutionService - Comprehensive Business Logic Testing","Function Exports"],"duration":1,"failureDetails":[],"failureMessages":[],"fullName":"ExecutionService - Comprehensive Business Logic Testing Function Exports should export getExecutions function","invocations":1,"location":null,"numPassingAsserts":1,"retryReasons":[],"status":"passed","title":"should export getExecutions function"},{"ancestorTitles":["ExecutionService - Comprehensive Business Logic Testing","Function Exports"],"duration":1,"failureDetails":[],"failureMessages":[],"fullName":"ExecutionService - Comprehensive Business Logic Testing Function Exports should export cancelExecution function","invocations":1,"location":null,"numPassingAsserts":1,"retryReasons":[],"status":"passed","title":"should export cancelExecution function"},{"ancestorTitles":["ExecutionService - Comprehensive Business Logic Testing","getExecutions - Retrieval and Pagination"],"duration":9,"failureDetails":[],"failureMessages":[],"fullName":"ExecutionService - Comprehensive Business Logic Testing getExecutions - Retrieval and Pagination should retrieve executions with pagination","invocations":1,"location":null,"numPassingAsserts":2,"retryReasons":[],"status":"passed","title":"should retrieve executions with pagination"},{"ancestorTitles":["ExecutionService - Comprehensive Business Logic Testing","getExecutions - Retrieval and Pagination"],"duration":1,"failureDetails":[],"failureMessages":[],"fullName":"ExecutionService - Comprehensive Business Logic Testing getExecutions - Retrieval and Pagination should handle missing userId gracefully","invocations":1,"location":null,"numPassingAsserts":0,"retryReasons":[],"status":"passed","title":"should handle missing userId gracefully"},{"ancestorTitles":["ExecutionService - Comprehensive Business Logic Testing","getExecutions - Retrieval and Pagination"],"duration":2,"failureDetails":[],"failureMessages":[],"fullName":"ExecutionService - Comprehensive Business Logic Testing getExecutions - Retrieval and Pagination should handle database errors","invocations":1,"location":null,"numPassingAsserts":1,"retryReasons":[],"status":"passed","title":"should handle database errors"},{"ancestorTitles":["ExecutionService - Comprehensive Business Logic Testing","cancelExecution - Execution Control"],"duration":1,"failureDetails":[],"failureMessages":[],"fullName":"ExecutionService - Comprehensive Business Logic Testing cancelExecution - Execution Control should cancel a running execution","invocations":1,"location":null,"numPassingAsserts":1,"retryReasons":[],"status":"passed","title":"should cancel a running execution"},{"ancestorTitles":["ExecutionService - Comprehensive Business Logic Testing","cancelExecution - Execution Control"],"duration":2,"failureDetails":[],"failureMessages":[],"fullName":"ExecutionService - Comprehensive Business Logic Testing cancelExecution - Execution Control should throw error if not RUNNING","invocations":1,"location":null,"numPassingAsserts":1,"retryReasons":[],"status":"passed","title":"should throw error if not RUNNING"},{"ancestorTitles":["ExecutionService - Comprehensive Business Logic Testing","cancelExecution - Execution Control"],"duration":1,"failureDetails":[],"failureMessages":[],"fullName":"ExecutionService - Comprehensive Business Logic Testing cancelExecution - Execution Control should handle execution not found","invocations":1,"location":null,"numPassingAsserts":1,"retryReasons":[],"status":"passed","title":"should handle execution not found"},{"ancestorTitles":["ExecutionService - Comprehensive Business Logic Testing","Execution Validation"],"duration":3,"failureDetails":[],"failureMessages":[],"fullName":"ExecutionService - Comprehensive Business Logic Testing Execution Validation should reject executeScenario with missing scenarioId","invocations":1,"location":null,"numPassingAsserts":1,"retryReasons":[],"status":"passed","title":"should reject executeScenario with missing scenarioId"},{"ancestorTitles":["ExecutionService - Comprehensive Business Logic Testing","Execution Validation"],"duration":1,"failureDetails":[],"failureMessages":[],"fullName":"ExecutionService - Comprehensive Business Logic Testing Execution Validation should reject executeScenario with missing userId","invocations":1,"location":null,"numPassingAsserts":1,"retryReasons":[],"status":"passed","title":"should reject executeScenario with missing userId"},{"ancestorTitles":["ExecutionService - Comprehensive Business Logic Testing","Execution Validation"],"duration":1,"failureDetails":[],"failureMessages":[],"fullName":"ExecutionService - Comprehensive Business Logic Testing Execution Validation should handle scenario not found","invocations":1,"location":null,"numPassingAsserts":1,"retryReasons":[],"status":"passed","title":"should handle scenario not found"},{"ancestorTitles":["ExecutionService - Comprehensive Business Logic Testing","Execution Validation"],"duration":1,"failureDetails":[],"failureMessages":[],"fullName":"ExecutionService - Comprehensive Business Logic Testing Execution Validation should handle scenario with no test steps","invocations":1,"location":null,"numPassingAsserts":1,"retryReasons":[],"status":"passed","title":"should handle scenario with no test steps"},{"ancestorTitles":["ExecutionService - Comprehensive Business Logic Testing","Error Handling"],"duration":1,"failureDetails":[],"failureMessages":[],"fullName":"ExecutionService - Comprehensive Business Logic Testing Error Handling should handle database errors on retrieval","invocations":1,"location":null,"numPassingAsserts":1,"retryReasons":[],"status":"passed","title":"should handle database errors on retrieval"}],"endTime":1773217930365,"message":"","name":"D:\\myfolder\\myproject\\testingndri\\backend\\src\\services\\__tests__\\executionService.comprehensive.test.js","startTime":1773217926241,"status":"passed","summary":""},{"assertionResults":[{"ancestorTitles":["ExecutionController","executeScenario"],"duration":31,"failureDetails":[],"failureMessages":[],"fullName":"ExecutionController executeScenario should execute a scenario","invocations":1,"location":null,"numPassingAsserts":4,"retryReasons":[],"status":"passed","title":"should execute a scenario"},{"ancestorTitles":["ExecutionController","executeScenario"],"duration":4,"failureDetails":[],"failureMessages":[],"fullName":"ExecutionController executeScenario should require scenario id","invocations":1,"location":null,"numPassingAsserts":2,"retryReasons":[],"status":"passed","title":"should require scenario id"},{"ancestorTitles":["ExecutionController","executeScenario"],"duration":2,"failureDetails":[],"failureMessages":[],"fullName":"ExecutionController executeScenario should pass userId to service","invocations":1,"location":null,"numPassingAsserts":1,"retryReasons":[],"status":"passed","title":"should pass userId to service"},{"ancestorTitles":["ExecutionController","executeScenario"],"duration":62,"failureDetails":[],"failureMessages":[],"fullName":"ExecutionController executeScenario should handle service errors","invocations":1,"location":null,"numPassingAsserts":2,"retryReasons":[],"status":"passed","title":"should handle service errors"},{"ancestorTitles":["ExecutionController","getExecutionHistory"],"duration":3,"failureDetails":[],"failureMessages":[],"fullName":"ExecutionController getExecutionHistory should get execution history","invocations":1,"location":null,"numPassingAsserts":3,"retryReasons":[],"status":"passed","title":"should get execution history"},{"ancestorTitles":["ExecutionController","getExecutionHistory"],"duration":1,"failureDetails":[],"failureMessages":[],"fullName":"ExecutionController getExecutionHistory should use default limit and offset","invocations":1,"location":null,"numPassingAsserts":1,"retryReasons":[],"status":"passed","title":"should use default limit and offset"},{"ancestorTitles":["ExecutionController","getExecutionHistory"],"duration":3,"failureDetails":[],"failureMessages":[],"fullName":"ExecutionController getExecutionHistory should pass custom limit and offset","invocations":1,"location":null,"numPassingAsserts":1,"retryReasons":[],"status":"passed","title":"should pass custom limit and offset"},{"ancestorTitles":["ExecutionController","getExecutionHistory"],"duration":2,"failureDetails":[],"failureMessages":[],"fullName":"ExecutionController getExecutionHistory should filter by scenarioId if provided","invocations":1,"location":null,"numPassingAsserts":1,"retryReasons":[],"status":"passed","title":"should filter by scenarioId if provided"},{"ancestorTitles":["ExecutionController","getExecutionHistory"],"duration":3,"failureDetails":[],"failureMessages":[],"fullName":"ExecutionController getExecutionHistory should handle service errors","invocations":1,"location":null,"numPassingAsserts":2,"retryReasons":[],"status":"passed","title":"should handle service errors"},{"ancestorTitles":["ExecutionController","getExecutionDetails"],"duration":1,"failureDetails":[],"failureMessages":[],"fullName":"ExecutionController getExecutionDetails should get execution details","invocations":1,"location":null,"numPassingAsserts":2,"retryReasons":[],"status":"passed","title":"should get execution details"},{"ancestorTitles":["ExecutionController","getExecutionDetails"],"duration":1,"failureDetails":[],"failureMessages":[],"fullName":"ExecutionController getExecutionDetails should require execution id","invocations":1,"location":null,"numPassingAsserts":2,"retryReasons":[],"status":"passed","title":"should require execution id"},{"ancestorTitles":["ExecutionController","getExecutionDetails"],"duration":0,"failureDetails":[],"failureMessages":[],"fullName":"ExecutionController getExecutionDetails should pass userId to service","invocations":1,"location":null,"numPassingAsserts":1,"retryReasons":[],"status":"passed","title":"should pass userId to service"},{"ancestorTitles":["ExecutionController","cancelExecution"],"duration":1,"failureDetails":[],"failureMessages":[],"fullName":"ExecutionController cancelExecution should cancel an execution","invocations":1,"location":null,"numPassingAsserts":2,"retryReasons":[],"status":"passed","title":"should cancel an execution"},{"ancestorTitles":["ExecutionController","cancelExecution"],"duration":1,"failureDetails":[],"failureMessages":[],"fullName":"ExecutionController cancelExecution should pass userId to service","invocations":1,"location":null,"numPassingAsserts":1,"retryReasons":[],"status":"passed","title":"should pass userId to service"},{"ancestorTitles":["ExecutionController","cancelExecution"],"duration":5,"failureDetails":[],"failureMessages":[],"fullName":"ExecutionController cancelExecution should handle cancellation errors gracefully","invocations":1,"location":null,"numPassingAsserts":1,"retryReasons":[],"status":"passed","title":"should handle cancellation errors gracefully"}],"endTime":1773217930382,"message":"","name":"D:\\myfolder\\myproject\\testingndri\\backend\\src\\controllers\\__tests__\\executionController.test.js","startTime":1773217926217,"status":"passed","summary":""}],"wasInterrupted":false,"coverageMap":{"D:\\myfolder\\myproject\\testingndri\\backend\\src\\services\\scenarioService.js":{"path":"D:\\myfolder\\myproject\\testingndri\\backend\\src\\services\\scenarioService.js","statementMap":{"0":{"start":{"line":7,"column":37},"end":{"line":7,"column":41}},"1":{"start":{"line":10,"column":2},"end":{"line":12,"column":3}},"2":{"start":{"line":11,"column":4},"end":{"line":11,"column":48}},"3":{"start":{"line":14,"column":2},"end":{"line":16,"column":3}},"4":{"start":{"line":15,"column":4},"end":{"line":15,"column":62}},"5":{"start":{"line":18,"column":2},"end":{"line":32,"column":3}},"6":{"start":{"line":19,"column":21},"end":{"line":27,"column":6}},"7":{"start":{"line":29,"column":4},"end":{"line":29,"column":19}},"8":{"start":{"line":31,"column":4},"end":{"line":31,"column":66}},"9":{"start":{"line":39,"column":82},"end":{"line":39,"column":89}},"10":{"start":{"line":41,"column":2},"end":{"line":67,"column":3}},"11":{"start":{"line":42,"column":22},"end":{"line":58,"column":6}},"12":{"start":{"line":60,"column":18},"end":{"line":62,"column":6}},"13":{"start":{"line":64,"column":4},"end":{"line":64,"column":31}},"14":{"start":{"line":66,"column":4},"end":{"line":66,"column":66}},"15":{"start":{"line":74,"column":2},"end":{"line":96,"column":3}},"16":{"start":{"line":75,"column":21},"end":{"line":82,"column":6}},"17":{"start":{"line":84,"column":4},"end":{"line":86,"column":5}},"18":{"start":{"line":85,"column":6},"end":{"line":85,"column":43}},"19":{"start":{"line":89,"column":4},"end":{"line":91,"column":5}},"20":{"start":{"line":90,"column":6},"end":{"line":90,"column":61}},"21":{"start":{"line":93,"column":4},"end":{"line":93,"column":19}},"22":{"start":{"line":95,"column":4},"end":{"line":95,"column":65}},"23":{"start":{"line":103,"column":37},"end":{"line":103,"column":41}},"24":{"start":{"line":105,"column":2},"end":{"line":136,"column":3}},"25":{"start":{"line":107,"column":21},"end":{"line":109,"column":6}},"26":{"start":{"line":111,"column":4},"end":{"line":113,"column":5}},"27":{"start":{"line":112,"column":6},"end":{"line":112,"column":43}},"28":{"start":{"line":115,"column":4},"end":{"line":117,"column":5}},"29":{"start":{"line":116,"column":6},"end":{"line":116,"column":66}},"30":{"start":{"line":120,"column":4},"end":{"line":122,"column":5}},"31":{"start":{"line":121,"column":6},"end":{"line":121,"column":64}},"32":{"start":{"line":124,"column":20},"end":{"line":131,"column":6}},"33":{"start":{"line":133,"column":4},"end":{"line":133,"column":18}},"34":{"start":{"line":135,"column":4},"end":{"line":135,"column":66}},"35":{"start":{"line":143,"column":2},"end":{"line":170,"column":3}},"36":{"start":{"line":145,"column":21},"end":{"line":147,"column":6}},"37":{"start":{"line":149,"column":4},"end":{"line":151,"column":5}},"38":{"start":{"line":150,"column":6},"end":{"line":150,"column":43}},"39":{"start":{"line":153,"column":4},"end":{"line":155,"column":5}},"40":{"start":{"line":154,"column":6},"end":{"line":154,"column":66}},"41":{"start":{"line":158,"column":4},"end":{"line":160,"column":6}},"42":{"start":{"line":163,"column":4},"end":{"line":165,"column":6}},"43":{"start":{"line":167,"column":4},"end":{"line":167,"column":55}},"44":{"start":{"line":169,"column":4},"end":{"line":169,"column":66}},"45":{"start":{"line":177,"column":2},"end":{"line":223,"column":3}},"46":{"start":{"line":179,"column":21},"end":{"line":184,"column":6}},"47":{"start":{"line":186,"column":4},"end":{"line":188,"column":5}},"48":{"start":{"line":187,"column":6},"end":{"line":187,"column":43}},"49":{"start":{"line":190,"column":4},"end":{"line":192,"column":5}},"50":{"start":{"line":191,"column":6},"end":{"line":191,"column":69}},"51":{"start":{"line":195,"column":24},"end":{"line":203,"column":6}},"52":{"start":{"line":206,"column":4},"end":{"line":218,"column":5}},"53":{"start":{"line":207,"column":6},"end":{"line":217,"column":8}},"54":{"start":{"line":208,"column":48},"end":{"line":216,"column":9}},"55":{"start":{"line":220,"column":4},"end":{"line":220,"column":22}},"56":{"start":{"line":222,"column":4},"end":{"line":222,"column":69}},"57":{"start":{"line":230,"column":2},"end":{"line":266,"column":3}},"58":{"start":{"line":231,"column":21},"end":{"line":241,"column":6}},"59":{"start":{"line":243,"column":4},"end":{"line":245,"column":5}},"60":{"start":{"line":244,"column":6},"end":{"line":244,"column":43}},"61":{"start":{"line":247,"column":4},"end":{"line":249,"column":5}},"62":{"start":{"line":248,"column":6},"end":{"line":248,"column":37}},"63":{"start":{"line":251,"column":28},"end":{"line":251,"column":54}},"64":{"start":{"line":252,"column":29},"end":{"line":254,"column":12}},"65":{"start":{"line":253,"column":13},"end":{"line":253,"column":34}},"66":{"start":{"line":256,"column":4},"end":{"line":263,"column":5}},"67":{"start":{"line":265,"column":4},"end":{"line":265,"column":71}}},"fnMap":{"0":{"name":"createScenario","decl":{"start":{"line":6,"column":22},"end":{"line":6,"column":36}},"loc":{"start":{"line":6,"column":51},"end":{"line":33,"column":1}},"line":6},"1":{"name":"getUserScenarios","decl":{"start":{"line":38,"column":22},"end":{"line":38,"column":38}},"loc":{"start":{"line":38,"column":61},"end":{"line":68,"column":1}},"line":38},"2":{"name":"getScenarioById","decl":{"start":{"line":73,"column":22},"end":{"line":73,"column":37}},"loc":{"start":{"line":73,"column":58},"end":{"line":97,"column":1}},"line":73},"3":{"name":"updateScenario","decl":{"start":{"line":102,"column":22},"end":{"line":102,"column":36}},"loc":{"start":{"line":102,"column":63},"end":{"line":137,"column":1}},"line":102},"4":{"name":"deleteScenario","decl":{"start":{"line":142,"column":22},"end":{"line":142,"column":36}},"loc":{"start":{"line":142,"column":57},"end":{"line":171,"column":1}},"line":142},"5":{"name":"duplicateScenario","decl":{"start":{"line":176,"column":22},"end":{"line":176,"column":39}},"loc":{"start":{"line":176,"column":60},"end":{"line":224,"column":1}},"line":176},"6":{"name":"(anonymous_6)","decl":{"start":{"line":208,"column":37},"end":{"line":208,"column":38}},"loc":{"start":{"line":208,"column":48},"end":{"line":216,"column":9}},"line":208},"7":{"name":"getScenarioStats","decl":{"start":{"line":229,"column":22},"end":{"line":229,"column":38}},"loc":{"start":{"line":229,"column":59},"end":{"line":267,"column":1}},"line":229},"8":{"name":"(anonymous_8)","decl":{"start":{"line":253,"column":6},"end":{"line":253,"column":7}},"loc":{"start":{"line":253,"column":13},"end":{"line":253,"column":34}},"line":253}},"branchMap":{"0":{"loc":{"start":{"line":10,"column":2},"end":{"line":12,"column":3}},"type":"if","locations":[{"start":{"line":10,"column":2},"end":{"line":12,"column":3}},{"start":{},"end":{}}],"line":10},"1":{"loc":{"start":{"line":10,"column":6},"end":{"line":10,"column":19}},"type":"binary-expr","locations":[{"start":{"line":10,"column":6},"end":{"line":10,"column":11}},{"start":{"line":10,"column":15},"end":{"line":10,"column":19}}],"line":10},"2":{"loc":{"start":{"line":14,"column":2},"end":{"line":16,"column":3}},"type":"if","locations":[{"start":{"line":14,"column":2},"end":{"line":16,"column":3}},{"start":{},"end":{}}],"line":14},"3":{"loc":{"start":{"line":14,"column":6},"end":{"line":14,"column":63}},"type":"binary-expr","locations":[{"start":{"line":14,"column":6},"end":{"line":14,"column":32}},{"start":{"line":14,"column":36},"end":{"line":14,"column":63}}],"line":14},"4":{"loc":{"start":{"line":22,"column":21},"end":{"line":22,"column":38}},"type":"binary-expr","locations":[{"start":{"line":22,"column":21},"end":{"line":22,"column":32}},{"start":{"line":22,"column":36},"end":{"line":22,"column":38}}],"line":22},"5":{"loc":{"start":{"line":38,"column":47},"end":{"line":38,"column":59}},"type":"default-arg","locations":[{"start":{"line":38,"column":57},"end":{"line":38,"column":59}}],"line":38},"6":{"loc":{"start":{"line":39,"column":10},"end":{"line":39,"column":18}},"type":"default-arg","locations":[{"start":{"line":39,"column":17},"end":{"line":39,"column":18}}],"line":39},"7":{"loc":{"start":{"line":39,"column":20},"end":{"line":39,"column":29}},"type":"default-arg","locations":[{"start":{"line":39,"column":27},"end":{"line":39,"column":29}}],"line":39},"8":{"loc":{"start":{"line":39,"column":31},"end":{"line":39,"column":52}},"type":"default-arg","locations":[{"start":{"line":39,"column":41},"end":{"line":39,"column":52}}],"line":39},"9":{"loc":{"start":{"line":39,"column":54},"end":{"line":39,"column":77}},"type":"default-arg","locations":[{"start":{"line":39,"column":71},"end":{"line":39,"column":77}}],"line":39},"10":{"loc":{"start":{"line":84,"column":4},"end":{"line":86,"column":5}},"type":"if","locations":[{"start":{"line":84,"column":4},"end":{"line":86,"column":5}},{"start":{},"end":{}}],"line":84},"11":{"loc":{"start":{"line":89,"column":4},"end":{"line":91,"column":5}},"type":"if","locations":[{"start":{"line":89,"column":4},"end":{"line":91,"column":5}},{"start":{},"end":{}}],"line":89},"12":{"loc":{"start":{"line":111,"column":4},"end":{"line":113,"column":5}},"type":"if","locations":[{"start":{"line":111,"column":4},"end":{"line":113,"column":5}},{"start":{},"end":{}}],"line":111},"13":{"loc":{"start":{"line":115,"column":4},"end":{"line":117,"column":5}},"type":"if","locations":[{"start":{"line":115,"column":4},"end":{"line":117,"column":5}},{"start":{},"end":{}}],"line":115},"14":{"loc":{"start":{"line":120,"column":4},"end":{"line":122,"column":5}},"type":"if","locations":[{"start":{"line":120,"column":4},"end":{"line":122,"column":5}},{"start":{},"end":{}}],"line":120},"15":{"loc":{"start":{"line":120,"column":8},"end":{"line":120,"column":72}},"type":"binary-expr","locations":[{"start":{"line":120,"column":8},"end":{"line":120,"column":11}},{"start":{"line":120,"column":15},"end":{"line":120,"column":41}},{"start":{"line":120,"column":45},"end":{"line":120,"column":72}}],"line":120},"16":{"loc":{"start":{"line":127,"column":12},"end":{"line":127,"column":28}},"type":"binary-expr","locations":[{"start":{"line":127,"column":12},"end":{"line":127,"column":16}},{"start":{"line":127,"column":20},"end":{"line":127,"column":28}}],"line":127},"17":{"loc":{"start":{"line":128,"column":12},"end":{"line":128,"column":56}},"type":"binary-expr","locations":[{"start":{"line":128,"column":12},"end":{"line":128,"column":37}},{"start":{"line":128,"column":41},"end":{"line":128,"column":56}}],"line":128},"18":{"loc":{"start":{"line":129,"column":12},"end":{"line":129,"column":26}},"type":"binary-expr","locations":[{"start":{"line":129,"column":12},"end":{"line":129,"column":15}},{"start":{"line":129,"column":19},"end":{"line":129,"column":26}}],"line":129},"19":{"loc":{"start":{"line":149,"column":4},"end":{"line":151,"column":5}},"type":"if","locations":[{"start":{"line":149,"column":4},"end":{"line":151,"column":5}},{"start":{},"end":{}}],"line":149},"20":{"loc":{"start":{"line":153,"column":4},"end":{"line":155,"column":5}},"type":"if","locations":[{"start":{"line":153,"column":4},"end":{"line":155,"column":5}},{"start":{},"end":{}}],"line":153},"21":{"loc":{"start":{"line":186,"column":4},"end":{"line":188,"column":5}},"type":"if","locations":[{"start":{"line":186,"column":4},"end":{"line":188,"column":5}},{"start":{},"end":{}}],"line":186},"22":{"loc":{"start":{"line":190,"column":4},"end":{"line":192,"column":5}},"type":"if","locations":[{"start":{"line":190,"column":4},"end":{"line":192,"column":5}},{"start":{},"end":{}}],"line":190},"23":{"loc":{"start":{"line":206,"column":4},"end":{"line":218,"column":5}},"type":"if","locations":[{"start":{"line":206,"column":4},"end":{"line":218,"column":5}},{"start":{},"end":{}}],"line":206},"24":{"loc":{"start":{"line":243,"column":4},"end":{"line":245,"column":5}},"type":"if","locations":[{"start":{"line":243,"column":4},"end":{"line":245,"column":5}},{"start":{},"end":{}}],"line":243},"25":{"loc":{"start":{"line":247,"column":4},"end":{"line":249,"column":5}},"type":"if","locations":[{"start":{"line":247,"column":4},"end":{"line":249,"column":5}},{"start":{},"end":{}}],"line":247},"26":{"loc":{"start":{"line":262,"column":19},"end":{"line":262,"column":87}},"type":"cond-expr","locations":[{"start":{"line":262,"column":41},"end":{"line":262,"column":83}},{"start":{"line":262,"column":86},"end":{"line":262,"column":87}}],"line":262}},"s":{"0":8,"1":8,"2":2,"3":6,"4":1,"5":5,"6":5,"7":4,"8":1,"9":4,"10":4,"11":4,"12":3,"13":3,"14":1,"15":4,"16":4,"17":3,"18":1,"19":2,"20":1,"21":1,"22":3,"23":5,"24":5,"25":5,"26":5,"27":1,"28":4,"29":1,"30":3,"31":1,"32":2,"33":2,"34":3,"35":4,"36":4,"37":4,"38":1,"39":3,"40":1,"41":2,"42":2,"43":1,"44":3,"45":0,"46":0,"47":0,"48":0,"49":0,"50":0,"51":0,"52":0,"53":0,"54":0,"55":0,"56":0,"57":0,"58":0,"59":0,"60":0,"61":0,"62":0,"63":0,"64":0,"65":0,"66":0,"67":0},"f":{"0":8,"1":4,"2":4,"3":5,"4":4,"5":0,"6":0,"7":0,"8":0},"b":{"0":[2,6],"1":[8,7],"2":[1,5],"3":[6,5],"4":[5,3],"5":[2],"6":[3],"7":[3],"8":[3],"9":[3],"10":[1,2],"11":[1,1],"12":[1,4],"13":[1,3],"14":[1,2],"15":[3,2,2],"16":[2,2],"17":[2,0],"18":[2,1],"19":[1,3],"20":[1,2],"21":[0,0],"22":[0,0],"23":[0,0],"24":[0,0],"25":[0,0],"26":[0,0]},"_coverageSchema":"1a1c01bbd47fc00a2c39e90264f33305004495a9","hash":"1db22b507a0974f16d79bc279ba69ee4b55b3584"},"D:\\myfolder\\myproject\\testingndri\\backend\\src\\controllers\\scenarioController.js":{"path":"D:\\myfolder\\myproject\\testingndri\\backend\\src\\controllers\\scenarioController.js","statementMap":{"0":{"start":{"line":16,"column":2},"end":{"line":29,"column":3}},"1":{"start":{"line":17,"column":39},"end":{"line":17,"column":47}},"2":{"start":{"line":18,"column":19},"end":{"line":18,"column":30}},"3":{"start":{"line":20,"column":21},"end":{"line":20,"column":77}},"4":{"start":{"line":22,"column":4},"end":{"line":26,"column":6}},"5":{"start":{"line":28,"column":4},"end":{"line":28,"column":15}},"6":{"start":{"line":37,"column":2},"end":{"line":71,"column":3}},"7":{"start":{"line":38,"column":19},"end":{"line":38,"column":30}},"8":{"start":{"line":39,"column":17},"end":{"line":39,"column":46}},"9":{"start":{"line":40,"column":17},"end":{"line":40,"column":47}},"10":{"start":{"line":41,"column":20},"end":{"line":41,"column":52}},"11":{"start":{"line":42,"column":27},"end":{"line":42,"column":61}},"12":{"start":{"line":45,"column":4},"end":{"line":50,"column":5}},"13":{"start":{"line":46,"column":6},"end":{"line":49,"column":8}},"14":{"start":{"line":52,"column":33},"end":{"line":57,"column":6}},"15":{"start":{"line":59,"column":4},"end":{"line":68,"column":6}},"16":{"start":{"line":70,"column":4},"end":{"line":70,"column":15}},"17":{"start":{"line":79,"column":2},"end":{"line":91,"column":3}},"18":{"start":{"line":80,"column":19},"end":{"line":80,"column":29}},"19":{"start":{"line":81,"column":19},"end":{"line":81,"column":30}},"20":{"start":{"line":83,"column":21},"end":{"line":83,"column":54}},"21":{"start":{"line":85,"column":4},"end":{"line":88,"column":6}},"22":{"start":{"line":90,"column":4},"end":{"line":90,"column":15}},"23":{"start":{"line":99,"column":2},"end":{"line":113,"column":3}},"24":{"start":{"line":100,"column":19},"end":{"line":100,"column":29}},"25":{"start":{"line":101,"column":19},"end":{"line":101,"column":30}},"26":{"start":{"line":102,"column":39},"end":{"line":102,"column":47}},"27":{"start":{"line":104,"column":21},"end":{"line":104,"column":81}},"28":{"start":{"line":106,"column":4},"end":{"line":110,"column":6}},"29":{"start":{"line":112,"column":4},"end":{"line":112,"column":15}},"30":{"start":{"line":121,"column":2},"end":{"line":133,"column":3}},"31":{"start":{"line":122,"column":19},"end":{"line":122,"column":29}},"32":{"start":{"line":123,"column":19},"end":{"line":123,"column":30}},"33":{"start":{"line":125,"column":4},"end":{"line":125,"column":36}},"34":{"start":{"line":127,"column":4},"end":{"line":130,"column":6}},"35":{"start":{"line":132,"column":4},"end":{"line":132,"column":15}},"36":{"start":{"line":141,"column":2},"end":{"line":154,"column":3}},"37":{"start":{"line":142,"column":19},"end":{"line":142,"column":29}},"38":{"start":{"line":143,"column":19},"end":{"line":143,"column":30}},"39":{"start":{"line":145,"column":24},"end":{"line":145,"column":59}},"40":{"start":{"line":147,"column":4},"end":{"line":151,"column":6}},"41":{"start":{"line":153,"column":4},"end":{"line":153,"column":15}},"42":{"start":{"line":162,"column":2},"end":{"line":174,"column":3}},"43":{"start":{"line":163,"column":19},"end":{"line":163,"column":29}},"44":{"start":{"line":164,"column":19},"end":{"line":164,"column":30}},"45":{"start":{"line":166,"column":18},"end":{"line":166,"column":52}},"46":{"start":{"line":168,"column":4},"end":{"line":171,"column":6}},"47":{"start":{"line":173,"column":4},"end":{"line":173,"column":15}}},"fnMap":{"0":{"name":"createScenarioHandler","decl":{"start":{"line":15,"column":22},"end":{"line":15,"column":43}},"loc":{"start":{"line":15,"column":60},"end":{"line":30,"column":1}},"line":15},"1":{"name":"getScenarioListHandler","decl":{"start":{"line":36,"column":22},"end":{"line":36,"column":44}},"loc":{"start":{"line":36,"column":61},"end":{"line":72,"column":1}},"line":36},"2":{"name":"getScenarioHandler","decl":{"start":{"line":78,"column":22},"end":{"line":78,"column":40}},"loc":{"start":{"line":78,"column":57},"end":{"line":92,"column":1}},"line":78},"3":{"name":"updateScenarioHandler","decl":{"start":{"line":98,"column":22},"end":{"line":98,"column":43}},"loc":{"start":{"line":98,"column":60},"end":{"line":114,"column":1}},"line":98},"4":{"name":"deleteScenarioHandler","decl":{"start":{"line":120,"column":22},"end":{"line":120,"column":43}},"loc":{"start":{"line":120,"column":60},"end":{"line":134,"column":1}},"line":120},"5":{"name":"duplicateScenarioHandler","decl":{"start":{"line":140,"column":22},"end":{"line":140,"column":46}},"loc":{"start":{"line":140,"column":63},"end":{"line":155,"column":1}},"line":140},"6":{"name":"getScenarioStatsHandler","decl":{"start":{"line":161,"column":22},"end":{"line":161,"column":45}},"loc":{"start":{"line":161,"column":62},"end":{"line":175,"column":1}},"line":161}},"branchMap":{"0":{"loc":{"start":{"line":39,"column":17},"end":{"line":39,"column":46}},"type":"binary-expr","locations":[{"start":{"line":39,"column":17},"end":{"line":39,"column":41}},{"start":{"line":39,"column":45},"end":{"line":39,"column":46}}],"line":39},"1":{"loc":{"start":{"line":40,"column":17},"end":{"line":40,"column":47}},"type":"binary-expr","locations":[{"start":{"line":40,"column":17},"end":{"line":40,"column":41}},{"start":{"line":40,"column":45},"end":{"line":40,"column":47}}],"line":40},"2":{"loc":{"start":{"line":41,"column":20},"end":{"line":41,"column":52}},"type":"binary-expr","locations":[{"start":{"line":41,"column":20},"end":{"line":41,"column":37}},{"start":{"line":41,"column":41},"end":{"line":41,"column":52}}],"line":41},"3":{"loc":{"start":{"line":42,"column":27},"end":{"line":42,"column":61}},"type":"binary-expr","locations":[{"start":{"line":42,"column":27},"end":{"line":42,"column":51}},{"start":{"line":42,"column":55},"end":{"line":42,"column":61}}],"line":42},"4":{"loc":{"start":{"line":45,"column":4},"end":{"line":50,"column":5}},"type":"if","locations":[{"start":{"line":45,"column":4},"end":{"line":50,"column":5}},{"start":{},"end":{}}],"line":45},"5":{"loc":{"start":{"line":45,"column":8},"end":{"line":45,"column":42}},"type":"binary-expr","locations":[{"start":{"line":45,"column":8},"end":{"line":45,"column":16}},{"start":{"line":45,"column":20},"end":{"line":45,"column":28}},{"start":{"line":45,"column":32},"end":{"line":45,"column":42}}],"line":45}},"s":{"0":3,"1":3,"2":3,"3":3,"4":2,"5":1,"6":5,"7":5,"8":5,"9":5,"10":5,"11":5,"12":5,"13":2,"14":3,"15":3,"16":0,"17":3,"18":3,"19":3,"20":3,"21":2,"22":1,"23":2,"24":2,"25":2,"26":2,"27":2,"28":2,"29":0,"30":3,"31":3,"32":3,"33":3,"34":2,"35":1,"36":0,"37":0,"38":0,"39":0,"40":0,"41":0,"42":0,"43":0,"44":0,"45":0,"46":0,"47":0},"f":{"0":3,"1":5,"2":3,"3":2,"4":3,"5":0,"6":0},"b":{"0":[5,3],"1":[5,1],"2":[5,4],"3":[5,4],"4":[2,3],"5":[5,4,4]},"_coverageSchema":"1a1c01bbd47fc00a2c39e90264f33305004495a9","hash":"9e7c9eec464eee3b1d42070e631dbdaacd2ca8b3"},"D:\\myfolder\\myproject\\testingndri\\backend\\src\\utils\\password.js":{"path":"D:\\myfolder\\myproject\\testingndri\\backend\\src\\utils\\password.js","statementMap":{"0":{"start":{"line":3,"column":22},"end":{"line":3,"column":24}},"1":{"start":{"line":9,"column":2},"end":{"line":9,"column":45}},"2":{"start":{"line":16,"column":2},"end":{"line":16,"column":39}}},"fnMap":{"0":{"name":"hashPassword","decl":{"start":{"line":8,"column":22},"end":{"line":8,"column":34}},"loc":{"start":{"line":8,"column":45},"end":{"line":10,"column":1}},"line":8},"1":{"name":"comparePassword","decl":{"start":{"line":15,"column":22},"end":{"line":15,"column":37}},"loc":{"start":{"line":15,"column":54},"end":{"line":17,"column":1}},"line":15}},"branchMap":{},"s":{"0":1,"1":3,"2":3},"f":{"0":3,"1":3},"b":{},"_coverageSchema":"1a1c01bbd47fc00a2c39e90264f33305004495a9","hash":"44c471f1e6f66162ac7999b4b467677a560bd98d"},"D:\\myfolder\\myproject\\testingndri\\backend\\src\\utils\\jwt.js":{"path":"D:\\myfolder\\myproject\\testingndri\\backend\\src\\utils\
[...]
"locations":[{"start":{"line":61,"column":23},"end":{"line":61,"column":38}},{"start":{"line":61,"column":42},"end":{"line":61,"column":44}}],"line":61},"10":{"loc":{"start":{"line":62,"column":20},"end":{"line":62,"column":40}},"type":"binary-expr","locations":[{"start":{"line":62,"column":20},"end":{"line":62,"column":32}},{"start":{"line":62,"column":36},"end":{"line":62,"column":40}}],"line":62},"11":{"loc":{"start":{"line":63,"column":17},"end":{"line":63,"column":34}},"type":"binary-expr","locations":[{"start":{"line":63,"column":17},"end":{"line":63,"column":26}},{"start":{"line":63,"column":30},"end":{"line":63,"column":34}}],"line":63},"12":{"loc":{"start":{"line":66,"column":19},"end":{"line":66,"column":34}},"type":"binary-expr","locations":[{"start":{"line":66,"column":19},"end":{"line":66,"column":28}},{"start":{"line":66,"column":32},"end":{"line":66,"column":34}}],"line":66},"13":{"loc":{"start":{"line":67,"column":28},"end":{"line":67,"column":52}},"type":"binary-expr","locations":[{"start":{"line":67,"column":28},"end":{"line":67,"column":46}},{"start":{"line":67,"column":50},"end":{"line":67,"column":52}}],"line":67},"14":{"loc":{"start":{"line":87,"column":69},"end":{"line":87,"column":88}},"type":"default-arg","locations":[{"start":{"line":87,"column":84},"end":{"line":87,"column":88}}],"line":87},"15":{"loc":{"start":{"line":93,"column":14},"end":{"line":93,"column":63}},"type":"binary-expr","locations":[{"start":{"line":93,"column":14},"end":{"line":93,"column":26}},{"start":{"line":93,"column":30},"end":{"line":93,"column":63}}],"line":93},"16":{"loc":{"start":{"line":113,"column":2},"end":{"line":118,"column":3}},"type":"if","locations":[{"start":{"line":113,"column":2},"end":{"line":118,"column":3}},{"start":{},"end":{}}],"line":113},"17":{"loc":{"start":{"line":125,"column":2},"end":{"line":130,"column":3}},"type":"if","locations":[{"start":{"line":125,"column":2},"end":{"line":130,"column":3}},{"start":{},"end":{}}],"line":125},"18":{"loc":{"start":{"line":145,"column":4},"end":{"line":147,"column":5}},"type":"if","locations":[{"start":{"line":145,"column":4},"end":{"line":147,"column":5}},{"start":{},"end":{}}],"line":145},"19":{"loc":{"start":{"line":145,"column":8},"end":{"line":145,"column":47}},"type":"binary-expr","locations":[{"start":{"line":145,"column":8},"end":{"line":145,"column":17}},{"start":{"line":145,"column":21},"end":{"line":145,"column":47}}],"line":145},"20":{"loc":{"start":{"line":157,"column":8},"end":{"line":157,"column":27}},"type":"binary-expr","locations":[{"start":{"line":157,"column":8},"end":{"line":157,"column":21}},{"start":{"line":157,"column":25},"end":{"line":157,"column":27}}],"line":157},"21":{"loc":{"start":{"line":158,"column":8},"end":{"line":158,"column":24}},"type":"binary-expr","locations":[{"start":{"line":158,"column":8},"end":{"line":158,"column":18}},{"start":{"line":158,"column":22},"end":{"line":158,"column":24}}],"line":158},"22":{"loc":{"start":{"line":172,"column":60},"end":{"line":172,"column":72}},"type":"default-arg","locations":[{"start":{"line":172,"column":70},"end":{"line":172,"column":72}}],"line":172},"23":{"loc":{"start":{"line":186,"column":4},"end":{"line":188,"column":5}},"type":"if","locations":[{"start":{"line":186,"column":4},"end":{"line":188,"column":5}},{"start":{},"end":{}}],"line":186}},"s":{"0":0,"1":0,"2":0,"3":0,"4":0,"5":0,"6":0,"7":0,"8":0,"9":0,"10":0,"11":0,"12":0,"13":0,"14":0,"15":0,"16":0,"17":0,"18":0,"19":0,"20":0,"21":0,"22":0,"23":0,"24":0,"25":0,"26":0,"27":0,"28":0,"29":0,"30":0,"31":0,"32":0,"33":0,"34":0,"35":0,"36":0,"37":0,"38":0,"39":0,"40":0,"41":0,"42":0,"43":0,"44":0,"45":0,"46":0,"47":0,"48":0,"49":0,"50":0,"51":0,"52":0,"53":0,"54":0,"55":0,"56":0,"57":0,"58":0,"59":0,"60":0,"61":0,"62":0,"63":0,"64":0,"65":0},"f":{"0":0,"1":0,"2":0,"3":0,"4":0,"5":0,"6":0,"7":0,"8":0,"9":0,"10":0},"b":{"0":[0,0],"1":[0,0],"2":[0],"3":[0,0],"4":[0,0],"5":[0,0],"6":[0,0],"7":[0,0],"8":[0,0],"9":[0,0],"10":[0,0],"11":[0,0],"12":[0,0],"13":[0,0],"14":[0],"15":[0,0],"16":[0,0],"17":[0,0],"18":[0,0],"19":[0,0],"20":[0,0],"21":[0,0],"22":[0],"23":[0,0]}},"D:\\myfolder\\myproject\\testingndri\\backend\\src\\services\\testStepService.js":{"path":"D:\\myfolder\\myproject\\testingndri\\backend\\src\\services\\testStepService.js","statementMap":{"0":{"start":{"line":3,"column":15},"end":{"line":3,"column":33}},"1":{"start":{"line":9,"column":71},"end":{"line":9,"column":75}},"2":{"start":{"line":11,"column":2},"end":{"line":62,"column":3}},"3":{"start":{"line":13,"column":21},"end":{"line":15,"column":6}},"4":{"start":{"line":17,"column":4},"end":{"line":19,"column":5}},"5":{"start":{"line":18,"column":6},"end":{"line":18,"column":59}},"6":{"start":{"line":22,"column":4},"end":{"line":24,"column":5}},"7":{"start":{"line":23,"column":6},"end":{"line":23,"column":63}},"8":{"start":{"line":27,"column":25},"end":{"line":27,"column":35}},"9":{"start":{"line":28,"column":4},"end":{"line":34,"column":5}},"10":{"start":{"line":29,"column":23},"end":{"line":32,"column":8}},"11":{"start":{"line":33,"column":6},"end":{"line":33,"column":54}},"12":{"start":{"line":37,"column":17},"end":{"line":47,"column":6}},"13":{"start":{"line":50,"column":22},"end":{"line":52,"column":6}},"14":{"start":{"line":54,"column":4},"end":{"line":57,"column":6}},"15":{"start":{"line":59,"column":4},"end":{"line":59,"column":15}},"16":{"start":{"line":61,"column":4},"end":{"line":61,"column":67}},"17":{"start":{"line":69,"column":82},"end":{"line":69,"column":89}},"18":{"start":{"line":71,"column":2},"end":{"line":101,"column":3}},"19":{"start":{"line":73,"column":21},"end":{"line":75,"column":6}},"20":{"start":{"line":77,"column":4},"end":{"line":79,"column":5}},"21":{"start":{"line":78,"column":6},"end":{"line":78,"column":59}},"22":{"start":{"line":81,"column":18},"end":{"line":88,"column":6}},"23":{"start":{"line":90,"column":18},"end":{"line":92,"column":6}},"24":{"start":{"line":94,"column":4},"end":{"line":98,"column":5}},"25":{"start":{"line":100,"column":4},"end":{"line":100,"column":65}},"26":{"start":{"line":108,"column":2},"end":{"line":125,"column":3}},"27":{"start":{"line":109,"column":17},"end":{"line":116,"column":6}},"28":{"start":{"line":118,"column":4},"end":{"line":120,"column":5}},"29":{"start":{"line":119,"column":6},"end":{"line":119,"column":60}},"30":{"start":{"line":122,"column":4},"end":{"line":122,"column":15}},"31":{"start":{"line":124,"column":4},"end":{"line":124,"column":64}},"32":{"start":{"line":132,"column":2},"end":{"line":161,"column":3}},"33":{"start":{"line":134,"column":17},"end":{"line":141,"column":6}},"34":{"start":{"line":143,"column":4},"end":{"line":145,"column":5}},"35":{"start":{"line":144,"column":6},"end":{"line":144,"column":60}},"36":{"start":{"line":147,"column":20},"end":{"line":156,"column":6}},"37":{"start":{"line":158,"column":4},"end":{"line":158,"column":18}},"38":{"start":{"line":160,"column":4},"end":{"line":160,"column":67}},"39":{"start":{"line":168,"column":2},"end":{"line":201,"column":3}},"40":{"start":{"line":170,"column":17},"end":{"line":177,"column":6}},"41":{"start":{"line":179,"column":4},"end":{"line":181,"column":5}},"42":{"start":{"line":180,"column":6},"end":{"line":180,"column":60}},"43":{"start":{"line":184,"column":4},"end":{"line":186,"column":6}},"44":{"start":{"line":189,"column":22},"end":{"line":191,"column":6}},"45":{"start":{"line":193,"column":4},"end":{"line":196,"column":6}},"46":{"start":{"line":198,"column":4},"end":{"line":198,"column":56}},"47":{"start":{"line":200,"column":4},"end":{"line":200,"column":67}},"48":{"start":{"line":208,"column":2},"end":{"line":256,"column":3}},"49":{"start":{"line":210,"column":21},"end":{"line":212,"column":6}},"50":{"start":{"line":214,"column":4},"end":{"line":216,"column":5}},"51":{"start":{"line":215,"column":6},"end":{"line":215,"column":59}},"52":{"start":{"line":219,"column":26},"end":{"line":219,"column":50}},"53":{"start":{"line":222,"column":4},"end":{"line":238,"column":5}},"54":{"start":{"line":222,"column":17},"end":{"line":222,"column":18}},"55":{"start":{"line":223,"column":25},"end":{"line":223,"column":38}},"56":{"start":{"line":226,"column":19},"end":{"line":228,"column":8}},"57":{"start":{"line":230,"column":6},"end":{"line":232,"column":7}},"58":{"start":{"line":231,"column":8},"end":{"line":231,"column":63}},"59":{"start":{"line":234,"column":6},"end":{"line":237,"column":8}},"60":{"start":{"line":241,"column":20},"end":{"line":241,"column":22}},"61":{"start":{"line":242,"column":4},"end":{"line":251,"column":5}},"62":{"start":{"line":242,"column":17},"end":{"line":242,"column":18}},"63":{"start":{"line":243,"column":41},"end":{"line":243,"column":54}},"64":{"start":{"line":244,"column":30},"end":{"line":244,"column":53}},"65":{"start":{"line":246,"column":26},"end":{"line":249,"column":8}},"66":{"start":{"line":250,"column":6},"end":{"line":250,"column":31}},"67":{"start":{"line":253,"column":4},"end":{"line":253,"column":18}},"68":{"start":{"line":255,"column":4},"end":{"line":255,"column":64}},"69":{"start":{"line":263,"column":2},"end":{"line":299,"column":3}},"70":{"start":{"line":306,"column":16},"end":{"line":306,"column":30}},"71":{"start":{"line":307,"column":25},"end":{"line":307,"column":63}},"72":{"start":{"line":307,"column":43},"end":{"line":307,"column":62}},"73":{"start":{"line":309,"column":2},"end":{"line":311,"column":3}},"74":{"start":{"line":310,"column":4},"end":{"line":310,"column":68}},"75":{"start":{"line":314,"column":2},"end":{"line":316,"column":3}},"76":{"start":{"line":315,"column":4},"end":{"line":315,"column":61}},"77":{"start":{"line":318,"column":2},"end":{"line":318,"column":24}}},"fnMap":{"0":{"name":"createTestStep","decl":{"start":{"line":8,"column":22},"end":{"line":8,"column":36}},"loc":{"start":{"line":8,"column":63},"end":{"line":63,"column":1}},"line":8},"1":{"name":"getTestSteps","decl":{"start":{"line":68,"column":22},"end":{"line":68,"column":34}},"loc":{"start":{"line":68,"column":69},"end":{"line":102,"column":1}},"line":68},"2":{"name":"getTestStep","decl":{"start":{"line":107,"column":22},"end":{"line":107,"column":33}},"loc":{"start":{"line":107,"column":50},"end":{"line":126,"column":1}},"line":107},"3":{"name":"updateTestStep","decl":{"start":{"line":131,"column":22},"end":{"line":131,"column":36}},"loc":{"start":{"line":131,"column":59},"end":{"line":162,"column":1}},"line":131},"4":{"name":"deleteTestStep","decl":{"start":{"line":167,"column":22},"end":{"line":167,"column":36}},"loc":{"start":{"line":167,"column":53},"end":{"line":202,"column":1}},"line":167},"5":{"name":"reorderSteps","decl":{"start":{"line":207,"column":22},"end":{"line":207,"column":34}},"loc":{"start":{"line":207,"column":67},"end":{"line":257,"column":1}},"line":207},"6":{"name":"getStepTypes","decl":{"start":{"line":262,"column":16},"end":{"line":262,"column":28}},"loc":{"start":{"line":262,"column":31},"end":{"line":300,"column":1}},"line":262},"7":{"name":"validateStep","decl":{"start":{"line":305,"column":16},"end":{"line":305,"column":28}},"loc":{"start":{"line":305,"column":49},"end":{"line":319,"column":1}},"line":305},"8":{"name":"(anonymous_8)","decl":{"start":{"line":307,"column":36},"end":{"line":307,"column":37}},"loc":{"start":{"line":307,"column":43},"end":{"line":307,"column":62}},"line":307}},"branchMap":{"0":{"loc":{"start":{"line":17,"column":4},"end":{"line":19,"column":5}},"type":"if","locations":[{"start":{"line":17,"column":4},"end":{"line":19,"column":5}},{"start":{},"end":{}}],"line":17},"1":{"loc":{"start":{"line":17,"column":8},"end":{"line":17,"column":47}},"type":"binary-expr","locations":[{"start":{"line":17,"column":8},"end":{"line":17,"column":17}},{"start":{"line":17,"column":21},"end":{"line":17,"column":47}}],"line":17},"2":{"loc":{"start":{"line":22,"column":4},"end":{"line":24,"column":5}},"type":"if","locations":[{"start":{"line":22,"column":4},"end":{"line":24,"column":5}},{"start":{},"end":{}}],"line":22},"3":{"loc":{"start":{"line":22,"column":8},"end":{"line":22,"column":29}},"type":"binary-expr","locations":[{"start":{"line":22,"column":8},"end":{"line":22,"column":13}},{"start":{"line":22,"column":17},"end":{"line":22,"column":29}}],"line":22},"4":{"loc":{"start":{"line":28,"column":4},"end":{"line":34,"column":5}},"type":"if","locations":[{"start":{"line":28,"column":4},"end":{"line":34,"column":5}},{"start":{},"end":{}}],"line":28},"5":{"loc":{"start":{"line":33,"column":24},"end":{"line":33,"column":49}},"type":"binary-expr","locations":[{"start":{"line":33,"column":24},"end":{"line":33,"column":44}},{"start":{"line":33,"column":48},"end":{"line":33,"column":49}}],"line":33},"6":{"loc":{"start":{"line":43,"column":18},"end":{"line":43,"column":34}},"type":"binary-expr","locations":[{"start":{"line":43,"column":18},"end":{"line":43,"column":26}},{"start":{"line":43,"column":30},"end":{"line":43,"column":34}}],"line":43},"7":{"loc":{"start":{"line":44,"column":15},"end":{"line":44,"column":28}},"type":"binary-expr","locations":[{"start":{"line":44,"column":15},"end":{"line":44,"column":20}},{"start":{"line":44,"column":24},"end":{"line":44,"column":28}}],"line":44},"8":{"loc":{"start":{"line":45,"column":18},"end":{"line":45,"column":60}},"type":"cond-expr","locations":[{"start":{"line":45,"column":29},"end":{"line":45,"column":53}},{"start":{"line":45,"column":56},"end":{"line":45,"column":60}}],"line":45},"9":{"loc":{"start":{"line":68,"column":55},"end":{"line":68,"column":67}},"type":"default-arg","locations":[{"start":{"line":68,"column":65},"end":{"line":68,"column":67}}],"line":68},"10":{"loc":{"start":{"line":69,"column":10},"end":{"line":69,"column":18}},"type":"default-arg","locations":[{"start":{"line":69,"column":17},"end":{"line":69,"column":18}}],"line":69},"11":{"loc":{"start":{"line":69,"column":20},"end":{"line":69,"column":29}},"type":"default-arg","locations":[{"start":{"line":69,"column":27},"end":{"line":69,"column":29}}],"line":69},"12":{"loc":{"start":{"line":69,"column":31},"end":{"line":69,"column":53}},"type":"default-arg","locations":[{"start":{"line":69,"column":41},"end":{"line":69,"column":53}}],"line":69},"13":{"loc":{"start":{"line":69,"column":55},"end":{"line":69,"column":77}},"type":"default-arg","locations":[{"start":{"line":69,"column":72},"end":{"line":69,"column":77}}],"line":69},"14":{"loc":{"start":{"line":77,"column":4},"end":{"line":79,"column":5}},"type":"if","locations":[{"start":{"line":77,"column":4},"end":{"line":79,"column":5}},{"start":{},"end":{}}],"line":77},"15":{"loc":{"start":{"line":77,"column":8},"end":{"line":77,"column":47}},"type":"binary-expr","locations":[{"start":{"line":77,"column":8},"end":{"line":77,"column":17}},{"start":{"line":77,"column":21},"end":{"line":77,"column":47}}],"line":77},"16":{"loc":{"start":{"line":118,"column":4},"end":{"line":120,"column":5}},"type":"if","locations":[{"start":{"line":118,"column":4},"end":{"line":120,"column":5}},{"start":{},"end":{}}],"line":118},"17":{"loc":{"start":{"line":118,"column":8},"end":{"line":118,"column":48}},"type":"binary-expr","locations":[{"start":{"line":118,"column":8},"end":{"line":118,"column":13}},{"start":{"line":118,"column":17},"end":{"line":118,"column":48}}],"line":118},"18":{"loc":{"start":{"line":143,"column":4},"end":{"line":145,"column":5}},"type":"if","locations":[{"start":{"line":143,"column":4},"end":{"line":145,"column":5}},{"start":{},"end":{}}],"line":143},"19":{"loc":{"start":{"line":143,"column":8},"end":{"line":143,"column":48}},"type":"binary-expr","locations":[{"start":{"line":143,"column":8},"end":{"line":143,"column":13}},{"start":{"line":143,"column":17},"end":{"line":143,"column":48}}],"line":143},"20":{"loc":{"start":{"line":150,"column":14},"end":{"line":150,"column":36}},"type":"binary-expr","locations":[{"start":{"line":150,"column":14},"end":{"line":150,"column":23}},{"start":{"line":150,"column":27},"end":{"line":150,"column":36}}],"line":150},"21":{"loc":{"start":{"line":151,"column":21},"end":{"line":151,"column":57}},"type":"binary-expr","locations":[{"start":{"line":151,"column":21},"end":{"line":151,"column":37}},{"start":{"line":151,"column":41},"end":{"line":151,"column":57}}],"line":151},"22":{"loc":{"start":{"line":152,"column":18},"end":{"line":152,"column":48}},"type":"binary-expr","locations":[{"start":{"line":152,"column":18},"end":{"line":152,"column":31}},{"start":{"line":152,"column":35},"end":{"line":152,"column":48}}],"line":152},"23":{"loc":{"start":{"line":153,"column":15},"end":{"line":153,"column":39}},"type":"binary-expr","locations":[{"start":{"line":153,"column":15},"end":{"line":153,"column":25}},{"start":{"line":153,"column":29},"end":{"line":153,"column":39}}],"line":153},"24":{"loc":{"start":{"line":154,"column":18},"end":{"line":154,"column":48}},"type":"binary-expr","locations":[{"start":{"line":154,"column":18},"end":{"line":154,"column":31}},{"start":{"line":154,"column":35},"end":{"line":154,"column":48}}],"line":154},"25":{"loc":{"start":{"line":179,"column":4},"end":{"line":181,"column":5}},"type":"if","locations":[{"start":{"line":179,"column":4},"end":{"line":181,"column":5}},{"start":{},"end":{}}],"line":179},"26":{"loc":{"start":{"line":179,"column":8},"end":{"line":179,"column":48}},"type":"binary-expr","locations":[{"start":{"line":179,"column":8},"end":{"line":179,"column":13}},{"start":{"line":179,"column":17},"end":{"line":179,"column":48}}],"line":179},"27":{"loc":{"start":{"line":214,"column":4},"end":{"line":216,"column":5}},"type":"if","locations":[{"start":{"line":214,"column":4},"end":{"line":216,"column":5}},{"start":{},"end":{}}],"line":214},"28":{"loc":{"start":{"line":214,"column":8},"end":{"line":214,"column":47}},"type":"binary-expr","locations":[{"start":{"line":214,"column":8},"end":{"line":214,"column":17}},{"start":{"line":214,"column":21},"end":{"line":214,"column":47}}],"line":214},"29":{"loc":{"start":{"line":230,"column":6},"end":{"line":232,"column":7}},"type":"if","locations":[{"start":{"line":230,"column":6},"end":{"line":232,"column":7}},{"start":{},"end":{}}],"line":230},"30":{"loc":{"start":{"line":230,"column":10},"end":{"line":230,"column":49}},"type":"binary-expr","locations":[{"start":{"line":230,"column":10},"end":{"line":230,"column":15}},{"start":{"line":230,"column":19},"end":{"line":230,"column":49}}],"line":230},"31":{"loc":{"start":{"line":244,"column":30},"end":{"line":244,"column":53}},"type":"binary-expr","locations":[{"start":{"line":244,"column":30},"end":{"line":244,"column":44}},{"start":{"line":244,"column":48},"end":{"line":244,"column":53}}],"line":244},"32":{"loc":{"start":{"line":309,"column":2},"end":{"line":311,"column":3}},"type":"if","locations":[{"start":{"line":309,"column":2},"end":{"line":311,"column":3}},{"start":{},"end":{}}],"line":309},"33":{"loc":{"start":{"line":314,"column":2},"end":{"line":316,"column":3}},"type":"if","locations":[{"start":{"line":314,"column":2},"end":{"line":316,"column":3}},{"start":{},"end":{}}],"line":314}},"s":{"0":0,"1":0,"2":0,"3":0,"4":0,"5":0,"6":0,"7":0,"8":0,"9":0,"10":0,"11":0,"12":0,"13":0,"14":0,"15":0,"16":0,"17":0,"18":0,"19":0,"20":0,"21":0,"22":0,"23":0,"24":0,"25":0,"26":0,"27":0,"28":0,"29":0,"30":0,"31":0,"32":0,"33":0,"34":0,"35":0,"36":0,"37":0,"38":0,"39":0,"40":0,"41":0,"42":0,"43":0,"44":0,"45":0,"46":0,"47":0,"48":0,"49":0,"50":0,"51":0,"52":0,"53":0,"54":0,"55":0,"56":0,"57":0,"58":0,"59":0,"60":0,"61":0,"62":0,"63":0,"64":0,"65":0,"66":0,"67":0,"68":0,"69":0,"70":0,"71":0,"72":0,"73":0,"74":0,"75":0,"76":0,"77":0},"f":{"0":0,"1":0,"2":0,"3":0,"4":0,"5":0,"6":0,"7":0,"8":0},"b":{"0":[0,0],"1":[0,0],"2":[0,0],"3":[0,0],"4":[0,0],"5":[0,0],"6":[0,0],"7":[0,0],"8":[0,0],"9":[0],"10":[0],"11":[0],"12":[0],"13":[0],"14":[0,0],"15":[0,0],"16":[0,0],"17":[0,0],"18":[0,0],"19":[0,0],"20":[0,0],"21":[0,0],"22":[0,0],"23":[0,0],"24":[0,0],"25":[0,0],"26":[0,0],"27":[0,0],"28":[0,0],"29":[0,0],"30":[0,0],"31":[0,0],"32":[0,0],"33":[0,0]}}}}
