{"numFailedTestSuites":3,"numFailedTests":13,"numPassedTestSuites":0,"numPassedTests":14,"numPendingTestSuites":0,"numPendingTests":0,"numRuntimeErrorTestSuites":0,"numTodoTests":0,"numTotalTestSuites":3,"numTotalTests":27,"openHandles":[],"snapshot":{"added":0,"didUpdate":false,"failure":false,"filesAdded":0,"filesRemoved":0,"filesRemovedList":[],"filesUnmatched":0,"filesUpdated":0,"matched":0,"total":0,"unchecked":0,"uncheckedKeysByFile":[],"unmatched":0,"updated":0},"startTime":1773193010735,"success":false,"testResults":[{"assertionResults":[{"ancestorTitles":["ExecutionService","executeScenario"],"duration":33,"failureDetails":[],"failureMessages":[],"fullName":"ExecutionService executeScenario should throw error if scenario not found","invocations":1,"location":null,"numPassingAsserts":1,"retryReasons":[],"status":"passed","title":"should throw error if scenario not found"},{"ancestorTitles":["ExecutionService","executeScenario"],"duration":1,"failureDetails":[],"failureMessages":[],"fullName":"ExecutionService executeScenario should throw error if no test steps","invocations":1,"location":null,"numPassingAsserts":1,"retryReasons":[],"status":"passed","title":"should throw error if no test steps"},{"ancestorTitles":["ExecutionService","executeScenario"],"duration":1,"failureDetails":[{}],"failureMessages":["TypeError: Cannot read properties of undefined (reading 'catch')\n    at D:\\myfolder\\myproject\\testingndri\\backend\\src\\services\\executionService.js:161:27\n    at Generator.call (D:\\myfolder\\myproject\\testingndri\\backend\\src\\services\\executionService.js:2:1)\n    at Generator._invoke [as next] (D:\\myfolder\\myproject\\testingndri\\backend\\src\\services\\executionService.js:2:1)\n    at asyncGeneratorStep (D:\\myfolder\\myproject\\testingndri\\backend\\src\\services\\executionService.js:2:1)\n    at asyncGeneratorStep (D:\\myfolder\\myproject\\testingndri\\backend\\src\\services\\executionService.js:2:1)"],"fullName":"ExecutionService executeScenario should create execution record","invocations":1,"location":null,"numPassingAsserts":0,"retryReasons":[],"status":"failed","title":"should create execution record"},{"ancestorTitles":["ExecutionService","getExecutionHistory"],"duration":1,"failureDetails":[],"failureMessages":[],"fullName":"ExecutionService getExecutionHistory should fetch execution history for a user","invocations":1,"location":null,"numPassingAsserts":2,"retryReasons":[],"status":"passed","title":"should fetch execution history for a user"},{"ancestorTitles":["ExecutionService","getExecutionHistory"],"duration":3,"failureDetails":[{"matcherResult":{"message":"\u001b[2mexpect(\u001b[22m\u001b[31mjest.fn()\u001b[39m\u001b[2m).\u001b[22mtoHaveBeenCalledWith\u001b[2m(\u001b[22m\u001b[32m...expected\u001b[39m\u001b[2m)\u001b[22m\n\nExpected: \u001b[32mObjectContaining {\"skip\": 10, \"take\": 5}\u001b[39m\nReceived: \u001b[31m{\"include\": {\"scenario\": {\"select\": {\"name\": true}}, \"stepResults\": true}, \"orderBy\": {\"createdAt\": \"desc\"}, \"skip\": 0, \"take\": 20, \"where\": {\"scenarioId\": {\"skip\": 10, \"take\": 5}, \"userId\": \"user-123\"}}\u001b[39m\n\nNumber of calls: \u001b[31m1\u001b[39m","pass":false}}],"failureMessages":["Error: \u001b[2mexpect(\u001b[22m\u001b[31mjest.fn()\u001b[39m\u001b[2m).\u001b[22mtoHaveBeenCalledWith\u001b[2m(\u001b[22m\u001b[32m...expected\u001b[39m\u001b[2m)\u001b[22m\n\nExpected: \u001b[32mObjectContaining {\"skip\": 10, \"take\": 5}\u001b[39m\nReceived: \u001b[31m{\"include\": {\"scenario\": {\"select\": {\"name\": true}}, \"stepResults\": true}, \"orderBy\": {\"createdAt\": \"desc\"}, \"skip\": 0, \"take\": 20, \"where\": {\"scenarioId\": {\"skip\": 10, \"take\": 5}, \"userId\": \"user-123\"}}\u001b[39m\n\nNumber of calls: \u001b[31m1\u001b[39m\n    at toHaveBeenCalledWith (D:\\myfolder\\myproject\\testingndri\\backend\\src\\services\\__tests__\\executionService.test.js:140:41)\n    at Generator.call (D:\\myfolder\\myproject\\testingndri\\backend\\src\\services\\__tests__\\executionService.test.js:2:1)\n    at Generator._invoke [as next] (D:\\myfolder\\myproject\\testingndri\\backend\\src\\services\\__tests__\\executionService.test.js:2:1)\n    at asyncGeneratorStep (D:\\myfolder\\myproject\\testingndri\\backend\\src\\services\\__tests__\\executionService.test.js:2:1)\n    at asyncGeneratorStep (D:\\myfolder\\myproject\\testingndri\\backend\\src\\services\\__tests__\\executionService.test.js:2:1)"],"fullName":"ExecutionService getExecutionHistory should support pagination in execution history","invocations":1,"location":null,"numPassingAsserts":0,"retryReasons":[],"status":"failed","title":"should support pagination in execution history"},{"ancestorTitles":["ExecutionService","getExecutionDetails"],"duration":0,"failureDetails":[{}],"failureMessages":["TypeError: _prisma.prisma.execution.findFirst is not a function\n    at findFirst (D:\\myfolder\\myproject\\testingndri\\backend\\src\\services\\executionService.js:352:46)\n    at Generator.call (D:\\myfolder\\myproject\\testingndri\\backend\\src\\services\\executionService.js:2:1)\n    at Generator._invoke [as next] (D:\\myfolder\\myproject\\testingndri\\backend\\src\\services\\executionService.js:2:1)\n    at asyncGeneratorStep (D:\\myfolder\\myproject\\testingndri\\backend\\src\\services\\executionService.js:2:1)\n    at asyncGeneratorStep (D:\\myfolder\\myproject\\testingndri\\backend\\src\\services\\executionService.js:2:1)\n    at _next (D:\\myfolder\\myproject\\testingndri\\backend\\src\\services\\executionService.js:2:1)\n    at new Promise (<anonymous>)\n    at D:\\myfolder\\myproject\\testingndri\\backend\\src\\services\\executionService.js:2:1\n    at Object.getExecutionDetails (D:\\myfolder\\myproject\\testingndri\\backend\\src\\services\\executionService.js:366:21)\n    at getExecutionDetails (D:\\myfolder\\myproject\\testingndri\\backend\\src\\services\\__tests__\\executionService.test.js:180:45)\n    at Generator.call (D:\\myfolder\\myproject\\testingndri\\backend\\src\\services\\__tests__\\executionService.test.js:2:1)\n    at Generator._invoke [as next] (D:\\myfolder\\myproject\\testingndri\\backend\\src\\services\\__tests__\\executionService.test.js:2:1)\n    at asyncGeneratorStep (D:\\myfolder\\myproject\\testingndri\\backend\\src\\services\\__tests__\\executionService.test.js:2:1)\n    at asyncGeneratorStep (D:\\myfolder\\myproject\\testingndri\\backend\\src\\services\\__tests__\\executionService.test.js:2:1)\n    at _next (D:\\myfolder\\myproject\\testingndri\\backend\\src\\services\\__tests__\\executionService.test.js:2:1)\n    at new Promise (<anonymous>)\n    at Object.<anonymous> (D:\\myfolder\\myproject\\testingndri\\backend\\src\\services\\__tests__\\executionService.test.js:2:1)\n    at Promise.then.completed (D:\\myfolder\\myproject\\testingndri\\node_modules\\jest-circus\\build\\utils.js:298:28)\n    at new Promise (<anonymous>)\n    at callAsyncCircusFn (D:\\myfolder\\myproject\\testingndri\\node_modules\\jest-circus\\build\\utils.js:231:10)\n    at _callCircusTest (D:\\myfolder\\myproject\\testingndri\\node_modules\\jest-circus\\build\\run.js:316:40)\n    at _runTest (D:\\myfolder\\myproject\\testingndri\\node_modules\\jest-circus\\build\\run.js:252:3)\n    at _runTestsForDescribeBlock (D:\\myfolder\\myproject\\testingndri\\node_modules\\jest-circus\\build\\run.js:126:9)\n    at _runTestsForDescribeBlock (D:\\myfolder\\myproject\\testingndri\\node_modules\\jest-circus\\build\\run.js:121:9)\n    at _runTestsForDescribeBlock (D:\\myfolder\\myproject\\testingndri\\node_modules\\jest-circus\\build\\run.js:121:9)\n    at run (D:\\myfolder\\myproject\\testingndri\\node_modules\\jest-circus\\build\\run.js:71:3)\n    at runAndTransformResultsToJestFormat (D:\\myfolder\\myproject\\testingndri\\node_modules\\jest-circus\\build\\legacy-code-todo-rewrite\\jestAdapterInit.js:122:21)\n    at jestAdapter (D:\\myfolder\\myproject\\testingndri\\node_modules\\jest-circus\\build\\legacy-code-todo-rewrite\\jestAdapter.js:79:19)\n    at runTestInternal (D:\\myfolder\\myproject\\testingndri\\node_modules\\jest-runner\\build\\runTest.js:367:16)\n    at runTest (D:\\myfolder\\myproject\\testingndri\\node_modules\\jest-runner\\build\\runTest.js:444:34)"],"fullName":"ExecutionService getExecutionDetails should fetch detailed execution information","invocations":1,"location":null,"numPassingAsserts":0,"retryReasons":[],"status":"failed","title":"should fetch detailed execution information"}],"endTime":1773193011387,"message":"\u001b[1m\u001b[31m  \u001b[1m● \u001b[22m\u001b[1mExecutionService › executeScenario › should create execution record\u001b[39m\u001b[22m\n\n    TypeError: Cannot read properties of undefined (reading 'catch')\n\u001b[2m\u001b[22m\n\u001b[2m    \u001b[0m \u001b[90m 159 |\u001b[39m       \u001b[90m// Cleanup\u001b[39m\u001b[22m\n\u001b[2m     \u001b[90m 160 |\u001b[39m       \u001b[36mif\u001b[39m (page) {\u001b[22m\n\u001b[2m    \u001b[31m\u001b[1m>\u001b[22m\u001b[2m\u001b[39m\u001b[90m 161 |\u001b[39m         \u001b[36mawait\u001b[39m page\u001b[33m.\u001b[39mclose()\u001b[33m.\u001b[39m\u001b[36mcatch\u001b[39m(() \u001b[33m=>\u001b[39m {})\u001b[22m\n\u001b[2m     \u001b[90m     |\u001b[39m                           \u001b[31m\u001b[1m^\u001b[22m\u001b[2m\u001b[39m\u001b[22m\n\u001b[2m     \u001b[90m 162 |\u001b[39m       }\u001b[22m\n\u001b[2m     \u001b[90m 163 |\u001b[39m       \u001b[36mif\u001b[39m (context) {\u001b[22m\n\u001b[2m     \u001b[90m 164 |\u001b[39m         \u001b[36mawait\u001b[39m context\u001b[33m.\u001b[39mclose()\u001b[33m.\u001b[39m\u001b[36mcatch\u001b[39m(() \u001b[33m=>\u001b[39m {})\u001b[0m\u001b[22m\n\u001b[2m\u001b[22m\n\u001b[2m      \u001b[2mat \u001b[22m\u001b[2msrc/services/executionService.js\u001b[2m:161:27\u001b[22m\u001b[2m\u001b[22m\n\u001b[2m      \u001b[2mat Generator.call (\u001b[22m\u001b[2msrc/services/executionService.js\u001b[2m:2:1)\u001b[22m\u001b[2m\u001b[22m\n\u001b[2m      \u001b[2mat Generator._invoke [as next] (\u001b[22m\u001b[2msrc/services/executionService.js\u001b[2m:2:1)\u001b[22m\u001b[2m\u001b[22m\n\u001b[2m      \u001b[2mat asyncGeneratorStep (\u001b[22m\u001b[2msrc/services/executionService.js\u001b[2m:2:1)\u001b[22m\u001b[2m\u001b[22m\n\u001b[2m      \u001b[2mat asyncGeneratorStep (\u001b[22m\u001b[2msrc/services/executionService.js\u001b[2m:2:1)\u001b[22m\u001b[2m\u001b[22m\n\n\u001b[1m\u001b[31m  \u001b[1m● \u001b[22m\u001b[1mExecutionService › getExecutionHistory › should support pagination in execution history\u001b[39m\u001b[22m\n\n    \u001b[2mexpect(\u001b[22m\u001b[31mjest.fn()\u001b[39m\u001b[2m).\u001b[22mtoHaveBeenCalledWith\u001b[2m(\u001b[22m\u001b[32m...expected\u001b[39m\u001b[2m)\u001b[22m\n\n    Expected: \u001b[32mObjectContaining {\"skip\": 10, \"take\": 5}\u001b[39m\n    Received: \u001b[31m{\"include\": {\"scenario\": {\"select\": {\"name\": true}}, \"stepResults\": true}, \"orderBy\": {\"createdAt\": \"desc\"}, \"skip\": 0, \"take\": 20, \"where\": {\"scenarioId\": {\"skip\": 10, \"take\": 5}, \"userId\": \"user-123\"}}\u001b[39m\n\n    Number of calls: \u001b[31m1\u001b[39m\n\u001b[2m\u001b[22m\n\u001b[2m    \u001b[0m \u001b[90m 138 |\u001b[39m       \u001b[36mawait\u001b[39m executionService\u001b[33m.\u001b[39mgetExecutionHistory(\u001b[32m'user-123'\u001b[39m\u001b[33m,\u001b[39m { skip\u001b[33m:\u001b[39m \u001b[35m10\u001b[39m\u001b[33m,\u001b[39m take\u001b[33m:\u001b[39m \u001b[35m5\u001b[39m })\u001b[22m\n\u001b[2m     \u001b[90m 139 |\u001b[39m\u001b[22m\n\u001b[2m    \u001b[31m\u001b[1m>\u001b[22m\u001b[2m\u001b[39m\u001b[90m 140 |\u001b[39m       expect(prisma\u001b[33m.\u001b[39mexecution\u001b[33m.\u001b[39mfindMany)\u001b[33m.\u001b[39mtoHaveBeenCalledWith(\u001b[22m\n\u001b[2m     \u001b[90m     |\u001b[39m                                         \u001b[31m\u001b[1m^\u001b[22m\u001b[2m\u001b[39m\u001b[22m\n\u001b[2m     \u001b[90m 141 |\u001b[39m         expect\u001b[33m.\u001b[39mobjectContaining({\u001b[22m\n\u001b[2m     \u001b[90m 142 |\u001b[39m           skip\u001b[33m:\u001b[39m \u001b[35m10\u001b[39m\u001b[33m,\u001b[39m\u001b[22m\n\u001b[2m     \u001b[90m 143 |\u001b[39m           take\u001b[33m:\u001b[39m \u001b[35m5\u001b[39m\u001b[0m\u001b[22m\n\u001b[2m\u001b[22m\n\u001b[2m      \u001b[2mat toHaveBeenCalledWith (\u001b[22m\u001b[2m\u001b[0m\u001b[36msrc/services/__tests__/executionService.test.js\u001b[39m\u001b[0m\u001b[2m:140:41)\u001b[22m\u001b[2m\u001b[22m\n\u001b[2m      \u001b[2mat Generator.call (\u001b[22m\u001b[2m\u001b[0m\u001b[36msrc/services/__tests__/executionService.test.js\u001b[39m\u001b[0m\u001b[2m:2:1)\u001b[22m\u001b[2m\u001b[22m\n\u001b[2m      \u001b[2mat Generator._invoke [as next] (\u001b[22m\u001b[2m\u001b[0m\u001b[36msrc/services/__tests__/executionService.test.js\u001b[39m\u001b[0m\u001b[2m:2:1)\u001b[22m\u001b[2m\u001b[22m\n\u001b[2m      \u001b[2mat asyncGeneratorStep (\u001b[22m\u001b[2m\u001b[0m\u001b[36msrc/services/__tests__/executionService.test.js\u001b[39m\u001b[0m\u001b[2m:2:1)\u001b[22m\u001b[2m\u001b[22m\n\u001b[2m      \u001b[2mat asyncGeneratorStep (\u001b[22m\u001b[2m\u001b[0m\u001b[36msrc/services/__tests__/executionService.test.js\u001b[39m\u001b[0m\u001b[2m:2:1)\u001b[22m\u001b[2m\u001b[22m\n\n\u001b[1m\u001b[31m  \u001b[1m● \u001b[22m\u001b[1mExecutionService › getExecutionDetails › should fetch detailed execution information\u001b[39m\u001b[22m\n\n    TypeError: _prisma.prisma.execution.findFirst is not a function\n\u001b[2m\u001b[22m\n\u001b[2m    \u001b[0m \u001b[90m 350 |\u001b[39m \u001b[90m   */\u001b[39m\u001b[22m\n\u001b[2m     \u001b[90m 351 |\u001b[39m   \u001b[36masync\u001b[39m getExecutionDetails(userId\u001b[33m,\u001b[39m executionId) {\u001b[22m\n\u001b[2m    \u001b[31m\u001b[1m>\u001b[22m\u001b[2m\u001b[39m\u001b[90m 352 |\u001b[39m     \u001b[36mconst\u001b[39m execution \u001b[33m=\u001b[39m \u001b[36mawait\u001b[39m prisma\u001b[33m.\u001b[39mexecution\u001b[33m.\u001b[39mfindFirst({\u001b[22m\n\u001b[2m     \u001b[90m     |\u001b[39m                                              \u001b[31m\u001b[1m^\u001b[22m\u001b[2m\u001b[39m\u001b[22m\n\u001b[2m     \u001b[90m 353 |\u001b[39m       where\u001b[33m:\u001b[39m { id\u001b[33m:\u001b[39m executionId\u001b[33m,\u001b[39m userId }\u001b[33m,\u001b[39m\u001b[22m\n\u001b[2m     \u001b[90m 354 |\u001b[39m       include\u001b[33m:\u001b[39m {\u001b[22m\n\u001b[2m     \u001b[90m 355 |\u001b[39m         scenario\u001b[33m:\u001b[39m { select\u001b[33m:\u001b[39m { name\u001b[33m:\u001b[39m \u001b[36mtrue\u001b[39m\u001b[33m,\u001b[39m url\u001b[33m:\u001b[39m \u001b[36mtrue\u001b[39m } }\u001b[33m,\u001b[39m\u001b[0m\u001b[22m\n\u001b[2m\u001b[22m\n\u001b[2m      \u001b[2mat findFirst (\u001b[22m\u001b[2msrc/services/executionService.js\u001b[2m:352:46)\u001b[22m\u001b[2m\u001b[22m\n\u001b[2m      \u001b[2mat Generator.call (\u001b[22m\u001b[2msrc/services/executionService.js\u001b[2m:2:1)\u001b[22m\u001b[2m\u001b[22m\n\u001b[2m      \u001b[2mat Generator._invoke [as next] (\u001b[22m\u001b[2msrc/services/executionService.js\u001b[2m:2:1)\u001b[22m\u001b[2m\u001b[22m\n\u001b[2m      \u001b[2mat asyncGeneratorStep (\u001b[22m\u001b[2msrc/services/executionService.js\u001b[2m:2:1)\u001b[22m\u001b[2m\u001b[22m\n\u001b[2m      \u001b[2mat asyncGeneratorStep (\u001b[22m\u001b[2msrc/services/executionService.js\u001b[2m:2:1)\u001b[22m\u001b[2m\u001b[22m\n\u001b[2m      \u001b[2mat _next (\u001b[22m\u001b[2msrc/services/executionService.js\u001b[2m:2:1)\u001b[22m\u001b[2m\u001b[22m\n\u001b[2m      \u001b[2mat \u001b[22m\u001b[2msrc/services/executionService.js\u001b[2m:2:1\u001b[22m\u001b[2m\u001b[22m\n\u001b[2m      \u001b[2mat Object.getExecutionDetails (\u001b[22m\u001b[2msrc/services/executionService.js\u001b[2m:366:21)\u001b[22m\u001b[2m\u001b[22m\n\u001b[2m      \u001b[2mat getExecutionDetails (\u001b[22m\u001b[2m\u001b[0m\u001b[36msrc/services/__tests__/executionService.test.js\u001b[39m\u001b[0m\u001b[2m:180:45)\u001b[22m\u001b[2m\u001b[22m\n\u001b[2m      \u001b[2mat Generator.call (\u001b[22m\u001b[2m\u001b[0m\u001b[36msrc/services/__tests__/executionService.test.js\u001b[39m\u001b[0m\u001b[2m:2:1)\u001b[22m\u001b[2m\u001b[22m\n\u001b[2m      \u001b[2mat Generator._invoke [as next] (\u001b[22m\u001b[2m\u001b[0m\u001b[36msrc/services/__tests__/executionService.test.js\u001b[39m\u001b[0m\u001b[2m:2:1)\u001b[22m\u001b[2m\u001b[22m\n\u001b[2m      \u001b[2mat asyncGeneratorStep (\u001b[22m\u001b[2m\u001b[0m\u001b[36msrc/services/__tests__/executionService.test.js\u001b[39m\u001b[0m\u001b[2m:2:1)\u001b[22m\u001b[2m\u001b[22m\n\u001b[2m      \u001b[2mat asyncGeneratorStep (\u001b[22m\u001b[2m\u001b[0m\u001b[36msrc/services/__tests__/executionService.test.js\u001b[39m\u001b[0m\u001b[2m:2:1)\u001b[22m\u001b[2m\u001b[22m\n\u001b[2m      \u001b[2mat _next (\u001b[22m\u001b[2m\u001b[0m\u001b[36msrc/services/__tests__/executionService.test.js\u001b[39m\u001b[0m\u001b[2m:2:1)\u001b[22m\u001b[2m\u001b[22m\n\u001b[2m      \u001b[2mat Object.<anonymous> (\u001b[22m\u001b[2m\u001b[0m\u001b[36msrc/services/__tests__/executionService.test.js\u001b[39m\u001b[0m\u001b[2m:2:1)\u001b[22m\u001b[2m\u001b[22m\n","name":"D:\\myfolder\\myproject\\testingndri\\backend\\src\\services\\__tests__\\executionService.test.js","startTime":1773193010779,"status":"failed","summary":""},{"assertionResults":[{"ancestorTitles":["QaseService","saveQaseCredentials"],"duration":2,"failureDetails":[],"failureMessages":[],"fullName":"QaseService saveQaseCredentials should save valid Qase credentials","invocations":1,"location":null,"numPassingAsserts":3,"retryReasons":[],"status":"passed","title":"should save valid Qase credentials"},{"ancestorTitles":["QaseService","saveQaseCredentials"],"duration":30,"failureDetails":[],"failureMessages":[],"fullName":"QaseService saveQaseCredentials should throw error if API key is missing","invocations":1,"location":null,"numPassingAsserts":1,"retryReasons":[],"status":"passed","title":"should throw error if API key is missing"},{"ancestorTitles":["QaseService","saveQaseCredentials"],"duration":0,"failureDetails":[],"failureMessages":[],"fullName":"QaseService saveQaseCredentials should throw error if project code is missing","invocations":1,"location":null,"numPassingAsserts":1,"retryReasons":[],"status":"passed","title":"should throw error if project code is missing"},{"ancestorTitles":["QaseService","saveQaseCredentials"],"duration":1,"failureDetails":[],"failureMessages":[],"fullName":"QaseService saveQaseCredentials should throw error if credentials are invalid","invocations":1,"location":null,"numPassingAsserts":1,"retryReasons":[],"status":"passed","title":"should throw error if credentials are invalid"},{"ancestorTitles":["QaseService","saveQaseCredentials"],"duration":1,"failureDetails":[],"failureMessages":[],"fullName":"QaseService saveQaseCredentials should verify credentials before saving","invocations":1,"location":null,"numPassingAsserts":1,"retryReasons":[],"status":"passed","title":"should verify credentials before saving"},{"ancestorTitles":["QaseService","getQaseIntegration"],"duration":0,"failureDetails":[],"failureMessages":[],"fullName":"QaseService getQaseIntegration should fetch Qase integration without exposing API key","invocations":1,"location":null,"numPassingAsserts":3,"retryReasons":[],"status":"passed","title":"should fetch Qase integration without exposing API key"},{"ancestorTitles":["QaseService","getQaseIntegration"],"duration":0,"failureDetails":[],"failureMessages":[],"fullName":"QaseService getQaseIntegration should return null if integration not found","invocations":1,"location":null,"numPassingAsserts":1,"retryReasons":[],"status":"passed","title":"should return null if integration not found"},{"ancestorTitles":["QaseService","syncCasesFromQase"],"duration":2,"failureDetails":[{"matcherResult":{"message":"\u001b[2mexpect(\u001b[22m\u001b[31mreceived\u001b[39m\u001b[2m).\u001b[22mrejects\u001b[2m.\u001b[22mtoThrow\u001b[2m(\u001b[22m\u001b[32mexpected\u001b[39m\u001b[2m)\u001b[22m\n\nExpected substring: \u001b[32m\"Qase integration not found\"\u001b[39m\nReceived message:   \u001b[31m\"Qase integration not configured\"\u001b[39m\n\n    \u001b[0m \u001b[90m 79 |\u001b[39m\n     \u001b[90m 80 |\u001b[39m     \u001b[36mif\u001b[39m (\u001b[33m!\u001b[39mintegration) {\n    \u001b[31m\u001b[1m>\u001b[22m\u001b[39m\u001b[90m 81 |\u001b[39m       \u001b[36mthrow\u001b[39m \u001b[36mnew\u001b[39m \u001b[33mError\u001b[39m(\u001b[32m'Qase integration not configured'\u001b[39m)\n     \u001b[90m    |\u001b[39m             \u001b[31m\u001b[1m^\u001b[22m\u001b[39m\n     \u001b[90m 82 |\u001b[39m     }\n     \u001b[90m 83 |\u001b[39m\n     \u001b[90m 84 |\u001b[39m     \u001b[36mtry\u001b[39m {\u001b[0m\n\n      \u001b[2mat \u001b[22msrc/services/qaseService.js\u001b[2m:81:13\u001b[22m\n      \u001b[2mat Generator.call (\u001b[22msrc/services/qaseService.js\u001b[2m:2:1)\u001b[22m\n      \u001b[2mat Generator._invoke [as next] (\u001b[22msrc/services/qaseService.js\u001b[2m:2:1)\u001b[22m\n      \u001b[2mat asyncGeneratorStep (\u001b[22msrc/services/qaseService.js\u001b[2m:2:1)\u001b[22m\n      \u001b[2mat asyncGeneratorStep (\u001b[22msrc/services/qaseService.js\u001b[2m:2:1)\u001b[22m","pass":false},"message":"\u001b[2mexpect(\u001b[22m\u001b[31mreceived\u001b[39m\u001b[2m).\u001b[22mrejects\u001b[2m.\u001b[22mtoThrow\u001b[2m(\u001b[22m\u001b[32mexpected\u001b[39m\u001b[2m)\u001b[22m\n\nExpected substring: \u001b[32m\"Qase integration not found\"\u001b[39m\nReceived message:   \u001b[31m\"Qase integration not configured\"\u001b[39m\n\n    \u001b[0m \u001b[90m 79 |\u001b[39m\n     \u001b[90m 80 |\u001b[39m     \u001b[36mif\u001b[39m (\u001b[33m!\u001b[39mintegration) {\n    \u001b[31m\u001b[1m>\u001b[22m\u001b[39m\u001b[90m 81 |\u001b[39m       \u001b[36mthrow\u001b[39m \u001b[36mnew\u001b[39m \u001b[33mError\u001b[39m(\u001b[32m'Qase integration not configured'\u001b[39m)\n     \u001b[90m    |\u001b[39m             \u001b[31m\u001b[1m^\u001b[22m\u001b[39m\n     \u001b[90m 82 |\u001b[39m     }\n     \u001b[90m 83 |\u001b[39m\n     \u001b[90m 84 |\u001b[39m     \u001b[36mtry\u001b[39m {\u001b[0m\n\n      \u001b[2mat \u001b[22msrc/services/qaseService.js\u001b[2m:81:13\u001b[22m\n      \u001b[2mat Generator.call (\u001b[22msrc/services/qaseService.js\u001b[2m:2:1)\u001b[22m\n      \u001b[2mat Generator._invoke [as next] (\u001b[22msrc/services/qaseService.js\u001b[2m:2:1)\u001b[22m\n      \u001b[2mat asyncGeneratorStep (\u001b[22msrc/services/qaseService.js\u001b[2m:2:1)\u001b[22m\n      \u001b[2mat asyncGeneratorStep (\u001b[22msrc/services/qaseService.js\u001b[2m:2:1)\u001b[22m"}],"failureMessages":["Error: \u001b[2mexpect(\u001b[22m\u001b[31mreceived\u001b[39m\u001b[2m).\u001b[22mrejects\u001b[2m.\u001b[22mtoThrow\u001b[2m(\u001b[22m\u001b[32mexpected\u001b[39m\u001b[2m)\u001b[22m\n\nExpected substring: \u001b[32m\"Qase integration not found\"\u001b[39m\nReceived message:   \u001b[31m\"Qase integration not configured\"\u001b[39m\n\n    \u001b[0m \u001b[90m 79 |\u001b[39m\n     \u001b[90m 80 |\u001b[39m     \u001b[36mif\u001b[39m (\u001b[33m!\u001b[39mintegration) {\n    \u001b[31m\u001b[1m>\u001b[22m\u001b[39m\u001b[90m 81 |\u001b[39m       \u001b[36mthrow\u001b[39m \u001b[36mnew\u001b[39m \u001b[33mError\u001b[39m(\u001b[32m'Qase integration not configured'\u001b[39m)\n     \u001b[90m    |\u001b[39m             \u001b[31m\u001b[1m^\u001b[22m\u001b[39m\n     \u001b[90m 82 |\u001b[39m     }\n     \u001b[90m 83 |\u001b[39m\n     \u001b[90m 84 |\u001b[39m     \u001b[36mtry\u001b[39m {\u001b[0m\n\n      \u001b[2mat \u001b[22msrc/services/qaseService.js\u001b[2m:81:13\u001b[22m\n      \u001b[2mat Generator.call (\u001b[22msrc/services/qaseService.js\u001b[2m:2:1)\u001b[22m\n      \u001b[2mat Generator._invoke [as next] (\u001b[22msrc/services/qaseService.js\u001b[2m:2:1)\u001b[22m\n      \u001b[2mat asyncGeneratorStep (\u001b[22msrc/services/qaseService.js\u001b[2m:2:1)\u001b[22m\n      \u001b[2mat asyncGeneratorStep (\u001b[22msrc/services/qaseService.js\u001b[2m:2:1)\u001b[22m\n    at Object.toThrow (D:\\myfolder\\myproject\\testingndri\\node_modules\\expect\\build\\index.js:218:22)\n    at toThrow (D:\\myfolder\\myproject\\testingndri\\backend\\src\\services\\__tests__\\qaseService.test.js:143:17)\n    at Generator.call (D:\\myfolder\\myproject\\testingndri\\backend\\src\\services\\__tests__\\qaseService.test.js:2:1)\n    at Generator._invoke [as next] (D:\\myfolder\\myproject\\testingndri\\backend\\src\\services\\__tests__\\qaseService.test.js:2:1)\n    at asyncGeneratorStep (D:\\myfolder\\myproject\\testingndri\\backend\\src\\services\\__tests__\\qaseService.test.js:2:1)\n    at asyncGeneratorStep (D:\\myfolder\\myproject\\testingndri\\backend\\src\\services\\__tests__\\qaseService.test.js:2:1)\n    at _next (D:\\myfolder\\myproject\\testingndri\\backend\\src\\services\\__tests__\\qaseService.test.js:2:1)\n    at new Promise (<anonymous>)\n    at Object.<anonymous> (D:\\myfolder\\myproject\\testingndri\\backend\\src\\services\\__tests__\\qaseService.test.js:2:1)\n    at Promise.then.completed (D:\\myfolder\\myproject\\testingndri\\node_modules\\jest-circus\\build\\utils.js:298:28)\n    at new Promise (<anonymous>)\n    at callAsyncCircusFn (D:\\myfolder\\myproject\\testingndri\\node_modules\\jest-circus\\build\\utils.js:231:10)\n    at _callCircusTest (D:\\myfolder\\myproject\\testingndri\\node_modules\\jest-circus\\build\\run.js:316:40)\n    at _runTest (D:\\myfolder\\myproject\\testingndri\\node_modules\\jest-circus\\build\\run.js:252:3)\n    at _runTestsForDescribeBlock (D:\\myfolder\\myproject\\testingndri\\node_modules\\jest-circus\\build\\run.js:126:9)\n    at _runTestsForDescribeBlock (D:\\myfolder\\myproject\\testingndri\\node_modules\\jest-circus\\build\\run.js:121:9)\n    at _runTestsForDescribeBlock (D:\\myfolder\\myproject\\testingndri\\node_modules\\jest-circus\\build\\run.js:121:9)\n    at run (D:\\myfolder\\myproject\\testingndri\\node_modules\\jest-circus\\build\\run.js:71:3)\n    at runAndTransformResultsToJestFormat (D:\\myfolder\\myproject\\testingndri\\node_modules\\jest-circus\\build\\legacy-code-todo-rewrite\\jestAdapterInit.js:122:21)\n    at jestAdapter (D:\\myfolder\\myproject\\testingndri\\node_modules\\jest-circus\\build\\legacy-code-todo-rewrite\\jestAdapter.js:79:19)\n    at runTestInternal (D:\\myfolder\\myproject\\testingndri\\node_modules\\jest-runner\\build\\runTest.js:367:16)\n    at runTest (D:\\myfolder\\myproject\\testingndri\\node_modules\\jest-runner\\build\\runTest.js:444:34)"],"fullName":"QaseService syncCasesFromQase should throw error if integration not found","invocations":1,"location":null,"numPassingAsserts":0,"retryReasons":[],"status":"failed","title":"should throw error if integration not found"},{"ancestorTitles":["QaseService","syncCasesFromQase"],"duration":2,"failureDetails":[{}],"failureMessages":["Error: Sync failed: _prisma.prisma.qaseTestCase.upsert is not a function\n    at D:\\myfolder\\myproject\\testingndri\\backend\\src\\services\\qaseService.js:140:13\n    at Generator.call (D:\\myfolder\\myproject\\testingndri\\backend\\src\\services\\qaseService.js:2:1)\n    at Generator._invoke [as next] (D:\\myfolder\\myproject\\testingndri\\backend\\src\\services\\qaseService.js:2:1)\n    at asyncGeneratorStep (D:\\myfolder\\myproject\\testingndri\\backend\\src\\services\\qaseService.js:2:1)\n    at asyncGeneratorStep (D:\\myfolder\\myproject\\testingndri\\backend\\src\\services\\qaseService.js:2:1)"],"fullName":"QaseService syncCasesFromQase should sync test cases from Qase API","invocations":1,"location":null,"numPassingAsserts":0,"retryReasons":[],"status":"failed","title":"should sync test cases from Qase API"},{"ancestorTitles":["QaseService","publishExecutionToQase"],"duration":0,"failureDetails":[{}],"failureMessages":["TypeError: _qaseService.qaseService.publishExecutionToQase is not a function\n    at publishExecutionToQase (D:\\myfolder\\myproject\\testingndri\\backend\\src\\services\\__tests__\\qaseService.test.js:204:40)\n    at Generator.call (D:\\myfolder\\myproject\\testingndri\\backend\\src\\services\\__tests__\\qaseService.test.js:2:1)\n    at Generator._invoke [as next] (D:\\myfolder\\myproject\\testingndri\\backend\\src\\services\\__tests__\\qaseService.test.js:2:1)\n    at asyncGeneratorStep (D:\\myfolder\\myproject\\testingndri\\backend\\src\\services\\__tests__\\qaseService.test.js:2:1)\n    at asyncGeneratorStep (D:\\myfolder\\myproject\\testingndri\\backend\\src\\services\\__tests__\\qaseService.test.js:2:1)\n    at _next (D:\\myfolder\\myproject\\testingndri\\backend\\src\\services\\__tests__\\qaseService.test.js:2:1)\n    at new Promise (<anonymous>)\n    at Object.<anonymous> (D:\\myfolder\\myproject\\testingndri\\backend\\src\\services\\__tests__\\qaseService.test.js:2:1)\n    at Promise.then.completed (D:\\myfolder\\myproject\\testingndri\\node_modules\\jest-circus\\build\\utils.js:298:28)\n    at new Promise (<anonymous>)\n    at callAsyncCircusFn (D:\\myfolder\\myproject\\testingndri\\node_modules\\jest-circus\\build\\utils.js:231:10)\n    at _callCircusTest (D:\\myfolder\\myproject\\testingndri\\node_modules\\jest-circus\\build\\run.js:316:40)\n    at _runTest (D:\\myfolder\\myproject\\testingndri\\node_modules\\jest-circus\\build\\run.js:252:3)\n    at _runTestsForDescribeBlock (D:\\myfolder\\myproject\\testingndri\\node_modules\\jest-circus\\build\\run.js:126:9)\n    at _runTestsForDescribeBlock (D:\\myfolder\\myproject\\testingndri\\node_modules\\jest-circus\\build\\run.js:121:9)\n    at _runTestsForDescribeBlock (D:\\myfolder\\myproject\\testingndri\\node_modules\\jest-circus\\build\\run.js:121:9)\n    at run (D:\\myfolder\\myproject\\testingndri\\node_modules\\jest-circus\\build\\run.js:71:3)\n    at runAndTransformResultsToJestFormat (D:\\myfolder\\myproject\\testingndri\\node_modules\\jest-circus\\build\\legacy-code-todo-rewrite\\jestAdapterInit.js:122:21)\n    at jestAdapter (D:\\myfolder\\myproject\\testingndri\\node_modules\\jest-circus\\build\\legacy-code-todo-rewrite\\jestAdapter.js:79:19)\n    at runTestInternal (D:\\myfolder\\myproject\\testingndri\\node_modules\\jest-runner\\build\\runTest.js:367:16)\n    at runTest (D:\\myfolder\\myproject\\testingndri\\node_modules\\jest-runner\\build\\runTest.js:444:34)"],"fullName":"QaseService publishExecutionToQase should publish execution results to Qase","invocations":1,"location":null,"numPassingAsserts":0,"retryReasons":[],"status":"failed","title":"should publish execution results to Qase"}],"endTime":1773193011522,"message":"\u001b[1m\u001b[31m  \u001b[1m● \u001b[22m\u001b[1mQaseService › syncCasesFromQase › should throw error if integration not found\u001b[39m\u001b[22m\n\n    \u001b[2mexpect(\u001b[22m\u001b[31mreceived\u001b[39m\u001b[2m).\u001b[22mrejects\u001b[2m.\u001b[22mtoThrow\u001b[2m(\u001b[22m\u001b[32mexpected\u001b[39m\u001b[2m)\u001b[22m\n\n    Expected substring: \u001b[32m\"Qase integration not found\"\u001b[39m\n    Received message:   \u001b[31m\"Qase integration not configured\"\u001b[39m\n\n        \u001b[0m \u001b[90m 79 |\u001b[39m\n         \u001b[90m 80 |\u001b[39m     \u001b[36mif\u001b[39m (\u001b[33m!\u001b[39mintegration) {\n        \u001b[31m\u001b[1m>\u001b[22m\u001b[39m\u001b[90m 81 |\u001b[39m       \u001b[36mthrow\u001b[39m \u001b[36mnew\u001b[39m \u001b[33mError\u001b[39m(\u001b[32m'Qase integration not configured'\u001b[39m)\n         \u001b[90m    |\u001b[39m             \u001b[31m\u001b[1m^\u001b[22m\u001b[39m\n         \u001b[90m 82 |\u001b[39m     }\n         \u001b[90m 83 |\u001b[39m\n         \u001b[90m 84 |\u001b[39m     \u001b[36mtry\u001b[39m {\u001b[0m\n\n          \u001b[2mat \u001b[22msrc/services/qaseService.js\u001b[2m:81:13\u001b[22m\n          \u001b[2mat Generator.call (\u001b[22msrc/services/qaseService.js\u001b[2m:2:1)\u001b[22m\n          \u001b[2mat Generator._invoke [as next] (\u001b[22msrc/services/qaseService.js\u001b[2m:2:1)\u001b[22m\n          \u001b[2mat asyncGeneratorStep (\u001b[22msrc/services/qaseService.js\u001b[2m:2:1)\u001b[22m\n          \u001b[2mat asyncGeneratorStep (\u001b[22msrc/services/qaseService.js\u001b[2m:2:1)\u001b[22m\n\u001b[2m\u001b[22m\n\u001b[2m    \u001b[0m \u001b[90m 141 |\u001b[39m       \u001b[36mawait\u001b[39m expect(\u001b[22m\n\u001b[2m     \u001b[90m 142 |\u001b[39m         qaseService\u001b[33m.\u001b[39msyncCasesFromQase(\u001b[32m'user-123'\u001b[39m)\u001b[22m\n\u001b[2m    \u001b[31m\u001b[1m>\u001b[22m\u001b[2m\u001b[39m\u001b[90m 143 |\u001b[39m       )\u001b[33m.\u001b[39mrejects\u001b[33m.\u001b[39mtoThrow(\u001b[32m'Qase integration not found'\u001b[39m)\u001b[22m\n\u001b[2m     \u001b[90m     |\u001b[39m                 \u001b[31m\u001b[1m^\u001b[22m\u001b[2m\u001b[39m\u001b[22m\n\u001b[2m     \u001b[90m 144 |\u001b[39m     })\u001b[22m\n\u001b[2m     \u001b[90m 145 |\u001b[39m\u001b[22m\n\u001b[2m     \u001b[90m 146 |\u001b[39m     it(\u001b[32m'should sync test cases from Qase API'\u001b[39m\u001b[33m,\u001b[39m \u001b[36masync\u001b[39m () \u001b[33m=>\u001b[39m {\u001b[0m\u001b[22m\n\u001b[2m\u001b[22m\n\u001b[2m      \u001b[2mat Object.toThrow (\u001b[22m\u001b[2m../node_modules/expect/build/index.js\u001b[2m:218:22)\u001b[22m\u001b[2m\u001b[22m\n\u001b[2m      \u001b[2mat toThrow (\u001b[22m\u001b[2m\u001b[0m\u001b[36msrc/services/__tests__/qaseService.test.js\u001b[39m\u001b[0m\u001b[2m:143:17)\u001b[22m\u001b[2m\u001b[22m\n\u001b[2m      \u001b[2mat Generator.call (\u001b[22m\u001b[2m\u001b[0m\u001b[36msrc/services/__tests__/qaseService.test.js\u001b[39m\u001b[0m\u001b[2m:2:1)\u001b[22m\u001b[2m\u001b[22m\n\u001b[2m      \u001b[2mat Generator._invoke [as next] (\u001b[22m\u001b[2m\u001b[0m\u001b[36msrc/services/__tests__/qaseService.test.js\u001b[39m\u001b[0m\u001b[2m:2:1)\u001b[22m\u001b[2m\u001b[22m\n\u001b[2m      \u001b[2mat asyncGeneratorStep (\u001b[22m\u001b[2m\u001b[0m\u001b[36msrc/services/__tests__/qaseService.test.js\u001b[39m\u001b[0m\u001b[2m:2:1)\u001b[22m\u001b[2m\u001b[22m\n\u001b[2m      \u001b[2mat asyncGeneratorStep (\u001b[22m\u001b[2m\u001b[0m\u001b[36msrc/services/__tests__/qaseService.test.js\u001b[39m\u001b[0m\u001b[2m:2:1)\u001b[22m\u001b[2m\u001b[22m\n\u001b[2m      \u001b[2mat _next (\u001b[22m\u001b[2m\u001b[0m\u001b[36msrc/services/__tests__/qaseService.test.js\u001b[39m\u001b[0m\u001b[2m:2:1)\u001b[22m\u001b[2m\u001b[22m\n\u001b[2m      \u001b[2mat Object.<anonymous> (\u001b[22m\u001b[2m\u001b[0m\u001b[36msrc/services/__tests__/qaseService.test.js\u001b[39m\u001b[0m\u001b[2m:2:1)\u001b[22m\u001b[2m\u001b[22m\n\n\u001b[1m\u001b[31m  \u001b[1m● \u001b[22m\u001b[1mQaseService › syncCasesFromQase › should sync test cases from Qase API\u001b[39m\u001b[22m\n\n    Sync failed: _prisma.prisma.qaseTestCase.upsert is not a function\n\u001b[2m\u001b[22m\n\u001b[2m    \u001b[0m \u001b[90m 138 |\u001b[39m       }\u001b[22m\n\u001b[2m     \u001b[90m 139 |\u001b[39m     } \u001b[36mcatch\u001b[39m (error) {\u001b[22m\n\u001b[2m    \u001b[31m\u001b[1m>\u001b[22m\u001b[2m\u001b[39m\u001b[90m 140 |\u001b[39m       \u001b[36mthrow\u001b[39m \u001b[36mnew\u001b[39m \u001b[33mError\u001b[39m(\u001b[32m`Sync failed: ${error.message}`\u001b[39m)\u001b[22m\n\u001b[2m     \u001b[90m     |\u001b[39m             \u001b[31m\u001b[1m^\u001b[22m\u001b[2m\u001b[39m\u001b[22m\n\u001b[2m     \u001b[90m 141 |\u001b[39m     }\u001b[22m\n\u001b[2m     \u001b[90m 142 |\u001b[39m   }\u001b[33m,\u001b[39m\u001b[22m\n\u001b[2m     \u001b[90m 143 |\u001b[39m\u001b[0m\u001b[22m\n\u001b[2m\u001b[22m\n\u001b[2m      \u001b[2mat \u001b[22m\u001b[2msrc/services/qaseService.js\u001b[2m:140:13\u001b[22m\u001b[2m\u001b[22m\n\u001b[2m      \u001b[2mat Generator.call (\u001b[22m\u001b[2msrc/services/qaseService.js\u001b[2m:2:1)\u001b[22m\u001b[2m\u001b[22m\n\u001b[2m      \u001b[2mat Generator._invoke [as next] (\u001b[22m\u001b[2msrc/services/qaseService.js\u001b[2m:2:1)\u001b[22m\u001b[2m\u001b[22m\n\u001b[2m      \u001b[2mat asyncGeneratorStep (\u001b[22m\u001b[2msrc/services/qaseService.js\u001b[2m:2:1)\u001b[22m\u001b[2m\u001b[22m\n\u001b[2m      \u001b[2mat asyncGeneratorStep (\u001b[22m\u001b[2msrc/services/qaseService.js\u001b[2m:2:1)\u001b[22m\u001b[2m\u001b[22m\n\n\u001b[1m\u001b[31m  \u001b[1m● \u001b[22m\u001b[1mQaseService › publishExecutionToQase › should publish execution results to Qase\u001b[39m\u001b[22m\n\n    TypeError: _qaseService.qaseService.publishExecutionToQase is not a function\n\u001b[2m\u001b[22m\n\u001b[2m    \u001b[0m \u001b[90m 202 |\u001b[39m       })\u001b[22m\n\u001b[2m     \u001b[90m 203 |\u001b[39m\u001b[22m\n\u001b[2m    \u001b[31m\u001b[1m>\u001b[22m\u001b[2m\u001b[39m\u001b[90m 204 |\u001b[39m       \u001b[36mconst\u001b[39m result \u001b[33m=\u001b[39m \u001b[36mawait\u001b[39m qaseService\u001b[33m.\u001b[39mpublishExecutionToQase(\u001b[22m\n\u001b[2m     \u001b[90m     |\u001b[39m                                        \u001b[31m\u001b[1m^\u001b[22m\u001b[2m\u001b[39m\u001b[22m\n\u001b[2m     \u001b[90m 205 |\u001b[39m         \u001b[32m'user-123'\u001b[39m\u001b[33m,\u001b[39m\u001b[22m\n\u001b[2m     \u001b[90m 206 |\u001b[39m         \u001b[32m'exec-1'\u001b[39m\u001b[33m,\u001b[39m\u001b[22m\n\u001b[2m     \u001b[90m 207 |\u001b[39m         [\u001b[0m\u001b[22m\n\u001b[2m\u001b[22m\n\u001b[2m      \u001b[2mat publishExecutionToQase (\u001b[22m\u001b[2m\u001b[0m\u001b[36msrc/services/__tests__/qaseService.test.js\u001b[39m\u001b[0m\u001b[2m:204:40)\u001b[22m\u001b[2m\u001b[22m\n\u001b[2m      \u001b[2mat Generator.call (\u001b[22m\u001b[2m\u001b[0m\u001b[36msrc/services/__tests__/qaseService.test.js\u001b[39m\u001b[0m\u001b[2m:2:1)\u001b[22m\u001b[2m\u001b[22m\n\u001b[2m      \u001b[2mat Generator._invoke [as next] (\u001b[22m\u001b[2m\u001b[0m\u001b[36msrc/services/__tests__/qaseService.test.js\u001b[39m\u001b[0m\u001b[2m:2:1)\u001b[22m\u001b[2m\u001b[22m\n\u001b[2m      \u001b[2mat asyncGeneratorStep (\u001b[22m\u001b[2m\u001b[0m\u001b[36msrc/services/__tests__/qaseService.test.js\u001b[39m\u001b[0m\u001b[2m:2:1)\u001b[22m\u001b[2m\u001b[22m\n\u001b[2m      \u001b[2mat asyncGeneratorStep (\u001b[22m\u001b[2m\u001b[0m\u001b[36msrc/services/__tests__/qaseService.test.js\u001b[39m\u001b[0m\u001b[2m:2:1)\u001b[22m\u001b[2m\u001b[22m\n\u001b[2m      \u001b[2mat _next (\u001b[22m\u001b[2m\u001b[0m\u001b[36msrc/services/__tests__/qaseService.test.js\u001b[39m\u001b[0m\u001b[2m:2:1)\u001b[22m\u001b[2m\u001b[22m\n\u001b[2m      \u001b[2mat Object.<anonymous> (\u001b[22m\u001b[2m\u001b[0m\u001b[36msrc/services/__tests__/qaseService.test.js\u001b[39m\u001b[0m\u001b[2m:2:1)\u001b[22m\u001b[2m\u001b[22m\n","name":"D:\\myfolder\\myproject\\testingndri\\backend\\src\\services\\__tests__\\qaseService.test.js","startTime":1773193011401,"status":"failed","summary":""},{"assertionResults":[{"ancestorTitles":["ScenarioService","createScenario"],"duration":3,"failureDetails":[{"matcherResult":{"expected":{"id":"test-id","name":"Test Scenario","description":"A test scenario","url":"https://example.com","userId":"user-123","steps":0,"createdAt":{},"updatedAt":{}},"message":"\u001b[2mexpect(\u001b[22m\u001b[31mreceived\u001b[39m\u001b[2m).\u001b[22mtoEqual\u001b[2m(\u001b[22m\u001b[32mexpected\u001b[39m\u001b[2m) // deep equality\u001b[22m\n\nExpected: \u001b[32m{\"createdAt\": 2026-03-11T01:36:51.605Z, \"description\": \"A test scenario\", \"id\": \"test-id\", \"name\": \"Test Scenario\", \"steps\": 0, \"updatedAt\": 2026-03-11T01:36:51.605Z, \"url\": \"https://example.com\", \"userId\": \"user-123\"}\u001b[39m\nReceived: \u001b[31mundefined\u001b[39m","name":"toEqual","pass":false}}],"failureMessages":["Error: \u001b[2mexpect(\u001b[22m\u001b[31mreceived\u001b[39m\u001b[2m).\u001b[22mtoEqual\u001b[2m(\u001b[22m\u001b[32mexpected\u001b[39m\u001b[2m) // deep equality\u001b[22m\n\nExpected: \u001b[32m{\"createdAt\": 2026-03-11T01:36:51.605Z, \"description\": \"A test scenario\", \"id\": \"test-id\", \"name\": \"Test Scenario\", \"steps\": 0, \"updatedAt\": 2026-03-11T01:36:51.605Z, \"url\": \"https://example.com\", \"userId\": \"user-123\"}\u001b[39m\nReceived: \u001b[31mundefined\u001b[39m\n    at toEqual (D:\\myfolder\\myproject\\testingndri\\backend\\src\\services\\__tests__\\scenarioService.test.js:46:22)\n    at Generator.call (D:\\myfolder\\myproject\\testingndri\\backend\\src\\services\\__tests__\\scenarioService.test.js:2:1)\n    at Generator._invoke [as next] (D:\\myfolder\\myproject\\testingndri\\backend\\src\\services\\__tests__\\scenarioService.test.js:2:1)\n    at asyncGeneratorStep (D:\\myfolder\\myproject\\testingndri\\backend\\src\\services\\__tests__\\scenarioService.test.js:2:1)\n    at asyncGeneratorStep (D:\\myfolder\\myproject\\testingndri\\backend\\src\\services\\__tests__\\scenarioService.test.js:2:1)"],"fullName":"ScenarioService createScenario should create a new scenario with valid data","invocations":1,"location":null,"numPassingAsserts":0,"retryReasons":[],"status":"failed","title":"should create a new scenario with valid data"},{"ancestorTitles":["ScenarioService","createScenario"],"duration":11,"failureDetails":[],"failureMessages":[],"fullName":"ScenarioService createScenario should throw error if name is missing","invocations":1,"location":null,"numPassingAsserts":1,"retryReasons":[],"status":"passed","title":"should throw error if name is missing"},{"ancestorTitles":["ScenarioService","createScenario"],"duration":1,"failureDetails":[],"failureMessages":[],"fullName":"ScenarioService createScenario should throw error if URL is missing","invocations":1,"location":null,"numPassingAsserts":1,"retryReasons":[],"status":"passed","title":"should throw error if URL is missing"},{"ancestorTitles":["ScenarioService","createScenario"],"duration":1,"failureDetails":[],"failureMessages":[],"fullName":"ScenarioService createScenario should throw error if URL is invalid","invocations":1,"location":null,"numPassingAsserts":1,"retryReasons":[],"status":"passed","title":"should throw error if URL is invalid"},{"ancestorTitles":["ScenarioService","getUserScenarios"],"duration":1,"failureDetails":[{"matcherResult":{"expected":[{"id":"1","name":"Scenario 1","steps":5},{"id":"2","name":"Scenario 2","steps":3}],"message":"\u001b[2mexpect(\u001b[22m\u001b[31mreceived\u001b[39m\u001b[2m).\u001b[22mtoEqual\u001b[2m(\u001b[22m\u001b[32mexpected\u001b[39m\u001b[2m) // deep equality\u001b[22m\n\nExpected: \u001b[32m[{\"id\": \"1\", \"name\": \"Scenario 1\", \"steps\": 5}, {\"id\": \"2\", \"name\": \"Scenario 2\", \"steps\": 3}]\u001b[39m\nReceived: \u001b[31mundefined\u001b[39m","name":"toEqual","pass":false}}],"failureMessages":["Error: \u001b[2mexpect(\u001b[22m\u001b[31mreceived\u001b[39m\u001b[2m).\u001b[22mtoEqual\u001b[2m(\u001b[22m\u001b[32mexpected\u001b[39m\u001b[2m) // deep equality\u001b[22m\n\nExpected: \u001b[32m[{\"id\": \"1\", \"name\": \"Scenario 1\", \"steps\": 5}, {\"id\": \"2\", \"name\": \"Scenario 2\", \"steps\": 3}]\u001b[39m\nReceived: \u001b[31mundefined\u001b[39m\n    at toEqual (D:\\myfolder\\myproject\\testingndri\\backend\\src\\services\\__tests__\\scenarioService.test.js:89:32)\n    at Generator.call (D:\\myfolder\\myproject\\testingndri\\backend\\src\\services\\__tests__\\scenarioService.test.js:2:1)\n    at Generator._invoke [as next] (D:\\myfolder\\myproject\\testingndri\\backend\\src\\services\\__tests__\\scenarioService.test.js:2:1)\n    at asyncGeneratorStep (D:\\myfolder\\myproject\\testingndri\\backend\\src\\services\\__tests__\\scenarioService.test.js:2:1)\n    at asyncGeneratorStep (D:\\myfolder\\myproject\\testingndri\\backend\\src\\services\\__tests__\\scenarioService.test.js:2:1)"],"fullName":"ScenarioService getUserScenarios should fetch all scenarios for a user","invocations":1,"location":null,"numPassingAsserts":0,"retryReasons":[],"status":"failed","title":"should fetch all scenarios for a user"},{"ancestorTitles":["ScenarioService","getUserScenarios"],"duration":1,"failureDetails":[{"matcherResult":{"message":"\u001b[2mexpect(\u001b[22m\u001b[31mjest.fn()\u001b[39m\u001b[2m).\u001b[22mtoHaveBeenCalledWith\u001b[2m(\u001b[22m\u001b[32m...expected\u001b[39m\u001b[2m)\u001b[22m\n\nExpected: \u001b[32mObjectContaining {\"skip\": 10, \"take\": 5}\u001b[39m\n\nNumber of calls: \u001b[31m0\u001b[39m","pass":false}}],"failureMessages":["Error: \u001b[2mexpect(\u001b[22m\u001b[31mjest.fn()\u001b[39m\u001b[2m).\u001b[22mtoHaveBeenCalledWith\u001b[2m(\u001b[22m\u001b[32m...expected\u001b[39m\u001b[2m)\u001b[22m\n\nExpected: \u001b[32mObjectContaining {\"skip\": 10, \"take\": 5}\u001b[39m\n\nNumber of calls: \u001b[31m0\u001b[39m\n    at toHaveBeenCalledWith (D:\\myfolder\\myproject\\testingndri\\backend\\src\\services\\__tests__\\scenarioService.test.js:99:44)\n    at Generator.call (D:\\myfolder\\myproject\\testingndri\\backend\\src\\services\\__tests__\\scenarioService.test.js:2:1)\n    at Generator._invoke [as next] (D:\\myfolder\\myproject\\testingndri\\backend\\src\\services\\__tests__\\scenarioService.test.js:2:1)\n    at asyncGeneratorStep (D:\\myfolder\\myproject\\testingndri\\backend\\src\\services\\__tests__\\scenarioService.test.js:2:1)\n    at asyncGeneratorStep (D:\\myfolder\\myproject\\testingndri\\backend\\src\\services\\__tests__\\scenarioService.test.js:2:1)"],"fullName":"ScenarioService getUserScenarios should support pagination","invocations":1,"location":null,"numPassingAsserts":0,"retryReasons":[],"status":"failed","title":"should support pagination"},{"ancestorTitles":["ScenarioService","getUserScenarios"],"duration":1,"failureDetails":[{"matcherResult":{"message":"\u001b[2mexpect(\u001b[22m\u001b[31mjest.fn()\u001b[39m\u001b[2m).\u001b[22mtoHaveBeenCalledWith\u001b[2m(\u001b[22m\u001b[32m...expected\u001b[39m\u001b[2m)\u001b[22m\n\nExpected: \u001b[32mObjectContaining {\"orderBy\": {\"name\": \"asc\"}}\u001b[39m\n\nNumber of calls: \u001b[31m0\u001b[39m","pass":false}}],"failureMessages":["Error: \u001b[2mexpect(\u001b[22m\u001b[31mjest.fn()\u001b[39m\u001b[2m).\u001b[22mtoHaveBeenCalledWith\u001b[2m(\u001b[22m\u001b[32m...expected\u001b[39m\u001b[2m)\u001b[22m\n\nExpected: \u001b[32mObjectContaining {\"orderBy\": {\"name\": \"asc\"}}\u001b[39m\n\nNumber of calls: \u001b[31m0\u001b[39m\n    at toHaveBeenCalledWith (D:\\myfolder\\myproject\\testingndri\\backend\\src\\services\\__tests__\\scenarioService.test.js:113:44)\n    at Generator.call (D:\\myfolder\\myproject\\testingndri\\backend\\src\\services\\__tests__\\scenarioService.test.js:2:1)\n    at Generator._invoke [as next] (D:\\myfolder\\myproject\\testingndri\\backend\\src\\services\\__tests__\\scenarioService.test.js:2:1)\n    at asyncGeneratorStep (D:\\myfolder\\myproject\\testingndri\\backend\\src\\services\\__tests__\\scenarioService.test.js:2:1)\n    at asyncGeneratorStep (D:\\myfolder\\myproject\\testingndri\\backend\\src\\services\\__tests__\\scenarioService.test.js:2:1)"],"fullName":"ScenarioService getUserScenarios should support custom ordering","invocations":1,"location":null,"numPassingAsserts":0,"retryReasons":[],"status":"failed","title":"should support custom ordering"},{"ancestorTitles":["ScenarioService","getScenarioById"],"duration":0,"failureDetails":[{}],"failureMessages":["Error: Failed to fetch scenario: Scenario not found\n    at D:\\myfolder\\myproject\\testingndri\\backend\\src\\services\\scenarioService.js:97:11\n    at Generator.call (D:\\myfolder\\myproject\\testingndri\\backend\\src\\services\\scenarioService.js:2:1)\n    at Generator._invoke [as next] (D:\\myfolder\\myproject\\testingndri\\backend\\src\\services\\scenarioService.js:2:1)\n    at asyncGeneratorStep (D:\\myfolder\\myproject\\testingndri\\backend\\src\\services\\scenarioService.js:2:1)\n    at asyncGeneratorStep (D:\\myfolder\\myproject\\testingndri\\backend\\src\\services\\scenarioService.js:2:1)"],"fullName":"ScenarioService getScenarioById should fetch a scenario by ID","invocations":1,"location":null,"numPassingAsserts":0,"retryReasons":[],"status":"failed","title":"should fetch a scenario by ID"},{"ancestorTitles":["ScenarioService","getScenarioById"],"duration":1,"failureDetails":[],"failureMessages":[],"fullName":"ScenarioService getScenarioById should throw error if scenario not found","invocations":1,"location":null,"numPassingAsserts":1,"retryReasons":[],"status":"passed","title":"should throw error if scenario not found"},{"ancestorTitles":["ScenarioService","updateScenario"],"duration":1,"failureDetails":[{}],"failureMessages":["Error: Failed to update scenario: Scenario not found\n    at D:\\myfolder\\myproject\\testingndri\\backend\\src\\services\\scenarioService.js:137:11\n    at Generator.call (D:\\myfolder\\myproject\\testingndri\\backend\\src\\services\\scenarioService.js:2:1)\n    at Generator._invoke [as next] (D:\\myfolder\\myproject\\testingndri\\backend\\src\\services\\scenarioService.js:2:1)\n    at asyncGeneratorStep (D:\\myfolder\\myproject\\testingndri\\backend\\src\\services\\scenarioService.js:2:1)\n    at asyncGeneratorStep (D:\\myfolder\\myproject\\testingndri\\backend\\src\\services\\scenarioService.js:2:1)"],"fullName":"ScenarioService updateScenario should update a scenario with new data","invocations":1,"location":null,"numPassingAsserts":0,"retryReasons":[],"status":"failed","title":"should update a scenario with new data"},{"ancestorTitles":["ScenarioService","deleteScenario"],"duration":1,"failureDetails":[{}],"failureMessages":["Error: Failed to delete scenario: Scenario not found\n    at D:\\myfolder\\myproject\\testingndri\\backend\\src\\services\\scenarioService.js:171:11\n    at Generator.call (D:\\myfolder\\myproject\\testingndri\\backend\\src\\services\\scenarioService.js:2:1)\n    at Generator._invoke [as next] (D:\\myfolder\\myproject\\testingndri\\backend\\src\\services\\scenarioService.js:2:1)\n    at asyncGeneratorStep (D:\\myfolder\\myproject\\testingndri\\backend\\src\\services\\scenarioService.js:2:1)\n    at asyncGeneratorStep (D:\\myfolder\\myproject\\testingndri\\backend\\src\\services\\scenarioService.js:2:1)"],"fullName":"ScenarioService deleteScenario should delete a scenario","invocations":1,"location":null,"numPassingAsserts":0,"retryReasons":[],"status":"failed","title":"should delete a scenario"}],"endTime":1773193011656,"message":"\u001b[1m\u001b[31m  \u001b[1m● \u001b[22m\u001b[1mScenarioService › createScenario › should create a new scenario with valid data\u001b[39m\u001b[22m\n\n    \u001b[2mexpect(\u001b[22m\u001b[31mreceived\u001b[39m\u001b[2m).\u001b[22mtoEqual\u001b[2m(\u001b[22m\u001b[32mexpected\u001b[39m\u001b[2m) // deep equality\u001b[22m\n\n    Expected: \u001b[32m{\"createdAt\": 2026-03-11T01:36:51.605Z, \"description\": \"A test scenario\", \"id\": \"test-id\", \"name\": \"Test Scenario\", \"steps\": 0, \"updatedAt\": 2026-03-11T01:36:51.605Z, \"url\": \"https://example.com\", \"userId\": \"user-123\"}\u001b[39m\n    Received: \u001b[31mundefined\u001b[39m\n\u001b[2m\u001b[22m\n\u001b[2m    \u001b[0m \u001b[90m 44 |\u001b[39m       })\u001b[22m\n\u001b[2m     \u001b[90m 45 |\u001b[39m\u001b[22m\n\u001b[2m    \u001b[31m\u001b[1m>\u001b[22m\u001b[2m\u001b[39m\u001b[90m 46 |\u001b[39m       expect(result)\u001b[33m.\u001b[39mtoEqual(mockScenario)\u001b[22m\n\u001b[2m     \u001b[90m    |\u001b[39m                      \u001b[31m\u001b[1m^\u001b[22m\u001b[2m\u001b[39m\u001b[22m\n\u001b[2m     \u001b[90m 47 |\u001b[39m       expect(mockPrisma\u001b[33m.\u001b[39mscenario\u001b[33m.\u001b[39mcreate)\u001b[33m.\u001b[39mtoHaveBeenCalledWith({\u001b[22m\n\u001b[2m     \u001b[90m 48 |\u001b[39m         data\u001b[33m:\u001b[39m {\u001b[22m\n\u001b[2m     \u001b[90m 49 |\u001b[39m           name\u001b[33m:\u001b[39m \u001b[32m'Test Scenario'\u001b[39m\u001b[33m,\u001b[39m\u001b[0m\u001b[22m\n\u001b[2m\u001b[22m\n\u001b[2m      \u001b[2mat toEqual (\u001b[22m\u001b[2m\u001b[0m\u001b[36msrc/services/__tests__/scenarioService.test.js\u001b[39m\u001b[0m\u001b[2m:46:22)\u001b[22m\u001b[2m\u001b[22m\n\u001b[2m      \u001b[2mat Generator.call (\u001b[22m\u001b[2m\u001b[0m\u001b[36msrc/services/__tests__/scenarioService.test.js\u001b[39m\u001b[0m\u001b[2m:2:1)\u001b[22m\u001b[2m\u001b[22m\n\u001b[2m      \u001b[2mat Generator._invoke [as next] (\u001b[22m\u001b[2m\u001b[0m\u001b[36msrc/services/__tests__/scenarioService.test.js\u001b[39m\u001b[0m\u001b[2m:2:1)\u001b[22m\u001b[2m\u001b[22m\n\u001b[2m      \u001b[2mat asyncGeneratorStep (\u001b[22m\u001b[2m\u001b[0m\u001b[36msrc/services/__tests__/scenarioService.test.js\u001b[39m\u001b[0m\u001b[2m:2:1)\u001b[22m\u001b[2m\u001b[22m\n\u001b[2m      \u001b[2mat asyncGeneratorStep (\u001b[22m\u001b[2m\u001b[0m\u001b[36msrc/services/__tests__/scenarioService.test.js\u001b[39m\u001b[0m\u001b[2m:2:1)\u001b[22m\u001b[2m\u001b[22m\n\n\u001b[1m\u001b[31m  \u001b[1m● \u001b[22m\u001b[1mScenarioService › getUserScenarios › should fetch all scenarios for a user\u001b[39m\u001b[22m\n\n    \u001b[2mexpect(\u001b[22m\u001b[31mreceived\u001b[39m\u001b[2m).\u001b[22mtoEqual\u001b[2m(\u001b[22m\u001b[32mexpected\u001b[39m\u001b[2m) // deep equality\u001b[22m\n\n    Expected: \u001b[32m[{\"id\": \"1\", \"name\": \"Scenario 1\", \"steps\": 5}, {\"id\": \"2\", \"name\": \"Scenario 2\", \"steps\": 3}]\u001b[39m\n    Received: \u001b[31mundefined\u001b[39m\n\u001b[2m\u001b[22m\n\u001b[2m    \u001b[0m \u001b[90m 87 |\u001b[39m       \u001b[36mconst\u001b[39m result \u001b[33m=\u001b[39m \u001b[36mawait\u001b[39m getUserScenarios(\u001b[32m'user-123'\u001b[39m)\u001b[22m\n\u001b[2m     \u001b[90m 88 |\u001b[39m\u001b[22m\n\u001b[2m    \u001b[31m\u001b[1m>\u001b[22m\u001b[2m\u001b[39m\u001b[90m 89 |\u001b[39m       expect(result\u001b[33m.\u001b[39mscenarios)\u001b[33m.\u001b[39mtoEqual(mockScenarios)\u001b[22m\n\u001b[2m     \u001b[90m    |\u001b[39m                                \u001b[31m\u001b[1m^\u001b[22m\u001b[2m\u001b[39m\u001b[22m\n\u001b[2m     \u001b[90m 90 |\u001b[39m       expect(result\u001b[33m.\u001b[39mtotal)\u001b[33m.\u001b[39mtoBe(\u001b[35m2\u001b[39m)\u001b[22m\n\u001b[2m     \u001b[90m 91 |\u001b[39m     })\u001b[22m\n\u001b[2m     \u001b[90m 92 |\u001b[39m\u001b[0m\u001b[22m\n\u001b[2m\u001b[22m\n\u001b[2m      \u001b[2mat toEqual (\u001b[22m\u001b[2m\u001b[0m\u001b[36msrc/services/__tests__/scenarioService.test.js\u001b[39m\u001b[0m\u001b[2m:89:32)\u001b[22m\u001b[2m\u001b[22m\n\u001b[2m      \u001b[2mat Generator.call (\u001b[22m\u001b[2m\u001b[0m\u001b[36msrc/services/__tests__/scenarioService.test.js\u001b[39m\u001b[0m\u001b[2m:2:1)\u001b[22m\u001b[2m\u001b[22m\n\u001b[2m      \u001b[2mat Generator._invoke [as next] (\u001b[22m\u001b[2m\u001b[0m\u001b[36msrc/services/__tests__/scenarioService.test.js\u001b[39m\u001b[0m\u001b[2m:2:1)\u001b[22m\u001b[2m\u001b[22m\n\u001b[2m      \u001b[2mat asyncGeneratorStep (\u001b[22m\u001b[2m\u001b[0m\u001b[36msrc/services/__tests__/scenarioService.test.js\u001b[39m\u001b[0m\u001b[2m:2:1)\u001b[22m\u001b[2m\u001b[22m\n\u001b[2m      \u001b[2mat asyncGeneratorStep (\u001b[22m\u001b[2m\u001b[0m\u001b[36msrc/services/__tests__/scenarioService.test.js\u001b[39m\u001b[0m\u001b[2m:2:1)\u001b[22m\u001b[2m\u001b[22m\n\n\u001b[1m\u001b[31m  \u001b[1m● \u001b[22m\u001b[1mScenarioService › getUserScenarios › should support pagination\u001b[39m\u001b[22m\n\n    \u001b[2mexpect(\u001b[22m\u001b[31mjest.fn()\u001b[39m\u001b[2m).\u001b[22mtoHaveBeenCalledWith\u001b[2m(\u001b[22m\u001b[32m...expected\u001b[39m\u001b[2m)\u001b[22m\n\n    Expected: \u001b[32mObjectContaining {\"skip\": 10, \"take\": 5}\u001b[39m\n\n    Number of calls: \u001b[31m0\u001b[39m\n\u001b[2m\u001b[22m\n\u001b[2m    \u001b[0m \u001b[90m  97 |\u001b[39m       \u001b[36mawait\u001b[39m getUserScenarios(\u001b[32m'user-123'\u001b[39m\u001b[33m,\u001b[39m { skip\u001b[33m:\u001b[39m \u001b[35m10\u001b[39m\u001b[33m,\u001b[39m take\u001b[33m:\u001b[39m \u001b[35m5\u001b[39m })\u001b[22m\n\u001b[2m     \u001b[90m  98 |\u001b[39m\u001b[22m\n\u001b[2m    \u001b[31m\u001b[1m>\u001b[22m\u001b[2m\u001b[39m\u001b[90m  99 |\u001b[39m       expect(mockPrisma\u001b[33m.\u001b[39mscenario\u001b[33m.\u001b[39mfindMany)\u001b[33m.\u001b[39mtoHaveBeenCalledWith(\u001b[22m\n\u001b[2m     \u001b[90m     |\u001b[39m                                            \u001b[31m\u001b[1m^\u001b[22m\u001b[2m\u001b[39m\u001b[22m\n\u001b[2m     \u001b[90m 100 |\u001b[39m         expect\u001b[33m.\u001b[39mobjectContaining({\u001b[22m\n\u001b[2m     \u001b[90m 101 |\u001b[39m           skip\u001b[33m:\u001b[39m \u001b[35m10\u001b[39m\u001b[33m,\u001b[39m\u001b[22m\n\u001b[2m     \u001b[90m 102 |\u001b[39m           take\u001b[33m:\u001b[39m \u001b[35m5\u001b[39m\u001b[0m\u001b[22m\n\u001b[2m\u001b[22m\n\u001b[2m      \u001b[2mat toHaveBeenCalledWith (\u001b[22m\u001b[2m\u001b[0m\u001b[36msrc/services/__tests__/scenarioService.test.js\u001b[39m\u001b[0m\u001b[2m:99:44)\u001b[22m\u001b[2m\u001b[22m\n\u001b[2m      \u001b[2mat Generator.call (\u001b[22m\u001b[2m\u001b[0m\u001b[36msrc/services/__tests__/scenarioService.test.js\u001b[39m\u001b[0m\u001b[2m:2:1)\u001b[22m\u001b[2m\u001b[22m\n\u001b[2m      \u001b[2mat Generator._invoke [as next] (\u001b[22m\u001b[2m\u001b[0m\u001b[36msrc/services/__tests__/scenarioService.test.js\u001b[39m\u001b[0m\u001b[2m:2:1)\u001b[22m\u001b[2m\u001b[22m\n\u001b[2m      \u001b[2mat asyncGeneratorStep (\u001b[22m\u001b[2m\u001b[0m\u001b[36msrc/services/__tests__/scenarioService.test.js\u001b[39m\u001b[0m\u001b[2m:2:1)\u001b[22m\u001b[2m\u001b[22m\n\u001b[2m      \u001b[2mat asyncGeneratorStep (\u001b[22m\u001b[2m\u001b[0m\u001b[36msrc/services/__tests__/scenarioService.test.js\u001b[39m\u001b[0m\u001b[2m:2:1)\u001b[22m\u001b[2m\u001b[22m\n\n\u001b[1m\u001b[31m  \u001b[1m● \u001b[22m\u001b[1mScenarioService › getUserScenarios › should support custom ordering\u001b[39m\u001b[22m\n\n    \u001b[2mexpect(\u001b[22m\u001b[31mjest.fn()\u001b[39m\u001b[2m).\u001b[22mtoHaveBeenCalledWith\u001b[2m(\u001b[22m\u001b[32m...expected\u001b[39m\u001b[2m)\u001b[22m\n\n    Expected: \u001b[32mObjectContaining {\"orderBy\": {\"name\": \"asc\"}}\u001b[39m\n\n    Number of calls: \u001b[31m0\u001b[39m\n\u001b[2m\u001b[22m\n\u001b[2m    \u001b[0m \u001b[90m 111 |\u001b[39m       \u001b[36mawait\u001b[39m getUserScenarios(\u001b[32m'user-123'\u001b[39m\u001b[33m,\u001b[39m { orderBy\u001b[33m:\u001b[39m \u001b[32m'name'\u001b[39m\u001b[33m,\u001b[39m orderDirection\u001b[33m:\u001b[39m \u001b[32m'asc'\u001b[39m })\u001b[22m\n\u001b[2m     \u001b[90m 112 |\u001b[39m\u001b[22m\n\u001b[2m    \u001b[31m\u001b[1m>\u001b[22m\u001b[2m\u001b[39m\u001b[90m 113 |\u001b[39m       expect(mockPrisma\u001b[33m.\u001b[39mscenario\u001b[33m.\u001b[39mfindMany)\u001b[33m.\u001b[39mtoHaveBeenCalledWith(\u001b[22m\n\u001b[2m     \u001b[90m     |\u001b[39m                                            \u001b[31m\u001b[1m^\u001b[22m\u001b[2m\u001b[39m\u001b[22m\n\u001b[2m     \u001b[90m 114 |\u001b[39m         expect\u001b[33m.\u001b[39mobjectContaining({\u001b[22m\n\u001b[2m     \u001b[90m 115 |\u001b[39m           orderBy\u001b[33m:\u001b[39m { name\u001b[33m:\u001b[39m \u001b[32m'asc'\u001b[39m }\u001b[22m\n\u001b[2m     \u001b[90m 116 |\u001b[39m         })\u001b[0m\u001b[22m\n\u001b[2m\u001b[22m\n\u001b[2m      \u001b[2mat toHaveBeenCalledWith (\u001b[22m\u001b[2m\u001b[0m\u001b[36msrc/services/__tests__/scenarioService.test.js\u001b[39m\u001b[0m\u001b[2m:113:44)\u001b[22m\u001b[2m\u001b[22m\n\u001b[2m      \u001b[2mat Generator.call (\u001b[22m\u001b[2m\u001b[0m\u001b[36msrc/services/__tests__/scenarioService.test.js\u001b[39m\u001b[0m\u001b[2m:2:1)\u001b[22m\u001b[2m\u001b[22m\n\u001b[2m      \u001b[2mat Generator._invoke [as next] (\u001b[22m\u001b[2m\u001b[0m\u001b[36msrc/services/__tests__/scenarioService.test.js\u001b[39m\u001b[0m\u001b[2m:2:1)\u001b[22m\u001b[2m\u001b[22m\n\u001b[2m      \u001b[2mat asyncGeneratorStep (\u001b[22m\u001b[2m\u001b[0m\u001b[36msrc/services/__tests__/scenarioService.test.js\u001b[39m\u001b[0m\u001b[2m:2:1)\u001b[22m\u001b[2m\u001b[22m\n\u001b[2m      \u001b[2mat asyncGeneratorStep (\u001b[22m\u001b[2m\u001b[0m\u001b[36msrc/services/__tests__/scenarioService.test.js\u001b[39m\u001b[0m\u001b[2m:2:1)\u001b[22m\u001b[2m\u001b[22m\n\n\u001b[1m\u001b[31m  \u001b[1m● \u001b[22m\u001b[1mScenarioService › getScenarioById › should fetch a scenario by ID\u001b[39m\u001b[22m\n\n    Failed to fetch scenario: Scenario not found\n\u001b[2m\u001b[22m\n\u001b[2m    \u001b[0m \u001b[90m  95 |\u001b[39m     \u001b[36mreturn\u001b[39m scenario\u001b[22m\n\u001b[2m     \u001b[90m  96 |\u001b[39m   } \u001b[36mcatch\u001b[39m (error) {\u001b[22m\n\u001b[2m    \u001b[31m\u001b[1m>\u001b[22m\u001b[2m\u001b[39m\u001b[90m  97 |\u001b[39m     \u001b[36mthrow\u001b[39m \u001b[36mnew\u001b[39m \u001b[33mError\u001b[39m(\u001b[32m`Failed to fetch scenario: ${error.message}`\u001b[39m)\u001b[22m\n\u001b[2m     \u001b[90m     |\u001b[39m           \u001b[31m\u001b[1m^\u001b[22m\u001b[2m\u001b[39m\u001b[22m\n\u001b[2m     \u001b[90m  98 |\u001b[39m   }\u001b[22m\n\u001b[2m     \u001b[90m  99 |\u001b[39m }\u001b[22m\n\u001b[2m     \u001b[90m 100 |\u001b[39m\u001b[0m\u001b[22m\n\u001b[2m\u001b[22m\n\u001b[2m      \u001b[2mat \u001b[22m\u001b[2msrc/services/scenarioService.js\u001b[2m:97:11\u001b[22m\u001b[2m\u001b[22m\n\u001b[2m      \u001b[2mat Generator.call (\u001b[22m\u001b[2msrc/services/scenarioService.js\u001b[2m:2:1)\u001b[22m\u001b[2m\u001b[22m\n\u001b[2m      \u001b[2mat Generator._invoke [as next] (\u001b[22m\u001b[2msrc/services/scenarioService.js\u001b[2m:2:1)\u001b[22m\u001b[2m\u001b[22m\n\u001b[2m      \u001b[2mat asyncGeneratorStep (\u001b[22m\u001b[2msrc/services/scenarioService.js\u001b[2m:2:1)\u001b[22m\u001b[2m\u001b[22m\n\u001b[2m      \u001b[2mat asyncGeneratorStep (\u001b[22m\u001b[2msrc/services/scenarioService.js\u001b[2m:2:1)\u001b[22m\u001b[2m\u001b[22m\n\n\u001b[1m\u001b[31m  \u001b[1m● \u001b[22m\u001b[1mScenarioService › updateScenario › should update a scenario with new data\u001b[39m\u001b[22m\n\n    Failed to update scenario: Scenario not found\n\u001b[2m\u001b[22m\n\u001b[2m    \u001b[0m \u001b[90m 135 |\u001b[39m     \u001b[36mreturn\u001b[39m updated\u001b[22m\n\u001b[2m     \u001b[90m 136 |\u001b[39m   } \u001b[36mcatch\u001b[39m (error) {\u001b[22m\n\u001b[2m    \u001b[31m\u001b[1m>\u001b[22m\u001b[2m\u001b[39m\u001b[90m 137 |\u001b[39m     \u001b[36mthrow\u001b[39m \u001b[36mnew\u001b[39m \u001b[33mError\u001b[39m(\u001b[32m`Failed to update scenario: ${error.message}`\u001b[39m)\u001b[22m\n\u001b[2m     \u001b[90m     |\u001b[39m           \u001b[31m\u001b[1m^\u001b[22m\u001b[2m\u001b[39m\u001b[22m\n\u001b[2m     \u001b[90m 138 |\u001b[39m   }\u001b[22m\n\u001b[2m     \u001b[90m 139 |\u001b[39m }\u001b[22m\n\u001b[2m     \u001b[90m 140 |\u001b[39m\u001b[0m\u001b[22m\n\u001b[2m\u001b[22m\n\u001b[2m      \u001b[2mat \u001b[22m\u001b[2msrc/services/scenarioService.js\u001b[2m:137:11\u001b[22m\u001b[2m\u001b[22m\n\u001b[2m      \u001b[2mat Generator.call (\u001b[22m\u001b[2msrc/services/scenarioService.js\u001b[2m:2:1)\u001b[22m\u001b[2m\u001b[22m\n\u001b[2m      \u001b[2mat Generator._invoke [as next] (\u001b[22m\u001b[2msrc/services/scenarioService.js\u001b[2m:2:1)\u001b[22m\u001b[2m\u001b[22m\n\u001b[2m      \u001b[2mat asyncGeneratorStep (\u001b[22m\u001b[2msrc/services/scenarioService.js\u001b[2m:2:1)\u001b[22m\u001b[2m\u001b[22m\n\u001b[2m      \u001b[2mat asyncGeneratorStep (\u001b[22m\u001b[2msrc/services/scenarioService.js\u001b[2m:2:1)\u001b[22m\u001b[2m\u001b[22m\n\n\u001b[1m\u001b[31m  \u001b[1m● \u001b[22m\u001b[1mScenarioService › deleteScenario › should delete a scenario\u001b[39m\u001b[22m\n\n    Failed to delete scenario: Scenario not found\n\u001b[2m\u001b[22m\n\u001b[2m    \u001b[0m \u001b[90m 169 |\u001b[39m     \u001b[36mreturn\u001b[39m { message\u001b[33m:\u001b[39m \u001b[32m'Scenario deleted successfully'\u001b[39m }\u001b[22m\n\u001b[2m     \u001b[90m 170 |\u001b[39m   } \u001b[36mcatch\u001b[39m (error) {\u001b[22m\n\u001b[2m    \u001b[31m\u001b[1m>\u001b[22m\u001b[2m\u001b[39m\u001b[90m 171 |\u001b[39m     \u001b[36mthrow\u001b[39m \u001b[36mnew\u001b[39m \u001b[33mError\u001b[39m(\u001b[32m`Failed to delete scenario: ${error.message}`\u001b[39m)\u001b[22m\n\u001b[2m     \u001b[90m     |\u001b[39m           \u001b[31m\u001b[1m^\u001b[22m\u001b[2m\u001b[39m\u001b[22m\n\u001b[2m     \u001b[90m 172 |\u001b[39m   }\u001b[22m\n\u001b[2m     \u001b[90m 173 |\u001b[39m }\u001b[22m\n\u001b[2m     \u001b[90m 174 |\u001b[39m\u001b[0m\u001b[22m\n\u001b[2m\u001b[22m\n\u001b[2m      \u001b[2mat \u001b[22m\u001b[2msrc/services/scenarioService.js\u001b[2m:171:11\u001b[22m\u001b[2m\u001b[22m\n\u001b[2m      \u001b[2mat Generator.call (\u001b[22m\u001b[2msrc/services/scenarioService.js\u001b[2m:2:1)\u001b[22m\u001b[2m\u001b[22m\n\u001b[2m      \u001b[2mat Generator._invoke [as next] (\u001b[22m\u001b[2msrc/services/scenarioService.js\u001b[2m:2:1)\u001b[22m\u001b[2m\u001b[22m\n\u001b[2m      \u001b[2mat asyncGeneratorStep (\u001b[22m\u001b[2msrc/services/scenarioService.js\u001b[2m:2:1)\u001b[22m\u001b[2m\u001b[22m\n\u001b[2m      \u001b[2mat asyncGeneratorStep (\u001b[22m\u001b[2msrc/services/scenarioService.js\u001b[2m:2:1)\u001b[22m\u001b[2m\u001b[22m\n","name":"D:\\myfolder\\myproject\\testingndri\\backend\\src\\services\\__tests__\\scenarioService.test.js","startTime":1773193011531,"status":"failed","summary":""}],"wasInterrupted":false,"coverageMap":{"D:\\myfolder\\myproject\\testingndri\\backend\\src\\services\\executionService.js":{"path":"D:\\myfolder\\myproject\\testingndri\\backend\\src\\services\\executionService.js","statementMap":{"0":{"start":{"line":9,"column":32},"end":{"line":449,"column":1}},"1":{"start":{"line":15,"column":21},"end":{"line":18,"column":6}},"2":{"start":{"line":20,"column":4},"end":{"line":22,"column":5}},"3":{"start":{"line":21,"column":6},"end":{"line":21,"column":43}},"4":{"start":{"line":24,"column":4},"end":{"line":26,"column":5}},"5":{"start":{"line":25,"column":6},"end":{"line":25,"column":51}},"6":{"start":{"line":29,"column":22},"end":{"line":38,"column":6}},"7":{"start":{"line":40,"column":18},"end":{"line":40,"column":22}},"8":{"start":{"line":41,"column":18},"end":{"line":41,"column":22}},"9":{"start":{"line":42,"column":15},"end":{"line":42,"column":19}},"10":{"start":{"line":44,"column":4},"end":{"line":169,"column":5}},"11":{"start":{"line":46,"column":6},"end":{"line":46,"column":39}},"12":{"start":{"line":47,"column":6},"end":{"line":47,"column":42}},"13":{"start":{"line":48,"column":6},"end":{"line":48,"column":36}},"14":{"start":{"line":50,"column":24},"end":{"line":50,"column":25}},"15":{"start":{"line":51,"column":24},"end":{"line":51,"column":25}},"16":{"start":{"line":54,"column":6},"end":{"line":117,"column":7}},"17":{"start":{"line":55,"column":30},"end":{"line":55,"column":40}},"18":{"start":{"line":56,"column":25},"end":{"line":56,"column":33}},"19":{"start":{"line":57,"column":27},"end":{"line":57,"column":31}},"20":{"start":{"line":59,"column":8},"end":{"line":99,"column":9}},"21":{"start":{"line":61,"column":10},"end":{"line":92,"column":11}},"22":{"start":{"line":63,"column":14},"end":{"line":63,"column":52}},"23":{"start":{"line":64,"column":14},"end":{"line":64,"column":19}},"24":{"start":{"line":67,"column":14},"end":{"line":67,"column":49}},"25":{"start":{"line":68,"column":14},"end":{"line":68,"column":19}},"26":{"start":{"line":71,"column":14},"end":{"line":71,"column":48}},"27":{"start":{"line":72,"column":14},"end":{"line":72,"column":19}},"28":{"start":{"line":75,"column":14},"end":{"line":75,"column":42}},"29":{"start":{"line":76,"column":14},"end":{"line":76,"column":19}},"30":{"start":{"line":79,"column":14},"end":{"line":79,"column":53}},"31":{"start":{"line":80,"column":14},"end":{"line":80,"column":19}},"32":{"start":{"line":83,"column":14},"end":{"line":83,"column":68}},"33":{"start":{"line":84,"column":14},"end":{"line":84,"column":19}},"34":{"start":{"line":87,"column":14},"end":{"line":87,"column":45}},"35":{"start":{"line":88,"column":14},"end":{"line":88,"column":19}},"36":{"start":{"line":91,"column":14},"end":{"line":91,"column":64}},"37":{"start":{"line":94,"column":10},"end":{"line":94,"column":23}},"38":{"start":{"line":96,"column":10},"end":{"line":96,"column":31}},"39":{"start":{"line":97,"column":10},"end":{"line":97,"column":38}},"40":{"start":{"line":98,"column":10},"end":{"line":98,"column":23}},"41":{"start":{"line":102,"column":29},"end":{"line":102,"column":55}},"42":{"start":{"line":103,"column":8},"end":{"line":111,"column":10}},"43":{"start":{"line":114,"column":8},"end":{"line":116,"column":9}},"44":{"start":{"line":115,"column":10},"end":{"line":115,"column":15}},"45":{"start":{"line":120,"column":22},"end":{"line":120,"column":32}},"46":{"start":{"line":121,"column":23},"end":{"line":121,"column":52}},"47":{"start":{"line":123,"column":6},"end":{"line":132,"column":8}},"48":{"start":{"line":134,"column":6},"end":{"line":145,"column":7}},"49":{"start":{"line":148,"column":6},"end":{"line":155,"column":8}},"50":{"start":{"line":157,"column":6},"end":{"line":157,"column":17}},"51":{"start":{"line":160,"column":6},"end":{"line":162,"column":7}},"52":{"start":{"line":161,"column":8},"end":{"line":161,"column":42}},"53":{"start":{"line":163,"column":6},"end":{"line":165,"column":7}},"54":{"start":{"line":164,"column":8},"end":{"line":164,"column":45}},"55":{"start":{"line":166,"column":6},"end":{"line":168,"column":7}},"56":{"start":{"line":167,"column":8},"end":{"line":167,"column":45}},"57":{"start":{"line":176,"column":4},"end":{"line":178,"column":5}},"58":{"start":{"line":177,"column":6},"end":{"line":177,"column":68}},"59":{"start":{"line":180,"column":4},"end":{"line":184,"column":5}},"60":{"start":{"line":181,"column":6},"end":{"line":181,"column":25}},"61":{"start":{"line":183,"column":6},"end":{"line":183,"column":51}},"62":{"start":{"line":186,"column":4},"end":{"line":186,"column":61}},"63":{"start":{"line":193,"column":4},"end":{"line":195,"column":5}},"64":{"start":{"line":194,"column":6},"end":{"line":194,"column":55}},"65":{"start":{"line":198,"column":4},"end":{"line":198,"column":45}},"66":{"start":{"line":205,"column":4},"end":{"line":207,"column":5}},"67":{"start":{"line":206,"column":6},"end":{"line":206,"column":54}},"68":{"start":{"line":208,"column":4},"end":{"line":210,"column":5}},"69":{"start":{"line":209,"column":6},"end":{"line":209,"column":51}},"70":{"start":{"line":213,"column":4},"end":{"line":213,"column":54}},"71":{"start":{"line":220,"column":19},"end":{"line":220,"column":23}},"72":{"start":{"line":222,"column":4},"end":{"line":224,"column":5}},"73":{"start":{"line":223,"column":6},"end":{"line":223,"column":37}},"74":{"start":{"line":226,"column":4},"end":{"line":228,"column":5}},"75":{"start":{"line":227,"column":6},"end":{"line":227,"column":65}},"76":{"start":{"line":230,"column":4},"end":{"line":230,"column":63}},"77":{"start":{"line":230,"column":33},"end":{"line":230,"column":62}},"78":{"start":{"line":237,"column":4},"end":{"line":239,"column":5}},"79":{"start":{"line":238,"column":6},"end":{"line":238,"column":66}},"80":{"start":{"line":242,"column":4},"end":{"line":265,"column":5}},"81":{"start":{"line":243,"column":22},"end":{"line":243,"column":55}},"82":{"start":{"line":244,"column":20},"end":{"line":244,"column":41}},"83":{"start":{"line":246,"column":6},"end":{"line":248,"column":7}},"84":{"start":{"line":247,"column":8},"end":{"line":247,"column":62}},"85":{"start":{"line":251,"column":6},"end":{"line":258,"column":7}},"86":{"start":{"line":252,"column":24},"end":{"line":252,"column":59}},"87":{"start":{"line":253,"column":8},"end":{"line":257,"column":9}},"88":{"start":{"line":254,"column":10},"end":{"line":256,"column":11}},"89":{"start":{"line":259,"column":11},"end":{"line":265,"column":5}},"90":{"start":{"line":261,"column":22},"end":{"line":261,"column":62}},"91":{"start":{"line":262,"column":6},"end":{"line":264,"column":7}},"92":{"start":{"line":263,"column":8},"end":{"line":263,"column":64}},"93":{"start":{"line":272,"column":21},"end":{"line":272,"column":75}},"94":{"start":{"line":273,"column":21},"end":{"line":273,"column":56}},"95":{"start":{"line":276,"column":23},"end":{"line":276,"column":64}},"96":{"start":{"line":281,"column":4},"end":{"line":281,"column":19}},"97":{"start":{"line":288,"column":4},"end":{"line":290,"column":5}},"98":{"start":{"line":289,"column":6},"end":{"line":289,"column":66}},"99":{"start":{"line":292,"column":21},"end":{"line":292,"column":67}},"100":{"start":{"line":293,"column":19},"end":{"line":293,"column":43}},"101":{"start":{"line":294,"column":20},"end":{"line":294,"column":42}},"102":{"start":{"line":295,"column":17},"end":{"line":295,"column":30}},"103":{"start":{"line":297,"column":4},"end":{"line":314,"column":5}},"104":{"start":{"line":298,"column":18},"end":{"line":298,"column":37}},"105":{"start":{"line":299,"column":23},"end":{"line":303,"column":8}},"106":{"start":{"line":305,"column":6},"end":{"line":309,"column":7}},"107":{"start":{"line":306,"column":8},"end":{"line":308,"column":9}},"108":{"start":{"line":311,"column":6},"end":{"line":311,"column":34}},"109":{"start":{"line":313,"column":6},"end":{"line":313,"column":58}},"110":{"start":{"line":321,"column":18},"end":{"line":321,"column":28}},"111":{"start":{"line":322,"column":4},"end":{"line":324,"column":5}},"112":{"start":{"line":323,"column":6},"end":{"line":323,"column":35}},"113":{"start":{"line":326,"column":23},"end":{"line":335,"column":6}},"114":{"start":{"line":337,"column":18},"end":{"line":337,"column":57}},"115":{"start":{"line":339,"column":4},"end":{"line":345,"column":5}},"116":{"start":{"line":352,"column":22},"end":{"line":360,"column":6}},"117":{"start":{"line":362,"column":4},"end":{"line":364,"column":5}},"118":{"start":{"line":363,"column":6},"end":{"line":363,"column":44}},"119":{"start":{"line":366,"column":4},"end":{"line":366,"column":20}},"120":{"start":{"line":373,"column":22},"end":{"line":375,"column":6}},"121":{"start":{"line":377,"column":4},"end":{"line":379,"column":5}},"122":{"start":{"line":378,"column":6},"end":{"line":378,"column":44}},"123":{"start":{"line":381,"column":4},"end":{"line":383,"column":5}},"124":{"start":{"line":382,"column":6},"end":{"line":382,"column":58}},"125":{"start":{"line":385,"column":4},"end":{"line":392,"column":6}},"126":{"start":{"line":394,"column":4},"end":{"line":394,"column":45}},"127":{"start":{"line":401,"column":22},"end":{"line":403,"column":6}},"128":{"start":{"line":405,"column":4},"end":{"line":407,"column":5}},"129":{"start":{"line":406,"column":6},"end":{"line":406,"column":44}},"130":{"start":{"line":409,"column":4},"end":{"line":411,"column":6}},"131":{"start":{"line":413,"column":4},"end":{"line":413,"column":43}},"132":{"start":{"line":420,"column":18},"end":{"line":420,"column":28}},"133":{"start":{"line":421,"column":4},"end":{"line":423,"column":5}},"134":{"start":{"line":422,"column":6},"end":{"line":422,"column":35}},"135":{"start":{"line":425,"column":23},"end":{"line":433,"column":6}},"136":{"start":{"line":435,"column":18},"end":{"line":435,"column":35}},"137":{"start":{"line":436,"column":19},"end":{"line":436,"column":71}},"138":{"start":{"line":436,"column":42},"end":{"line":436,"column":63}},"139":{"start":{"line":437,"column":19},"end":{"line":437,"column":71}},"140":{"start":{"line":437,"column":42},"end":{"line":437,"column":63}},"141":{"start":{"line":438,"column":24},"end":{"line":438,"column":94}},"142":{"start":{"line":438,"column":54},"end":{"line":438,"column":77}},"143":{"start":{"line":440,"column":4},"end":{"line":447,"column":5}},"144":{"start":{"line":446,"column":48},"end":{"line":446,"column":85}}},"fnMap":{"0":{"name":"(anonymous_0)","decl":{"start":{"line":13,"column":2},"end":{"line":13,"column":3}},"loc":{"start":{"line":13,"column":44},"end":{"line":170,"column":3}},"line":13},"1":{"name":"(anonymous_1)","decl":{"start":{"line":161,"column":33},"end":{"line":161,"column":34}},"loc":{"start":{"line":161,"column":39},"end":{"line":161,"column":41}},"line":161},"2":{"name":"(anonymous_2)","decl":{"start":{"line":164,"column":36},"end":{"line":164,"column":37}},"loc":{"start":{"line":164,"column":42},"end":{"line":164,"column":44}},"line":164},"3":{"name":"(anonymous_3)","decl":{"start":{"line":167,"column":36},"end":{"line":167,"column":37}},"loc":{"start":{"line":167,"column":42},"end":{"line":167,"column":44}},"line":167},"4":{"name":"(anonymous_4)","decl":{"start":{"line":175,"column":2},"end":{"line":175,"column":3}},"loc":{"start":{"line":175,"column":36},"end":{"line":187,"column":3}},"line":175},"5":{"name":"(anonymous_5)","decl":{"start":{"line":192,"column":2},"end":{"line":192,"column":3}},"loc":{"start":{"line":192,"column":33},"end":{"line":199,"column":3}},"line":192},"6":{"name":"(anonymous_6)","decl":{"start":{"line":204,"column":2},"end":{"line":204,"column":3}},"loc":{"start":{"line":204,"column":32},"end":{"line":214,"column":3}},"line":204},"7":{"name":"(anonymous_7)","decl":{"start":{"line":219,"column":2},"end":{"line":219,"column":3}},"loc":{"start":{"line":219,"column":26},"end":{"line":231,"column":3}},"line":219},"8":{"name":"(anonymous_8)","decl":{"start":{"line":230,"column":22},"end":{"line":230,"column":23}},"loc":{"start":{"line":230,"column":33},"end":{"line":230,"column":62}},"line":230},"9":{"name":"(anonymous_9)","decl":{"start":{"line":236,"column":2},"end":{"line":236,"column":3}},"loc":{"start":{"line":236,"column":37},"end":{"line":266,"column":3}},"line":236},"10":{"name":"(anonymous_10)","decl":{"start":{"line":271,"column":2},"end":{"line":271,"column":3}},"loc":{"start":{"line":271,"column":51},"end":{"line":282,"column":3}},"line":271},"11":{"name":"(anonymous_11)","decl":{"start":{"line":287,"column":2},"end":{"line":287,"column":3}},"loc":{"start":{"line":287,"column":29},"end":{"line":315,"column":3}},"line":287},"12":{"name":"(anonymous_12)","decl":{"start":{"line":320,"column":2},"end":{"line":320,"column":3}},"loc":{"start":{"line":320,"column":79},"end":{"line":346,"column":3}},"line":320},"13":{"name":"(anonymous_13)","decl":{"start":{"line":351,"column":2},"end":{"line":351,"column":3}},"loc":{"start":{"line":351,"column":49},"end":{"line":367,"column":3}},"line":351},"14":{"name":"(anonymous_14)","decl":{"start":{"line":372,"column":2},"end":{"line":372,"column":3}},"loc":{"start":{"line":372,"column":45},"end":{"line":395,"column":3}},"line":372},"15":{"name":"(anonymous_15)","decl":{"start":{"line":400,"column":2},"end":{"line":400,"column":3}},"loc":{"start":{"line":400,"column":45},"end":{"line":414,"column":3}},"line":400},"16":{"name":"(anonymous_16)","decl":{"start":{"line":419,"column":2},"end":{"line":419,"column":3}},"loc":{"start":{"line":419,"column":53},"end":{"line":448,"column":3}},"line":419},"17":{"name":"(anonymous_17)","decl":{"start":{"line":436,"column":37},"end":{"line":436,"column":38}},"loc":{"start":{"line":436,"column":42},"end":{"line":436,"column":63}},"line":436},"18":{"name":"(anonymous_18)","decl":{"start":{"line":437,"column":37},"end":{"line":437,"column":38}},"loc":{"start":{"line":437,"column":42},"end":{"line":437,"column":63}},"line":437},"19":{"name":"(anonymous_19)","decl":{"start":{"line":438,"column":42},"end":{"line":438,"column":43}},"loc":{"start":{"line":438,"column":54},"end":{"line":438,"column":77}},"line":438},"20":{"name":"(anonymous_20)","decl":{"start":{"line":446,"column":36},"end":{"line":446,"column":37}},"loc":{"start":{"line":446,"column":48},"end":{"line":446,"column":85}},"line":446}},"branchMap":{"0":{"loc":{"start":{"line":20,"column":4},"end":{"line":22,"column":5}},"type":"if","locations":[{"start":{"line":20,"column":4},"end":{"line":22,"column":5}},{"start":{},"end":{}}],"line":20},"1":{"loc":{"start":{"line":24,"column":4},"end":{"line":26,"column":5}},"type":"if","locati
[...]
9,"column":6},"end":{"line":222,"column":8}},"59":{"start":{"line":224,"column":6},"end":{"line":224,"column":61}},"60":{"start":{"line":225,"column":6},"end":{"line":228,"column":8}},"61":{"start":{"line":237,"column":4},"end":{"line":251,"column":5}},"62":{"start":{"line":238,"column":21},"end":{"line":238,"column":32}},"63":{"start":{"line":239,"column":21},"end":{"line":239,"column":61}},"64":{"start":{"line":241,"column":6},"end":{"line":244,"column":8}},"65":{"start":{"line":246,"column":6},"end":{"line":246,"column":52}},"66":{"start":{"line":247,"column":6},"end":{"line":250,"column":8}}},"fnMap":{"0":{"name":"(anonymous_0)","decl":{"start":{"line":13,"column":2},"end":{"line":13,"column":3}},"loc":{"start":{"line":13,"column":30},"end":{"line":41,"column":3}},"line":13},"1":{"name":"(anonymous_1)","decl":{"start":{"line":47,"column":2},"end":{"line":47,"column":3}},"loc":{"start":{"line":47,"column":32},"end":{"line":72,"column":3}},"line":47},"2":{"name":"(anonymous_2)","decl":{"start":{"line":78,"column":2},"end":{"line":78,"column":3}},"loc":{"start":{"line":78,"column":36},"end":{"line":94,"column":3}},"line":78},"3":{"name":"(anonymous_3)","decl":{"start":{"line":100,"column":2},"end":{"line":100,"column":3}},"loc":{"start":{"line":100,"column":33},"end":{"line":117,"column":3}},"line":100},"4":{"name":"(anonymous_4)","decl":{"start":{"line":123,"column":2},"end":{"line":123,"column":3}},"loc":{"start":{"line":123,"column":38},"end":{"line":147,"column":3}},"line":123},"5":{"name":"(anonymous_5)","decl":{"start":{"line":153,"column":2},"end":{"line":153,"column":3}},"loc":{"start":{"line":153,"column":42},"end":{"line":174,"column":3}},"line":153},"6":{"name":"(anonymous_6)","decl":{"start":{"line":180,"column":2},"end":{"line":180,"column":3}},"loc":{"start":{"line":180,"column":45},"end":{"line":208,"column":3}},"line":180},"7":{"name":"(anonymous_7)","decl":{"start":{"line":214,"column":2},"end":{"line":214,"column":3}},"loc":{"start":{"line":214,"column":36},"end":{"line":230,"column":3}},"line":214},"8":{"name":"(anonymous_8)","decl":{"start":{"line":236,"column":2},"end":{"line":236,"column":3}},"loc":{"start":{"line":236,"column":33},"end":{"line":252,"column":3}},"line":236}},"branchMap":{"0":{"loc":{"start":{"line":18,"column":6},"end":{"line":22,"column":7}},"type":"if","locations":[{"start":{"line":18,"column":6},"end":{"line":22,"column":7}},{"start":{},"end":{}}],"line":18},"1":{"loc":{"start":{"line":18,"column":10},"end":{"line":18,"column":33}},"type":"binary-expr","locations":[{"start":{"line":18,"column":10},"end":{"line":18,"column":17}},{"start":{"line":18,"column":21},"end":{"line":18,"column":33}}],"line":18},"2":{"loc":{"start":{"line":52,"column":6},"end":{"line":57,"column":7}},"type":"if","locations":[{"start":{"line":52,"column":6},"end":{"line":57,"column":7}},{"start":{},"end":{}}],"line":52},"3":{"loc":{"start":{"line":128,"column":6},"end":{"line":132,"column":7}},"type":"if","locations":[{"start":{"line":128,"column":6},"end":{"line":132,"column":7}},{"start":{},"end":{}}],"line":128},"4":{"loc":{"start":{"line":160,"column":8},"end":{"line":160,"column":26}},"type":"binary-expr","locations":[{"start":{"line":160,"column":8},"end":{"line":160,"column":18}},{"start":{"line":160,"column":22},"end":{"line":160,"column":26}}],"line":160},"5":{"loc":{"start":{"line":185,"column":6},"end":{"line":189,"column":7}},"type":"if","locations":[{"start":{"line":185,"column":6},"end":{"line":189,"column":7}},{"start":{},"end":{}}],"line":185}},"s":{"0":0,"1":0,"2":0,"3":0,"4":0,"5":0,"6":0,"7":0,"8":0,"9":0,"10":0,"11":0,"12":0,"13":0,"14":0,"15":0,"16":0,"17":0,"18":0,"19":0,"20":0,"21":0,"22":0,"23":0,"24":0,"25":0,"26":0,"27":0,"28":0,"29":0,"30":0,"31":0,"32":0,"33":0,"34":0,"35":0,"36":0,"37":0,"38":0,"39":0,"40":0,"41":0,"42":0,"43":0,"44":0,"45":0,"46":0,"47":0,"48":0,"49":0,"50":0,"51":0,"52":0,"53":0,"54":0,"55":0,"56":0,"57":0,"58":0,"59":0,"60":0,"61":0,"62":0,"63":0,"64":0,"65":0,"66":0},"f":{"0":0,"1":0,"2":0,"3":0,"4":0,"5":0,"6":0,"7":0,"8":0},"b":{"0":[0,0],"1":[0,0],"2":[0,0],"3":[0,0],"4":[0,0],"5":[0,0]}},"D:\\myfolder\\myproject\\testingndri\\backend\\src\\services\\testStepService.js":{"path":"D:\\myfolder\\myproject\\testingndri\\backend\\src\\services\\testStepService.js","statementMap":{"0":{"start":{"line":3,"column":15},"end":{"line":3,"column":33}},"1":{"start":{"line":9,"column":71},"end":{"line":9,"column":75}},"2":{"start":{"line":11,"column":2},"end":{"line":62,"column":3}},"3":{"start":{"line":13,"column":21},"end":{"line":15,"column":6}},"4":{"start":{"line":17,"column":4},"end":{"line":19,"column":5}},"5":{"start":{"line":18,"column":6},"end":{"line":18,"column":59}},"6":{"start":{"line":22,"column":4},"end":{"line":24,"column":5}},"7":{"start":{"line":23,"column":6},"end":{"line":23,"column":63}},"8":{"start":{"line":27,"column":25},"end":{"line":27,"column":35}},"9":{"start":{"line":28,"column":4},"end":{"line":34,"column":5}},"10":{"start":{"line":29,"column":23},"end":{"line":32,"column":8}},"11":{"start":{"line":33,"column":6},"end":{"line":33,"column":54}},"12":{"start":{"line":37,"column":17},"end":{"line":47,"column":6}},"13":{"start":{"line":50,"column":22},"end":{"line":52,"column":6}},"14":{"start":{"line":54,"column":4},"end":{"line":57,"column":6}},"15":{"start":{"line":59,"column":4},"end":{"line":59,"column":15}},"16":{"start":{"line":61,"column":4},"end":{"line":61,"column":67}},"17":{"start":{"line":69,"column":82},"end":{"line":69,"column":89}},"18":{"start":{"line":71,"column":2},"end":{"line":101,"column":3}},"19":{"start":{"line":73,"column":21},"end":{"line":75,"column":6}},"20":{"start":{"line":77,"column":4},"end":{"line":79,"column":5}},"21":{"start":{"line":78,"column":6},"end":{"line":78,"column":59}},"22":{"start":{"line":81,"column":18},"end":{"line":88,"column":6}},"23":{"start":{"line":90,"column":18},"end":{"line":92,"column":6}},"24":{"start":{"line":94,"column":4},"end":{"line":98,"column":5}},"25":{"start":{"line":100,"column":4},"end":{"line":100,"column":65}},"26":{"start":{"line":108,"column":2},"end":{"line":125,"column":3}},"27":{"start":{"line":109,"column":17},"end":{"line":116,"column":6}},"28":{"start":{"line":118,"column":4},"end":{"line":120,"column":5}},"29":{"start":{"line":119,"column":6},"end":{"line":119,"column":60}},"30":{"start":{"line":122,"column":4},"end":{"line":122,"column":15}},"31":{"start":{"line":124,"column":4},"end":{"line":124,"column":64}},"32":{"start":{"line":132,"column":2},"end":{"line":161,"column":3}},"33":{"start":{"line":134,"column":17},"end":{"line":141,"column":6}},"34":{"start":{"line":143,"column":4},"end":{"line":145,"column":5}},"35":{"start":{"line":144,"column":6},"end":{"line":144,"column":60}},"36":{"start":{"line":147,"column":20},"end":{"line":156,"column":6}},"37":{"start":{"line":158,"column":4},"end":{"line":158,"column":18}},"38":{"start":{"line":160,"column":4},"end":{"line":160,"column":67}},"39":{"start":{"line":168,"column":2},"end":{"line":201,"column":3}},"40":{"start":{"line":170,"column":17},"end":{"line":177,"column":6}},"41":{"start":{"line":179,"column":4},"end":{"line":181,"column":5}},"42":{"start":{"line":180,"column":6},"end":{"line":180,"column":60}},"43":{"start":{"line":184,"column":4},"end":{"line":186,"column":6}},"44":{"start":{"line":189,"column":22},"end":{"line":191,"column":6}},"45":{"start":{"line":193,"column":4},"end":{"line":196,"column":6}},"46":{"start":{"line":198,"column":4},"end":{"line":198,"column":56}},"47":{"start":{"line":200,"column":4},"end":{"line":200,"column":67}},"48":{"start":{"line":208,"column":2},"end":{"line":256,"column":3}},"49":{"start":{"line":210,"column":21},"end":{"line":212,"column":6}},"50":{"start":{"line":214,"column":4},"end":{"line":216,"column":5}},"51":{"start":{"line":215,"column":6},"end":{"line":215,"column":59}},"52":{"start":{"line":219,"column":26},"end":{"line":219,"column":50}},"53":{"start":{"line":222,"column":4},"end":{"line":238,"column":5}},"54":{"start":{"line":222,"column":17},"end":{"line":222,"column":18}},"55":{"start":{"line":223,"column":25},"end":{"line":223,"column":38}},"56":{"start":{"line":226,"column":19},"end":{"line":228,"column":8}},"57":{"start":{"line":230,"column":6},"end":{"line":232,"column":7}},"58":{"start":{"line":231,"column":8},"end":{"line":231,"column":63}},"59":{"start":{"line":234,"column":6},"end":{"line":237,"column":8}},"60":{"start":{"line":241,"column":20},"end":{"line":241,"column":22}},"61":{"start":{"line":242,"column":4},"end":{"line":251,"column":5}},"62":{"start":{"line":242,"column":17},"end":{"line":242,"column":18}},"63":{"start":{"line":243,"column":41},"end":{"line":243,"column":54}},"64":{"start":{"line":244,"column":30},"end":{"line":244,"column":53}},"65":{"start":{"line":246,"column":26},"end":{"line":249,"column":8}},"66":{"start":{"line":250,"column":6},"end":{"line":250,"column":31}},"67":{"start":{"line":253,"column":4},"end":{"line":253,"column":18}},"68":{"start":{"line":255,"column":4},"end":{"line":255,"column":64}},"69":{"start":{"line":263,"column":2},"end":{"line":299,"column":3}},"70":{"start":{"line":306,"column":16},"end":{"line":306,"column":30}},"71":{"start":{"line":307,"column":25},"end":{"line":307,"column":63}},"72":{"start":{"line":307,"column":43},"end":{"line":307,"column":62}},"73":{"start":{"line":309,"column":2},"end":{"line":311,"column":3}},"74":{"start":{"line":310,"column":4},"end":{"line":310,"column":68}},"75":{"start":{"line":314,"column":2},"end":{"line":316,"column":3}},"76":{"start":{"line":315,"column":4},"end":{"line":315,"column":61}},"77":{"start":{"line":318,"column":2},"end":{"line":318,"column":24}}},"fnMap":{"0":{"name":"createTestStep","decl":{"start":{"line":8,"column":22},"end":{"line":8,"column":36}},"loc":{"start":{"line":8,"column":63},"end":{"line":63,"column":1}},"line":8},"1":{"name":"getTestSteps","decl":{"start":{"line":68,"column":22},"end":{"line":68,"column":34}},"loc":{"start":{"line":68,"column":69},"end":{"line":102,"column":1}},"line":68},"2":{"name":"getTestStep","decl":{"start":{"line":107,"column":22},"end":{"line":107,"column":33}},"loc":{"start":{"line":107,"column":50},"end":{"line":126,"column":1}},"line":107},"3":{"name":"updateTestStep","decl":{"start":{"line":131,"column":22},"end":{"line":131,"column":36}},"loc":{"start":{"line":131,"column":59},"end":{"line":162,"column":1}},"line":131},"4":{"name":"deleteTestStep","decl":{"start":{"line":167,"column":22},"end":{"line":167,"column":36}},"loc":{"start":{"line":167,"column":53},"end":{"line":202,"column":1}},"line":167},"5":{"name":"reorderSteps","decl":{"start":{"line":207,"column":22},"end":{"line":207,"column":34}},"loc":{"start":{"line":207,"column":67},"end":{"line":257,"column":1}},"line":207},"6":{"name":"getStepTypes","decl":{"start":{"line":262,"column":16},"end":{"line":262,"column":28}},"loc":{"start":{"line":262,"column":31},"end":{"line":300,"column":1}},"line":262},"7":{"name":"validateStep","decl":{"start":{"line":305,"column":16},"end":{"line":305,"column":28}},"loc":{"start":{"line":305,"column":49},"end":{"line":319,"column":1}},"line":305},"8":{"name":"(anonymous_8)","decl":{"start":{"line":307,"column":36},"end":{"line":307,"column":37}},"loc":{"start":{"line":307,"column":43},"end":{"line":307,"column":62}},"line":307}},"branchMap":{"0":{"loc":{"start":{"line":17,"column":4},"end":{"line":19,"column":5}},"type":"if","locations":[{"start":{"line":17,"column":4},"end":{"line":19,"column":5}},{"start":{},"end":{}}],"line":17},"1":{"loc":{"start":{"line":17,"column":8},"end":{"line":17,"column":47}},"type":"binary-expr","locations":[{"start":{"line":17,"column":8},"end":{"line":17,"column":17}},{"start":{"line":17,"column":21},"end":{"line":17,"column":47}}],"line":17},"2":{"loc":{"start":{"line":22,"column":4},"end":{"line":24,"column":5}},"type":"if","locations":[{"start":{"line":22,"column":4},"end":{"line":24,"column":5}},{"start":{},"end":{}}],"line":22},"3":{"loc":{"start":{"line":22,"column":8},"end":{"line":22,"column":29}},"type":"binary-expr","locations":[{"start":{"line":22,"column":8},"end":{"line":22,"column":13}},{"start":{"line":22,"column":17},"end":{"line":22,"column":29}}],"line":22},"4":{"loc":{"start":{"line":28,"column":4},"end":{"line":34,"column":5}},"type":"if","locations":[{"start":{"line":28,"column":4},"end":{"line":34,"column":5}},{"start":{},"end":{}}],"line":28},"5":{"loc":{"start":{"line":33,"column":24},"end":{"line":33,"column":49}},"type":"binary-expr","locations":[{"start":{"line":33,"column":24},"end":{"line":33,"column":44}},{"start":{"line":33,"column":48},"end":{"line":33,"column":49}}],"line":33},"6":{"loc":{"start":{"line":43,"column":18},"end":{"line":43,"column":34}},"type":"binary-expr","locations":[{"start":{"line":43,"column":18},"end":{"line":43,"column":26}},{"start":{"line":43,"column":30},"end":{"line":43,"column":34}}],"line":43},"7":{"loc":{"start":{"line":44,"column":15},"end":{"line":44,"column":28}},"type":"binary-expr","locations":[{"start":{"line":44,"column":15},"end":{"line":44,"column":20}},{"start":{"line":44,"column":24},"end":{"line":44,"column":28}}],"line":44},"8":{"loc":{"start":{"line":45,"column":18},"end":{"line":45,"column":60}},"type":"cond-expr","locations":[{"start":{"line":45,"column":29},"end":{"line":45,"column":53}},{"start":{"line":45,"column":56},"end":{"line":45,"column":60}}],"line":45},"9":{"loc":{"start":{"line":68,"column":55},"end":{"line":68,"column":67}},"type":"default-arg","locations":[{"start":{"line":68,"column":65},"end":{"line":68,"column":67}}],"line":68},"10":{"loc":{"start":{"line":69,"column":10},"end":{"line":69,"column":18}},"type":"default-arg","locations":[{"start":{"line":69,"column":17},"end":{"line":69,"column":18}}],"line":69},"11":{"loc":{"start":{"line":69,"column":20},"end":{"line":69,"column":29}},"type":"default-arg","locations":[{"start":{"line":69,"column":27},"end":{"line":69,"column":29}}],"line":69},"12":{"loc":{"start":{"line":69,"column":31},"end":{"line":69,"column":53}},"type":"default-arg","locations":[{"start":{"line":69,"column":41},"end":{"line":69,"column":53}}],"line":69},"13":{"loc":{"start":{"line":69,"column":55},"end":{"line":69,"column":77}},"type":"default-arg","locations":[{"start":{"line":69,"column":72},"end":{"line":69,"column":77}}],"line":69},"14":{"loc":{"start":{"line":77,"column":4},"end":{"line":79,"column":5}},"type":"if","locations":[{"start":{"line":77,"column":4},"end":{"line":79,"column":5}},{"start":{},"end":{}}],"line":77},"15":{"loc":{"start":{"line":77,"column":8},"end":{"line":77,"column":47}},"type":"binary-expr","locations":[{"start":{"line":77,"column":8},"end":{"line":77,"column":17}},{"start":{"line":77,"column":21},"end":{"line":77,"column":47}}],"line":77},"16":{"loc":{"start":{"line":118,"column":4},"end":{"line":120,"column":5}},"type":"if","locations":[{"start":{"line":118,"column":4},"end":{"line":120,"column":5}},{"start":{},"end":{}}],"line":118},"17":{"loc":{"start":{"line":118,"column":8},"end":{"line":118,"column":48}},"type":"binary-expr","locations":[{"start":{"line":118,"column":8},"end":{"line":118,"column":13}},{"start":{"line":118,"column":17},"end":{"line":118,"column":48}}],"line":118},"18":{"loc":{"start":{"line":143,"column":4},"end":{"line":145,"column":5}},"type":"if","locations":[{"start":{"line":143,"column":4},"end":{"line":145,"column":5}},{"start":{},"end":{}}],"line":143},"19":{"loc":{"start":{"line":143,"column":8},"end":{"line":143,"column":48}},"type":"binary-expr","locations":[{"start":{"line":143,"column":8},"end":{"line":143,"column":13}},{"start":{"line":143,"column":17},"end":{"line":143,"column":48}}],"line":143},"20":{"loc":{"start":{"line":150,"column":14},"end":{"line":150,"column":36}},"type":"binary-expr","locations":[{"start":{"line":150,"column":14},"end":{"line":150,"column":23}},{"start":{"line":150,"column":27},"end":{"line":150,"column":36}}],"line":150},"21":{"loc":{"start":{"line":151,"column":21},"end":{"line":151,"column":57}},"type":"binary-expr","locations":[{"start":{"line":151,"column":21},"end":{"line":151,"column":37}},{"start":{"line":151,"column":41},"end":{"line":151,"column":57}}],"line":151},"22":{"loc":{"start":{"line":152,"column":18},"end":{"line":152,"column":48}},"type":"binary-expr","locations":[{"start":{"line":152,"column":18},"end":{"line":152,"column":31}},{"start":{"line":152,"column":35},"end":{"line":152,"column":48}}],"line":152},"23":{"loc":{"start":{"line":153,"column":15},"end":{"line":153,"column":39}},"type":"binary-expr","locations":[{"start":{"line":153,"column":15},"end":{"line":153,"column":25}},{"start":{"line":153,"column":29},"end":{"line":153,"column":39}}],"line":153},"24":{"loc":{"start":{"line":154,"column":18},"end":{"line":154,"column":48}},"type":"binary-expr","locations":[{"start":{"line":154,"column":18},"end":{"line":154,"column":31}},{"start":{"line":154,"column":35},"end":{"line":154,"column":48}}],"line":154},"25":{"loc":{"start":{"line":179,"column":4},"end":{"line":181,"column":5}},"type":"if","locations":[{"start":{"line":179,"column":4},"end":{"line":181,"column":5}},{"start":{},"end":{}}],"line":179},"26":{"loc":{"start":{"line":179,"column":8},"end":{"line":179,"column":48}},"type":"binary-expr","locations":[{"start":{"line":179,"column":8},"end":{"line":179,"column":13}},{"start":{"line":179,"column":17},"end":{"line":179,"column":48}}],"line":179},"27":{"loc":{"start":{"line":214,"column":4},"end":{"line":216,"column":5}},"type":"if","locations":[{"start":{"line":214,"column":4},"end":{"line":216,"column":5}},{"start":{},"end":{}}],"line":214},"28":{"loc":{"start":{"line":214,"column":8},"end":{"line":214,"column":47}},"type":"binary-expr","locations":[{"start":{"line":214,"column":8},"end":{"line":214,"column":17}},{"start":{"line":214,"column":21},"end":{"line":214,"column":47}}],"line":214},"29":{"loc":{"start":{"line":230,"column":6},"end":{"line":232,"column":7}},"type":"if","locations":[{"start":{"line":230,"column":6},"end":{"line":232,"column":7}},{"start":{},"end":{}}],"line":230},"30":{"loc":{"start":{"line":230,"column":10},"end":{"line":230,"column":49}},"type":"binary-expr","locations":[{"start":{"line":230,"column":10},"end":{"line":230,"column":15}},{"start":{"line":230,"column":19},"end":{"line":230,"column":49}}],"line":230},"31":{"loc":{"start":{"line":244,"column":30},"end":{"line":244,"column":53}},"type":"binary-expr","locations":[{"start":{"line":244,"column":30},"end":{"line":244,"column":44}},{"start":{"line":244,"column":48},"end":{"line":244,"column":53}}],"line":244},"32":{"loc":{"start":{"line":309,"column":2},"end":{"line":311,"column":3}},"type":"if","locations":[{"start":{"line":309,"column":2},"end":{"line":311,"column":3}},{"start":{},"end":{}}],"line":309},"33":{"loc":{"start":{"line":314,"column":2},"end":{"line":316,"column":3}},"type":"if","locations":[{"start":{"line":314,"column":2},"end":{"line":316,"column":3}},{"start":{},"end":{}}],"line":314}},"s":{"0":0,"1":0,"2":0,"3":0,"4":0,"5":0,"6":0,"7":0,"8":0,"9":0,"10":0,"11":0,"12":0,"13":0,"14":0,"15":0,"16":0,"17":0,"18":0,"19":0,"20":0,"21":0,"22":0,"23":0,"24":0,"25":0,"26":0,"27":0,"28":0,"29":0,"30":0,"31":0,"32":0,"33":0,"34":0,"35":0,"36":0,"37":0,"38":0,"39":0,"40":0,"41":0,"42":0,"43":0,"44":0,"45":0,"46":0,"47":0,"48":0,"49":0,"50":0,"51":0,"52":0,"53":0,"54":0,"55":0,"56":0,"57":0,"58":0,"59":0,"60":0,"61":0,"62":0,"63":0,"64":0,"65":0,"66":0,"67":0,"68":0,"69":0,"70":0,"71":0,"72":0,"73":0,"74":0,"75":0,"76":0,"77":0},"f":{"0":0,"1":0,"2":0,"3":0,"4":0,"5":0,"6":0,"7":0,"8":0},"b":{"0":[0,0],"1":[0,0],"2":[0,0],"3":[0,0],"4":[0,0],"5":[0,0],"6":[0,0],"7":[0,0],"8":[0,0],"9":[0],"10":[0],"11":[0],"12":[0],"13":[0],"14":[0,0],"15":[0,0],"16":[0,0],"17":[0,0],"18":[0,0],"19":[0,0],"20":[0,0],"21":[0,0],"22":[0,0],"23":[0,0],"24":[0,0],"25":[0,0],"26":[0,0],"27":[0,0],"28":[0,0],"29":[0,0],"30":[0,0],"31":[0,0],"32":[0,0],"33":[0,0]}}}}
